[18:04:48] [Server thread/INFO]: Starting minecraft server version 1.12.2
[18:04:56] [Server thread/INFO]: Loading properties
[18:04:56] [Server thread/INFO]: Default game type: SURVIVAL
[18:04:56] [Server thread/INFO]: Generating keypair
[18:04:57] [Server thread/INFO]: Starting Minecraft server on *:25565
[18:04:57] [Server thread/INFO]: Using default channel type
[18:05:03] [Server thread/INFO]: Preparing level "world"
[18:05:05] [Server thread/ERROR]: Parsing error loading built-in advancement minecraft:recipes/tools/wooden_shovel
com.google.gson.JsonSyntaxException: Unknown recipe 'minecraft:wooden_shovel'
	at net.minecraft.advancements.AdvancementRewards$Deserializer.deserialize(AdvancementRewards.java:204) ~[AdvancementRewards$Deserializer.class:?]
	at net.minecraft.advancements.AdvancementRewards$Deserializer.deserialize(AdvancementRewards.java:180) ~[AdvancementRewards$Deserializer.class:?]
	at com.google.gson.internal.bind.TreeTypeAdapter.read(TreeTypeAdapter.java:69) ~[TreeTypeAdapter.class:?]
	at com.google.gson.Gson.fromJson(Gson.java:887) ~[Gson.class:?]
	at com.google.gson.Gson.fromJson(Gson.java:952) ~[Gson.class:?]
	at com.google.gson.internal.bind.TreeTypeAdapter$GsonContextImpl.deserialize(TreeTypeAdapter.java:162) ~[TreeTypeAdapter$GsonContextImpl.class:?]
	at net.minecraft.util.JsonUtils.deserializeClass(JsonUtils.java:359) ~[JsonUtils.class:?]
	at net.minecraft.util.JsonUtils.deserializeClass(JsonUtils.java:381) ~[JsonUtils.class:?]
	at net.minecraft.advancements.Advancement$Builder.deserialize(Advancement.java:295) ~[Advancement$Builder.class:?]
	at net.minecraft.advancements.AdvancementManager$1.deserialize(AdvancementManager.java:50) ~[AdvancementManager$1.class:?]
	at net.minecraft.advancements.AdvancementManager$1.deserialize(AdvancementManager.java:46) ~[AdvancementManager$1.class:?]
	at com.google.gson.internal.bind.TreeTypeAdapter.read(TreeTypeAdapter.java:69) ~[TreeTypeAdapter.class:?]
	at net.minecraft.util.JsonUtils.gsonDeserialize(JsonUtils.java:435) ~[JsonUtils.class:?]
	at net.minecraft.util.JsonUtils.fromJson(JsonUtils.java:485) ~[JsonUtils.class:?]
	at net.minecraft.advancements.AdvancementManager.loadBuiltInAdvancements(AdvancementManager.java:185) [AdvancementManager.class:?]
	at net.minecraft.advancements.AdvancementManager.reload(AdvancementManager.java:69) [AdvancementManager.class:?]
	at net.minecraft.advancements.AdvancementManager.<init>(AdvancementManager.java:61) [AdvancementManager.class:?]
	at net.minecraft.world.WorldServer.init(WorldServer.java:162) [WorldServer.class:?]
	at net.minecraft.server.MinecraftServer.loadAllWorlds(MinecraftServer.java:337) [MinecraftServer.class:?]
	at net.minecraft.server.dedicated.DedicatedServer.init(DedicatedServer.java:273) [DedicatedServer.class:?]
	at net.minecraft.server.MinecraftServer.run(MinecraftServer.java:550) [MinecraftServer.class:?]
	at java.lang.Thread.run(Thread.java:748) [?:1.8.0_161]
[18:05:05] [Server thread/ERROR]: Parsing error loading built-in advancement minecraft:recipes/tools/wooden_pickaxe
com.google.gson.JsonSyntaxException: Unknown recipe 'minecraft:wooden_pickaxe'
	at net.minecraft.advancements.AdvancementRewards$Deserializer.deserialize(AdvancementRewards.java:204) ~[AdvancementRewards$Deserializer.class:?]
	at net.minecraft.advancements.AdvancementRewards$Deserializer.deserialize(AdvancementRewards.java:180) ~[AdvancementRewards$Deserializer.class:?]
	at com.google.gson.internal.bind.TreeTypeAdapter.read(TreeTypeAdapter.java:69) ~[TreeTypeAdapter.class:?]
	at com.google.gson.Gson.fromJson(Gson.java:887) ~[Gson.class:?]
	at com.google.gson.Gson.fromJson(Gson.java:952) ~[Gson.class:?]
	at com.google.gson.internal.bind.TreeTypeAdapter$GsonContextImpl.deserialize(TreeTypeAdapter.java:162) ~[TreeTypeAdapter$GsonContextImpl.class:?]
	at net.minecraft.util.JsonUtils.deserializeClass(JsonUtils.java:359) ~[JsonUtils.class:?]
	at net.minecraft.util.JsonUtils.deserializeClass(JsonUtils.java:381) ~[JsonUtils.class:?]
	at net.minecraft.advancements.Advancement$Builder.deserialize(Advancement.java:295) ~[Advancement$Builder.class:?]
	at net.minecraft.advancements.AdvancementManager$1.deserialize(AdvancementManager.java:50) ~[AdvancementManager$1.class:?]
	at net.minecraft.advancements.AdvancementManager$1.deserialize(AdvancementManager.java:46) ~[AdvancementManager$1.class:?]
	at com.google.gson.internal.bind.TreeTypeAdapter.read(TreeTypeAdapter.java:69) ~[TreeTypeAdapter.class:?]
	at net.minecraft.util.JsonUtils.gsonDeserialize(JsonUtils.java:435) ~[JsonUtils.class:?]
	at net.minecraft.util.JsonUtils.fromJson(JsonUtils.java:485) ~[JsonUtils.class:?]
	at net.minecraft.advancements.AdvancementManager.loadBuiltInAdvancements(AdvancementManager.java:185) [AdvancementManager.class:?]
	at net.minecraft.advancements.AdvancementManager.reload(AdvancementManager.java:69) [AdvancementManager.class:?]
	at net.minecraft.advancements.AdvancementManager.<init>(AdvancementManager.java:61) [AdvancementManager.class:?]
	at net.minecraft.world.WorldServer.init(WorldServer.java:162) [WorldServer.class:?]
	at net.minecraft.server.MinecraftServer.loadAllWorlds(MinecraftServer.java:337) [MinecraftServer.class:?]
	at net.minecraft.server.dedicated.DedicatedServer.init(DedicatedServer.java:273) [DedicatedServer.class:?]
	at net.minecraft.server.MinecraftServer.run(MinecraftServer.java:550) [MinecraftServer.class:?]
	at java.lang.Thread.run(Thread.java:748) [?:1.8.0_161]
[18:05:05] [Server thread/ERROR]: Parsing error loading built-in advancement minecraft:recipes/tools/wooden_hoe
com.google.gson.JsonSyntaxException: Unknown recipe 'minecraft:wooden_hoe'
	at net.minecraft.advancements.AdvancementRewards$Deserializer.deserialize(AdvancementRewards.java:204) ~[AdvancementRewards$Deserializer.class:?]
	at net.minecraft.advancements.AdvancementRewards$Deserializer.deserialize(AdvancementRewards.java:180) ~[AdvancementRewards$Deserializer.class:?]
	at com.google.gson.internal.bind.TreeTypeAdapter.read(TreeTypeAdapter.java:69) ~[TreeTypeAdapter.class:?]
	at com.google.gson.Gson.fromJson(Gson.java:887) ~[Gson.class:?]
	at com.google.gson.Gson.fromJson(Gson.java:952) ~[Gson.class:?]
	at com.google.gson.internal.bind.TreeTypeAdapter$GsonContextImpl.deserialize(TreeTypeAdapter.java:162) ~[TreeTypeAdapter$GsonContextImpl.class:?]
	at net.minecraft.util.JsonUtils.deserializeClass(JsonUtils.java:359) ~[JsonUtils.class:?]
	at net.minecraft.util.JsonUtils.deserializeClass(JsonUtils.java:381) ~[JsonUtils.class:?]
	at net.minecraft.advancements.Advancement$Builder.deserialize(Advancement.java:295) ~[Advancement$Builder.class:?]
	at net.minecraft.advancements.AdvancementManager$1.deserialize(AdvancementManager.java:50) ~[AdvancementManager$1.class:?]
	at net.minecraft.advancements.AdvancementManager$1.deserialize(AdvancementManager.java:46) ~[AdvancementManager$1.class:?]
	at com.google.gson.internal.bind.TreeTypeAdapter.read(TreeTypeAdapter.java:69) ~[TreeTypeAdapter.class:?]
	at net.minecraft.util.JsonUtils.gsonDeserialize(JsonUtils.java:435) ~[JsonUtils.class:?]
	at net.minecraft.util.JsonUtils.fromJson(JsonUtils.java:485) ~[JsonUtils.class:?]
	at net.minecraft.advancements.AdvancementManager.loadBuiltInAdvancements(AdvancementManager.java:185) [AdvancementManager.class:?]
	at net.minecraft.advancements.AdvancementManager.reload(AdvancementManager.java:69) [AdvancementManager.class:?]
	at net.minecraft.advancements.AdvancementManager.<init>(AdvancementManager.java:61) [AdvancementManager.class:?]
	at net.minecraft.world.WorldServer.init(WorldServer.java:162) [WorldServer.class:?]
	at net.minecraft.server.MinecraftServer.loadAllWorlds(MinecraftServer.java:337) [MinecraftServer.class:?]
	at net.minecraft.server.dedicated.DedicatedServer.init(DedicatedServer.java:273) [DedicatedServer.class:?]
	at net.minecraft.server.MinecraftServer.run(MinecraftServer.java:550) [MinecraftServer.class:?]
	at java.lang.Thread.run(Thread.java:748) [?:1.8.0_161]
[18:05:05] [Server thread/ERROR]: Parsing error loading built-in advancement minecraft:recipes/tools/wooden_axe
com.google.gson.JsonSyntaxException: Unknown recipe 'minecraft:wooden_axe'
	at net.minecraft.advancements.AdvancementRewards$Deserializer.deserialize(AdvancementRewards.java:204) ~[AdvancementRewards$Deserializer.class:?]
	at net.minecraft.advancements.AdvancementRewards$Deserializer.deserialize(AdvancementRewards.java:180) ~[AdvancementRewards$Deserializer.class:?]
	at com.google.gson.internal.bind.TreeTypeAdapter.read(TreeTypeAdapter.java:69) ~[TreeTypeAdapter.class:?]
	at com.google.gson.Gson.fromJson(Gson.java:887) ~[Gson.class:?]
	at com.google.gson.Gson.fromJson(Gson.java:952) ~[Gson.class:?]
	at com.google.gson.internal.bind.TreeTypeAdapter$GsonContextImpl.deserialize(TreeTypeAdapter.java:162) ~[TreeTypeAdapter$GsonContextImpl.class:?]
	at net.minecraft.util.JsonUtils.deserializeClass(JsonUtils.java:359) ~[JsonUtils.class:?]
	at net.minecraft.util.JsonUtils.deserializeClass(JsonUtils.java:381) ~[JsonUtils.class:?]
	at net.minecraft.advancements.Advancement$Builder.deserialize(Advancement.java:295) ~[Advancement$Builder.class:?]
	at net.minecraft.advancements.AdvancementManager$1.deserialize(AdvancementManager.java:50) ~[AdvancementManager$1.class:?]
	at net.minecraft.advancements.AdvancementManager$1.deserialize(AdvancementManager.java:46) ~[AdvancementManager$1.class:?]
	at com.google.gson.internal.bind.TreeTypeAdapter.read(TreeTypeAdapter.java:69) ~[TreeTypeAdapter.class:?]
	at net.minecraft.util.JsonUtils.gsonDeserialize(JsonUtils.java:435) ~[JsonUtils.class:?]
	at net.minecraft.util.JsonUtils.fromJson(JsonUtils.java:485) ~[JsonUtils.class:?]
	at net.minecraft.advancements.AdvancementManager.loadBuiltInAdvancements(AdvancementManager.java:185) [AdvancementManager.class:?]
	at net.minecraft.advancements.AdvancementManager.reload(AdvancementManager.java:69) [AdvancementManager.class:?]
	at net.minecraft.advancements.AdvancementManager.<init>(AdvancementManager.java:61) [AdvancementManager.class:?]
	at net.minecraft.world.WorldServer.init(WorldServer.java:162) [WorldServer.class:?]
	at net.minecraft.server.MinecraftServer.loadAllWorlds(MinecraftServer.java:337) [MinecraftServer.class:?]
	at net.minecraft.server.dedicated.DedicatedServer.init(DedicatedServer.java:273) [DedicatedServer.class:?]
	at net.minecraft.server.MinecraftServer.run(MinecraftServer.java:550) [MinecraftServer.class:?]
	at java.lang.Thread.run(Thread.java:748) [?:1.8.0_161]
[18:05:05] [Server thread/ERROR]: Parsing error loading built-in advancement minecraft:recipes/food/rabbit_stew_from_red_mushroom
com.google.gson.JsonSyntaxException: Unknown recipe 'minecraft:rabbit_stew_from_red_mushroom'
	at net.minecraft.advancements.AdvancementRewards$Deserializer.deserialize(AdvancementRewards.java:204) ~[AdvancementRewards$Deserializer.class:?]
	at net.minecraft.advancements.AdvancementRewards$Deserializer.deserialize(AdvancementRewards.java:180) ~[AdvancementRewards$Deserializer.class:?]
	at com.google.gson.internal.bind.TreeTypeAdapter.read(TreeTypeAdapter.java:69) ~[TreeTypeAdapter.class:?]
	at com.google.gson.Gson.fromJson(Gson.java:887) ~[Gson.class:?]
	at com.google.gson.Gson.fromJson(Gson.java:952) ~[Gson.class:?]
	at com.google.gson.internal.bind.TreeTypeAdapter$GsonContextImpl.deserialize(TreeTypeAdapter.java:162) ~[TreeTypeAdapter$GsonContextImpl.class:?]
	at net.minecraft.util.JsonUtils.deserializeClass(JsonUtils.java:359) ~[JsonUtils.class:?]
	at net.minecraft.util.JsonUtils.deserializeClass(JsonUtils.java:381) ~[JsonUtils.class:?]
	at net.minecraft.advancements.Advancement$Builder.deserialize(Advancement.java:295) ~[Advancement$Builder.class:?]
	at net.minecraft.advancements.AdvancementManager$1.deserialize(AdvancementManager.java:50) ~[AdvancementManager$1.class:?]
	at net.minecraft.advancements.AdvancementManager$1.deserialize(AdvancementManager.java:46) ~[AdvancementManager$1.class:?]
	at com.google.gson.internal.bind.TreeTypeAdapter.read(TreeTypeAdapter.java:69) ~[TreeTypeAdapter.class:?]
	at net.minecraft.util.JsonUtils.gsonDeserialize(JsonUtils.java:435) ~[JsonUtils.class:?]
	at net.minecraft.util.JsonUtils.fromJson(JsonUtils.java:485) ~[JsonUtils.class:?]
	at net.minecraft.advancements.AdvancementManager.loadBuiltInAdvancements(AdvancementManager.java:185) [AdvancementManager.class:?]
	at net.minecraft.advancements.AdvancementManager.reload(AdvancementManager.java:69) [AdvancementManager.class:?]
	at net.minecraft.advancements.AdvancementManager.<init>(AdvancementManager.java:61) [AdvancementManager.class:?]
	at net.minecraft.world.WorldServer.init(WorldServer.java:162) [WorldServer.class:?]
	at net.minecraft.server.MinecraftServer.loadAllWorlds(MinecraftServer.java:337) [MinecraftServer.class:?]
	at net.minecraft.server.dedicated.DedicatedServer.init(DedicatedServer.java:273) [DedicatedServer.class:?]
	at net.minecraft.server.MinecraftServer.run(MinecraftServer.java:550) [MinecraftServer.class:?]
	at java.lang.Thread.run(Thread.java:748) [?:1.8.0_161]
[18:05:05] [Server thread/ERROR]: Parsing error loading built-in advancement minecraft:recipes/food/rabbit_stew_from_brown_mushroom
com.google.gson.JsonSyntaxException: Unknown recipe 'minecraft:rabbit_stew_from_brown_mushroom'
	at net.minecraft.advancements.AdvancementRewards$Deserializer.deserialize(AdvancementRewards.java:204) ~[AdvancementRewards$Deserializer.class:?]
	at net.minecraft.advancements.AdvancementRewards$Deserializer.deserialize(AdvancementRewards.java:180) ~[AdvancementRewards$Deserializer.class:?]
	at com.google.gson.internal.bind.TreeTypeAdapter.read(TreeTypeAdapter.java:69) ~[TreeTypeAdapter.class:?]
	at com.google.gson.Gson.fromJson(Gson.java:887) ~[Gson.class:?]
	at com.google.gson.Gson.fromJson(Gson.java:952) ~[Gson.class:?]
	at com.google.gson.internal.bind.TreeTypeAdapter$GsonContextImpl.deserialize(TreeTypeAdapter.java:162) ~[TreeTypeAdapter$GsonContextImpl.class:?]
	at net.minecraft.util.JsonUtils.deserializeClass(JsonUtils.java:359) ~[JsonUtils.class:?]
	at net.minecraft.util.JsonUtils.deserializeClass(JsonUtils.java:381) ~[JsonUtils.class:?]
	at net.minecraft.advancements.Advancement$Builder.deserialize(Advancement.java:295) ~[Advancement$Builder.class:?]
	at net.minecraft.advancements.AdvancementManager$1.deserialize(AdvancementManager.java:50) ~[AdvancementManager$1.class:?]
	at net.minecraft.advancements.AdvancementManager$1.deserialize(AdvancementManager.java:46) ~[AdvancementManager$1.class:?]
	at com.google.gson.internal.bind.TreeTypeAdapter.read(TreeTypeAdapter.java:69) ~[TreeTypeAdapter.class:?]
	at net.minecraft.util.JsonUtils.gsonDeserialize(JsonUtils.java:435) ~[JsonUtils.class:?]
	at net.minecraft.util.JsonUtils.fromJson(JsonUtils.java:485) ~[JsonUtils.class:?]
	at net.minecraft.advancements.AdvancementManager.loadBuiltInAdvancements(AdvancementManager.java:185) [AdvancementManager.class:?]
	at net.minecraft.advancements.AdvancementManager.reload(AdvancementManager.java:69) [AdvancementManager.class:?]
	at net.minecraft.advancements.AdvancementManager.<init>(AdvancementManager.java:61) [AdvancementManager.class:?]
	at net.minecraft.world.WorldServer.init(WorldServer.java:162) [WorldServer.class:?]
	at net.minecraft.server.MinecraftServer.loadAllWorlds(MinecraftServer.java:337) [MinecraftServer.class:?]
	at net.minecraft.server.dedicated.DedicatedServer.init(DedicatedServer.java:273) [DedicatedServer.class:?]
	at net.minecraft.server.MinecraftServer.run(MinecraftServer.java:550) [MinecraftServer.class:?]
	at java.lang.Thread.run(Thread.java:748) [?:1.8.0_161]
[18:05:05] [Server thread/ERROR]: Parsing error loading built-in advancement minecraft:recipes/food/pumpkin_pie
com.google.gson.JsonSyntaxException: Unknown recipe 'minecraft:pumpkin_pie'
	at net.minecraft.advancements.AdvancementRewards$Deserializer.deserialize(AdvancementRewards.java:204) ~[AdvancementRewards$Deserializer.class:?]
	at net.minecraft.advancements.AdvancementRewards$Deserializer.deserialize(AdvancementRewards.java:180) ~[AdvancementRewards$Deserializer.class:?]
	at com.google.gson.internal.bind.TreeTypeAdapter.read(TreeTypeAdapter.java:69) ~[TreeTypeAdapter.class:?]
	at com.google.gson.Gson.fromJson(Gson.java:887) ~[Gson.class:?]
	at com.google.gson.Gson.fromJson(Gson.java:952) ~[Gson.class:?]
	at com.google.gson.internal.bind.TreeTypeAdapter$GsonContextImpl.deserialize(TreeTypeAdapter.java:162) ~[TreeTypeAdapter$GsonContextImpl.class:?]
	at net.minecraft.util.JsonUtils.deserializeClass(JsonUtils.java:359) ~[JsonUtils.class:?]
	at net.minecraft.util.JsonUtils.deserializeClass(JsonUtils.java:381) ~[JsonUtils.class:?]
	at net.minecraft.advancements.Advancement$Builder.deserialize(Advancement.java:295) ~[Advancement$Builder.class:?]
	at net.minecraft.advancements.AdvancementManager$1.deserialize(AdvancementManager.java:50) ~[AdvancementManager$1.class:?]
	at net.minecraft.advancements.AdvancementManager$1.deserialize(AdvancementManager.java:46) ~[AdvancementManager$1.class:?]
	at com.google.gson.internal.bind.TreeTypeAdapter.read(TreeTypeAdapter.java:69) ~[TreeTypeAdapter.class:?]
	at net.minecraft.util.JsonUtils.gsonDeserialize(JsonUtils.java:435) ~[JsonUtils.class:?]
	at net.minecraft.util.JsonUtils.fromJson(JsonUtils.java:485) ~[JsonUtils.class:?]
	at net.minecraft.advancements.AdvancementManager.loadBuiltInAdvancements(AdvancementManager.java:185) [AdvancementManager.class:?]
	at net.minecraft.advancements.AdvancementManager.reload(AdvancementManager.java:69) [AdvancementManager.class:?]
	at net.minecraft.advancements.AdvancementManager.<init>(AdvancementManager.java:61) [AdvancementManager.class:?]
	at net.minecraft.world.WorldServer.init(WorldServer.java:162) [WorldServer.class:?]
	at net.minecraft.server.MinecraftServer.loadAllWorlds(MinecraftServer.java:337) [MinecraftServer.class:?]
	at net.minecraft.server.dedicated.DedicatedServer.init(DedicatedServer.java:273) [DedicatedServer.class:?]
	at net.minecraft.server.MinecraftServer.run(MinecraftServer.java:550) [MinecraftServer.class:?]
	at java.lang.Thread.run(Thread.java:748) [?:1.8.0_161]
[18:05:05] [Server thread/ERROR]: Parsing error loading built-in advancement minecraft:recipes/food/mushroom_stew
com.google.gson.JsonSyntaxException: Unknown recipe 'minecraft:mushroom_stew'
	at net.minecraft.advancements.AdvancementRewards$Deserializer.deserialize(AdvancementRewards.java:204) ~[AdvancementRewards$Deserializer.class:?]
	at net.minecraft.advancements.AdvancementRewards$Deserializer.deserialize(AdvancementRewards.java:180) ~[AdvancementRewards$Deserializer.class:?]
	at com.google.gson.internal.bind.TreeTypeAdapter.read(TreeTypeAdapter.java:69) ~[TreeTypeAdapter.class:?]
	at com.google.gson.Gson.fromJson(Gson.java:887) ~[Gson.class:?]
	at com.google.gson.Gson.fromJson(Gson.java:952) ~[Gson.class:?]
	at com.google.gson.internal.bind.TreeTypeAdapter$GsonContextImpl.deserialize(TreeTypeAdapter.java:162) ~[TreeTypeAdapter$GsonContextImpl.class:?]
	at net.minecraft.util.JsonUtils.deserializeClass(JsonUtils.java:359) ~[JsonUtils.class:?]
	at net.minecraft.util.JsonUtils.deserializeClass(JsonUtils.java:381) ~[JsonUtils.class:?]
	at net.minecraft.advancements.Advancement$Builder.deserialize(Advancement.java:295) ~[Advancement$Builder.class:?]
	at net.minecraft.advancements.AdvancementManager$1.deserialize(AdvancementManager.java:50) ~[AdvancementManager$1.class:?]
	at net.minecraft.advancements.AdvancementManager$1.deserialize(AdvancementManager.java:46) ~[AdvancementManager$1.class:?]
	at com.google.gson.internal.bind.TreeTypeAdapter.read(TreeTypeAdapter.java:69) ~[TreeTypeAdapter.class:?]
	at net.minecraft.util.JsonUtils.gsonDeserialize(JsonUtils.java:435) ~[JsonUtils.class:?]
	at net.minecraft.util.JsonUtils.fromJson(JsonUtils.java:485) ~[JsonUtils.class:?]
	at net.minecraft.advancements.AdvancementManager.loadBuiltInAdvancements(AdvancementManager.java:185) [AdvancementManager.class:?]
	at net.minecraft.advancements.AdvancementManager.reload(AdvancementManager.java:69) [AdvancementManager.class:?]
	at net.minecraft.advancements.AdvancementManager.<init>(AdvancementManager.java:61) [AdvancementManager.class:?]
	at net.minecraft.world.WorldServer.init(WorldServer.java:162) [WorldServer.class:?]
	at net.minecraft.server.MinecraftServer.loadAllWorlds(MinecraftServer.java:337) [MinecraftServer.class:?]
	at net.minecraft.server.dedicated.DedicatedServer.init(DedicatedServer.java:273) [DedicatedServer.class:?]
	at net.minecraft.server.MinecraftServer.run(MinecraftServer.java:550) [MinecraftServer.class:?]
	at java.lang.Thread.run(Thread.java:748) [?:1.8.0_161]
[18:05:05] [Server thread/ERROR]: Parsing error loading built-in advancement minecraft:recipes/food/golden_apple
com.google.gson.JsonSyntaxException: Unknown recipe 'minecraft:golden_apple'
	at net.minecraft.advancements.AdvancementRewards$Deserializer.deserialize(AdvancementRewards.java:204) ~[AdvancementRewards$Deserializer.class:?]
	at net.minecraft.advancements.AdvancementRewards$Deserializer.deserialize(AdvancementRewards.java:180) ~[AdvancementRewards$Deserializer.class:?]
	at com.google.gson.internal.bind.TreeTypeAdapter.read(TreeTypeAdapter.java:69) ~[TreeTypeAdapter.class:?]
	at com.google.gson.Gson.fromJson(Gson.java:887) ~[Gson.class:?]
	at com.google.gson.Gson.fromJson(Gson.java:952) ~[Gson.class:?]
	at com.google.gson.internal.bind.TreeTypeAdapter$GsonContextImpl.deserialize(TreeTypeAdapter.java:162) ~[TreeTypeAdapter$GsonContextImpl.class:?]
	at net.minecraft.util.JsonUtils.deserializeClass(JsonUtils.java:359) ~[JsonUtils.class:?]
	at net.minecraft.util.JsonUtils.deserializeClass(JsonUtils.java:381) ~[JsonUtils.class:?]
	at net.minecraft.advancements.Advancement$Builder.deserialize(Advancement.java:295) ~[Advancement$Builder.class:?]
	at net.minecraft.advancements.AdvancementManager$1.deserialize(AdvancementManager.java:50) ~[AdvancementManager$1.class:?]
	at net.minecraft.advancements.AdvancementManager$1.deserialize(AdvancementManager.java:46) ~[AdvancementManager$1.class:?]
	at com.google.gson.internal.bind.TreeTypeAdapter.read(TreeTypeAdapter.java:69) ~[TreeTypeAdapter.class:?]
	at net.minecraft.util.JsonUtils.gsonDeserialize(JsonUtils.java:435) ~[JsonUtils.class:?]
	at net.minecraft.util.JsonUtils.fromJson(JsonUtils.java:485) ~[JsonUtils.class:?]
	at net.minecraft.advancements.AdvancementManager.loadBuiltInAdvancements(AdvancementManager.java:185) [AdvancementManager.class:?]
	at net.minecraft.advancements.AdvancementManager.reload(AdvancementManager.java:69) [AdvancementManager.class:?]
	at net.minecraft.advancements.AdvancementManager.<init>(AdvancementManager.java:61) [AdvancementManager.class:?]
	at net.minecraft.world.WorldServer.init(WorldServer.java:162) [WorldServer.class:?]
	at net.minecraft.server.MinecraftServer.loadAllWorlds(MinecraftServer.java:337) [MinecraftServer.class:?]
	at net.minecraft.server.dedicated.DedicatedServer.init(DedicatedServer.java:273) [DedicatedServer.class:?]
	at net.minecraft.server.MinecraftServer.run(MinecraftServer.java:550) [MinecraftServer.class:?]
	at java.lang.Thread.run(Thread.java:748) [?:1.8.0_161]
[18:05:05] [Server thread/ERROR]: Parsing error loading built-in advancement minecraft:recipes/food/cookie
com.google.gson.JsonSyntaxException: Unknown recipe 'minecraft:cookie'
	at net.minecraft.advancements.AdvancementRewards$Deserializer.deserialize(AdvancementRewards.java:204) ~[AdvancementRewards$Deserializer.class:?]
	at net.minecraft.advancements.AdvancementRewards$Deserializer.deserialize(AdvancementRewards.java:180) ~[AdvancementRewards$Deserializer.class:?]
	at com.google.gson.internal.bind.TreeTypeAdapter.read(TreeTypeAdapter.java:69) ~[TreeTypeAdapter.class:?]
	at com.google.gson.Gson.fromJson(Gson.java:887) ~[Gson.class:?]
	at com.google.gson.Gson.fromJson(Gson.java:952) ~[Gson.class:?]
	at com.google.gson.internal.bind.TreeTypeAdapter$GsonContextImpl.deserialize(TreeTypeAdapter.java:162) ~[TreeTypeAdapter$GsonContextImpl.class:?]
	at net.minecraft.util.JsonUtils.deserializeClass(JsonUtils.java:359) ~[JsonUtils.class:?]
	at net.minecraft.util.JsonUtils.deserializeClass(JsonUtils.java:381) ~[JsonUtils.class:?]
	at net.minecraft.advancements.Advancement$Builder.deserialize(Advancement.java:295) ~[Advancement$Builder.class:?]
	at net.minecraft.advancements.AdvancementManager$1.deserialize(AdvancementManager.java:50) ~[AdvancementManager$1.class:?]
	at net.minecraft.advancements.AdvancementManager$1.deserialize(AdvancementManager.java:46) ~[AdvancementManager$1.class:?]
	at com.google.gson.internal.bind.TreeTypeAdapter.read(TreeTypeAdapter.java:69) ~[TreeTypeAdapter.class:?]
	at net.minecraft.util.JsonUtils.gsonDeserialize(JsonUtils.java:435) ~[JsonUtils.class:?]
	at net.minecraft.util.JsonUtils.fromJson(JsonUtils.java:485) ~[JsonUtils.class:?]
	at net.minecraft.advancements.AdvancementManager.loadBuiltInAdvancements(AdvancementManager.java:185) [AdvancementManager.class:?]
	at net.minecraft.advancements.AdvancementManager.reload(AdvancementManager.java:69) [AdvancementManager.class:?]
	at net.minecraft.advancements.AdvancementManager.<init>(AdvancementManager.java:61) [AdvancementManager.class:?]
	at net.minecraft.world.WorldServer.init(WorldServer.java:162) [WorldServer.class:?]
	at net.minecraft.server.MinecraftServer.loadAllWorlds(MinecraftServer.java:337) [MinecraftServer.class:?]
	at net.minecraft.server.dedicated.DedicatedServer.init(DedicatedServer.java:273) [DedicatedServer.class:?]
	at net.minecraft.server.MinecraftServer.run(MinecraftServer.java:550) [MinecraftServer.class:?]
	at java.lang.Thread.run(Thread.java:748) [?:1.8.0_161]
[18:05:05] [Server thread/ERROR]: Parsing error loading built-in advancement minecraft:recipes/food/bread
com.google.gson.JsonSyntaxException: Unknown recipe 'minecraft:bread'
	at net.minecraft.advancements.AdvancementRewards$Deserializer.deserialize(AdvancementRewards.java:204) ~[AdvancementRewards$Deserializer.class:?]
	at net.minecraft.advancements.AdvancementRewards$Deserializer.deserialize(AdvancementRewards.java:180) ~[AdvancementRewards$Deserializer.class:?]
	at com.google.gson.internal.bind.TreeTypeAdapter.read(TreeTypeAdapter.java:69) ~[TreeTypeAdapter.class:?]
	at com.google.gson.Gson.fromJson(Gson.java:887) ~[Gson.class:?]
	at com.google.gson.Gson.fromJson(Gson.java:952) ~[Gson.class:?]
	at com.google.gson.internal.bind.TreeTypeAdapter$GsonContextImpl.deserialize(TreeTypeAdapter.java:162) ~[TreeTypeAdapter$GsonContextImpl.class:?]
	at net.minecraft.util.JsonUtils.deserializeClass(JsonUtils.java:359) ~[JsonUtils.class:?]
	at net.minecraft.util.JsonUtils.deserializeClass(JsonUtils.java:381) ~[JsonUtils.class:?]
	at net.minecraft.advancements.Advancement$Builder.deserialize(Advancement.java:295) ~[Advancement$Builder.class:?]
	at net.minecraft.advancements.AdvancementManager$1.deserialize(AdvancementManager.java:50) ~[AdvancementManager$1.class:?]
	at net.minecraft.advancements.AdvancementManager$1.deserialize(AdvancementManager.java:46) ~[AdvancementManager$1.class:?]
	at com.google.gson.internal.bind.TreeTypeAdapter.read(TreeTypeAdapter.java:69) ~[TreeTypeAdapter.class:?]
	at net.minecraft.util.JsonUtils.gsonDeserialize(JsonUtils.java:435) ~[JsonUtils.class:?]
	at net.minecraft.util.JsonUtils.fromJson(JsonUtils.java:485) ~[JsonUtils.class:?]
	at net.minecraft.advancements.AdvancementManager.loadBuiltInAdvancements(AdvancementManager.java:185) [AdvancementManager.class:?]
	at net.minecraft.advancements.AdvancementManager.reload(AdvancementManager.java:69) [AdvancementManager.class:?]
	at net.minecraft.advancements.AdvancementManager.<init>(AdvancementManager.java:61) [AdvancementManager.class:?]
	at net.minecraft.world.WorldServer.init(WorldServer.java:162) [WorldServer.class:?]
	at net.minecraft.server.MinecraftServer.loadAllWorlds(MinecraftServer.java:337) [MinecraftServer.class:?]
	at net.minecraft.server.dedicated.DedicatedServer.init(DedicatedServer.java:273) [DedicatedServer.class:?]
	at net.minecraft.server.MinecraftServer.run(MinecraftServer.java:550) [MinecraftServer.class:?]
	at java.lang.Thread.run(Thread.java:748) [?:1.8.0_161]
[18:05:05] [Server thread/ERROR]: Parsing error loading built-in advancement minecraft:recipes/food/beetroot_soup
com.google.gson.JsonSyntaxException: Unknown recipe 'minecraft:beetroot_soup'
	at net.minecraft.advancements.AdvancementRewards$Deserializer.deserialize(AdvancementRewards.java:204) ~[AdvancementRewards$Deserializer.class:?]
	at net.minecraft.advancements.AdvancementRewards$Deserializer.deserialize(AdvancementRewards.java:180) ~[AdvancementRewards$Deserializer.class:?]
	at com.google.gson.internal.bind.TreeTypeAdapter.read(TreeTypeAdapter.java:69) ~[TreeTypeAdapter.class:?]
	at com.google.gson.Gson.fromJson(Gson.java:887) ~[Gson.class:?]
	at com.google.gson.Gson.fromJson(Gson.java:952) ~[Gson.class:?]
	at com.google.gson.internal.bind.TreeTypeAdapter$GsonContextImpl.deserialize(TreeTypeAdapter.java:162) ~[TreeTypeAdapter$GsonContextImpl.class:?]
	at net.minecraft.util.JsonUtils.deserializeClass(JsonUtils.java:359) ~[JsonUtils.class:?]
	at net.minecraft.util.JsonUtils.deserializeClass(JsonUtils.java:381) ~[JsonUtils.class:?]
	at net.minecraft.advancements.Advancement$Builder.deserialize(Advancement.java:295) ~[Advancement$Builder.class:?]
	at net.minecraft.advancements.AdvancementManager$1.deserialize(AdvancementManager.java:50) ~[AdvancementManager$1.class:?]
	at net.minecraft.advancements.AdvancementManager$1.deserialize(AdvancementManager.java:46) ~[AdvancementManager$1.class:?]
	at com.google.gson.internal.bind.TreeTypeAdapter.read(TreeTypeAdapter.java:69) ~[TreeTypeAdapter.class:?]
	at net.minecraft.util.JsonUtils.gsonDeserialize(JsonUtils.java:435) ~[JsonUtils.class:?]
	at net.minecraft.util.JsonUtils.fromJson(JsonUtils.java:485) ~[JsonUtils.class:?]
	at net.minecraft.advancements.AdvancementManager.loadBuiltInAdvancements(AdvancementManager.java:185) [AdvancementManager.class:?]
	at net.minecraft.advancements.AdvancementManager.reload(AdvancementManager.java:69) [AdvancementManager.class:?]
	at net.minecraft.advancements.AdvancementManager.<init>(AdvancementManager.java:61) [AdvancementManager.class:?]
	at net.minecraft.world.WorldServer.init(WorldServer.java:162) [WorldServer.class:?]
	at net.minecraft.server.MinecraftServer.loadAllWorlds(MinecraftServer.java:337) [MinecraftServer.class:?]
	at net.minecraft.server.dedicated.DedicatedServer.init(DedicatedServer.java:273) [DedicatedServer.class:?]
	at net.minecraft.server.MinecraftServer.run(MinecraftServer.java:550) [MinecraftServer.class:?]
	at java.lang.Thread.run(Thread.java:748) [?:1.8.0_161]
[18:05:05] [Server thread/ERROR]: Parsing error loading built-in advancement minecraft:recipes/decorations/furnace
com.google.gson.JsonSyntaxException: Unknown recipe 'minecraft:furnace'
	at net.minecraft.advancements.AdvancementRewards$Deserializer.deserialize(AdvancementRewards.java:204) ~[AdvancementRewards$Deserializer.class:?]
	at net.minecraft.advancements.AdvancementRewards$Deserializer.deserialize(AdvancementRewards.java:180) ~[AdvancementRewards$Deserializer.class:?]
	at com.google.gson.internal.bind.TreeTypeAdapter.read(TreeTypeAdapter.java:69) ~[TreeTypeAdapter.class:?]
	at com.google.gson.Gson.fromJson(Gson.java:887) ~[Gson.class:?]
	at com.google.gson.Gson.fromJson(Gson.java:952) ~[Gson.class:?]
	at com.google.gson.internal.bind.TreeTypeAdapter$GsonContextImpl.deserialize(TreeTypeAdapter.java:162) ~[TreeTypeAdapter$GsonContextImpl.class:?]
	at net.minecraft.util.JsonUtils.deserializeClass(JsonUtils.java:359) ~[JsonUtils.class:?]
	at net.minecraft.util.JsonUtils.deserializeClass(JsonUtils.java:381) ~[JsonUtils.class:?]
	at net.minecraft.advancements.Advancement$Builder.deserialize(Advancement.java:295) ~[Advancement$Builder.class:?]
	at net.minecraft.advancements.AdvancementManager$1.deserialize(AdvancementManager.java:50) ~[AdvancementManager$1.class:?]
	at net.minecraft.advancements.AdvancementManager$1.deserialize(AdvancementManager.java:46) ~[AdvancementManager$1.class:?]
	at com.google.gson.internal.bind.TreeTypeAdapter.read(TreeTypeAdapter.java:69) ~[TreeTypeAdapter.class:?]
	at net.minecraft.util.JsonUtils.gsonDeserialize(JsonUtils.java:435) ~[JsonUtils.class:?]
	at net.minecraft.util.JsonUtils.fromJson(JsonUtils.java:485) ~[JsonUtils.class:?]
	at net.minecraft.advancements.AdvancementManager.loadBuiltInAdvancements(AdvancementManager.java:185) [AdvancementManager.class:?]
	at net.minecraft.advancements.AdvancementManager.reload(AdvancementManager.java:69) [AdvancementManager.class:?]
	at net.minecraft.advancements.AdvancementManager.<init>(AdvancementManager.java:61) [AdvancementManager.class:?]
	at net.minecraft.world.WorldServer.init(WorldServer.java:162) [WorldServer.class:?]
	at net.minecraft.server.MinecraftServer.loadAllWorlds(MinecraftServer.java:337) [MinecraftServer.class:?]
	at net.minecraft.server.dedicated.DedicatedServer.init(DedicatedServer.java:273) [DedicatedServer.class:?]
	at net.minecraft.server.MinecraftServer.run(MinecraftServer.java:550) [MinecraftServer.class:?]
	at java.lang.Thread.run(Thread.java:748) [?:1.8.0_161]
[18:05:05] [Server thread/ERROR]: Parsing error loading built-in advancement minecraft:recipes/combat/wooden_sword
com.google.gson.JsonSyntaxException: Unknown recipe 'minecraft:wooden_sword'
	at net.minecraft.advancements.AdvancementRewards$Deserializer.deserialize(AdvancementRewards.java:204) ~[AdvancementRewards$Deserializer.class:?]
	at net.minecraft.advancements.AdvancementRewards$Deserializer.deserialize(AdvancementRewards.java:180) ~[AdvancementRewards$Deserializer.class:?]
	at com.google.gson.internal.bind.TreeTypeAdapter.read(TreeTypeAdapter.java:69) ~[TreeTypeAdapter.class:?]
	at com.google.gson.Gson.fromJson(Gson.java:887) ~[Gson.class:?]
	at com.google.gson.Gson.fromJson(Gson.java:952) ~[Gson.class:?]
	at com.google.gson.internal.bind.TreeTypeAdapter$GsonContextImpl.deserialize(TreeTypeAdapter.java:162) ~[TreeTypeAdapter$GsonContextImpl.class:?]
	at net.minecraft.util.JsonUtils.deserializeClass(JsonUtils.java:359) ~[JsonUtils.class:?]
	at net.minecraft.util.JsonUtils.deserializeClass(JsonUtils.java:381) ~[JsonUtils.class:?]
	at net.minecraft.advancements.Advancement$Builder.deserialize(Advancement.java:295) ~[Advancement$Builder.class:?]
	at net.minecraft.advancements.AdvancementManager$1.deserialize(AdvancementManager.java:50) ~[AdvancementManager$1.class:?]
	at net.minecraft.advancements.AdvancementManager$1.deserialize(AdvancementManager.java:46) ~[AdvancementManager$1.class:?]
	at com.google.gson.internal.bind.TreeTypeAdapter.read(TreeTypeAdapter.java:69) ~[TreeTypeAdapter.class:?]
	at net.minecraft.util.JsonUtils.gsonDeserialize(JsonUtils.java:435) ~[JsonUtils.class:?]
	at net.minecraft.util.JsonUtils.fromJson(JsonUtils.java:485) ~[JsonUtils.class:?]
	at net.minecraft.advancements.AdvancementManager.loadBuiltInAdvancements(AdvancementManager.java:185) [AdvancementManager.class:?]
	at net.minecraft.advancements.AdvancementManager.reload(AdvancementManager.java:69) [AdvancementManager.class:?]
	at net.minecraft.advancements.AdvancementManager.<init>(AdvancementManager.java:61) [AdvancementManager.class:?]
	at net.minecraft.world.WorldServer.init(WorldServer.java:162) [WorldServer.class:?]
	at net.minecraft.server.MinecraftServer.loadAllWorlds(MinecraftServer.java:337) [MinecraftServer.class:?]
	at net.minecraft.server.dedicated.DedicatedServer.init(DedicatedServer.java:273) [DedicatedServer.class:?]
	at net.minecraft.server.MinecraftServer.run(MinecraftServer.java:550) [MinecraftServer.class:?]
	at java.lang.Thread.run(Thread.java:748) [?:1.8.0_161]
[18:05:05] [Server thread/ERROR]: Parsing error loading built-in advancement minecraft:recipes/building_blocks/spruce_planks
com.google.gson.JsonSyntaxException: Unknown recipe 'minecraft:spruce_planks'
	at net.minecraft.advancements.AdvancementRewards$Deserializer.deserialize(AdvancementRewards.java:204) ~[AdvancementRewards$Deserializer.class:?]
	at net.minecraft.advancements.AdvancementRewards$Deserializer.deserialize(AdvancementRewards.java:180) ~[AdvancementRewards$Deserializer.class:?]
	at com.google.gson.internal.bind.TreeTypeAdapter.read(TreeTypeAdapter.java:69) ~[TreeTypeAdapter.class:?]
	at com.google.gson.Gson.fromJson(Gson.java:887) ~[Gson.class:?]
	at com.google.gson.Gson.fromJson(Gson.java:952) ~[Gson.class:?]
	at com.google.gson.internal.bind.TreeTypeAdapter$GsonContextImpl.deserialize(TreeTypeAdapter.java:162) ~[TreeTypeAdapter$GsonContextImpl.class:?]
	at net.minecraft.util.JsonUtils.deserializeClass(JsonUtils.java:359) ~[JsonUtils.class:?]
	at net.minecraft.util.JsonUtils.deserializeClass(JsonUtils.java:381) ~[JsonUtils.class:?]
	at net.minecraft.advancements.Advancement$Builder.deserialize(Advancement.java:295) ~[Advancement$Builder.class:?]
	at net.minecraft.advancements.AdvancementManager$1.deserialize(AdvancementManager.java:50) ~[AdvancementManager$1.class:?]
	at net.minecraft.advancements.AdvancementManager$1.deserialize(AdvancementManager.java:46) ~[AdvancementManager$1.class:?]
	at com.google.gson.internal.bind.TreeTypeAdapter.read(TreeTypeAdapter.java:69) ~[TreeTypeAdapter.class:?]
	at net.minecraft.util.JsonUtils.gsonDeserialize(JsonUtils.java:435) ~[JsonUtils.class:?]
	at net.minecraft.util.JsonUtils.fromJson(JsonUtils.java:485) ~[JsonUtils.class:?]
	at net.minecraft.advancements.AdvancementManager.loadBuiltInAdvancements(AdvancementManager.java:185) [AdvancementManager.class:?]
	at net.minecraft.advancements.AdvancementManager.reload(AdvancementManager.java:69) [AdvancementManager.class:?]
	at net.minecraft.advancements.AdvancementManager.<init>(AdvancementManager.java:61) [AdvancementManager.class:?]
	at net.minecraft.world.WorldServer.init(WorldServer.java:162) [WorldServer.class:?]
	at net.minecraft.server.MinecraftServer.loadAllWorlds(MinecraftServer.java:337) [MinecraftServer.class:?]
	at net.minecraft.server.dedicated.DedicatedServer.init(DedicatedServer.java:273) [DedicatedServer.class:?]
	at net.minecraft.server.MinecraftServer.run(MinecraftServer.java:550) [MinecraftServer.class:?]
	at java.lang.Thread.run(Thread.java:748) [?:1.8.0_161]
[18:05:05] [Server thread/ERROR]: Parsing error loading built-in advancement minecraft:recipes/building_blocks/oak_planks
com.google.gson.JsonSyntaxException: Unknown recipe 'minecraft:oak_planks'
	at net.minecraft.advancements.AdvancementRewards$Deserializer.deserialize(AdvancementRewards.java:204) ~[AdvancementRewards$Deserializer.class:?]
	at net.minecraft.advancements.AdvancementRewards$Deserializer.deserialize(AdvancementRewards.java:180) ~[AdvancementRewards$Deserializer.class:?]
	at com.google.gson.internal.bind.TreeTypeAdapter.read(TreeTypeAdapter.java:69) ~[TreeTypeAdapter.class:?]
	at com.google.gson.Gson.fromJson(Gson.java:887) ~[Gson.class:?]
	at com.google.gson.Gson.fromJson(Gson.java:952) ~[Gson.class:?]
	at com.google.gson.internal.bind.TreeTypeAdapter$GsonContextImpl.deserialize(TreeTypeAdapter.java:162) ~[TreeTypeAdapter$GsonContextImpl.class:?]
	at net.minecraft.util.JsonUtils.deserializeClass(JsonUtils.java:359) ~[JsonUtils.class:?]
	at net.minecraft.util.JsonUtils.deserializeClass(JsonUtils.java:381) ~[JsonUtils.class:?]
	at net.minecraft.advancements.Advancement$Builder.deserialize(Advancement.java:295) ~[Advancement$Builder.class:?]
	at net.minecraft.advancements.AdvancementManager$1.deserialize(AdvancementManager.java:50) ~[AdvancementManager$1.class:?]
	at net.minecraft.advancements.AdvancementManager$1.deserialize(AdvancementManager.java:46) ~[AdvancementManager$1.class:?]
	at com.google.gson.internal.bind.TreeTypeAdapter.read(TreeTypeAdapter.java:69) ~[TreeTypeAdapter.class:?]
	at net.minecraft.util.JsonUtils.gsonDeserialize(JsonUtils.java:435) ~[JsonUtils.class:?]
	at net.minecraft.util.JsonUtils.fromJson(JsonUtils.java:485) ~[JsonUtils.class:?]
	at net.minecraft.advancements.AdvancementManager.loadBuiltInAdvancements(AdvancementManager.java:185) [AdvancementManager.class:?]
	at net.minecraft.advancements.AdvancementManager.reload(AdvancementManager.java:69) [AdvancementManager.class:?]
	at net.minecraft.advancements.AdvancementManager.<init>(AdvancementManager.java:61) [AdvancementManager.class:?]
	at net.minecraft.world.WorldServer.init(WorldServer.java:162) [WorldServer.class:?]
	at net.minecraft.server.MinecraftServer.loadAllWorlds(MinecraftServer.java:337) [MinecraftServer.class:?]
	at net.minecraft.server.dedicated.DedicatedServer.init(DedicatedServer.java:273) [DedicatedServer.class:?]
	at net.minecraft.server.MinecraftServer.run(MinecraftServer.java:550) [MinecraftServer.class:?]
	at java.lang.Thread.run(Thread.java:748) [?:1.8.0_161]
[18:05:05] [Server thread/ERROR]: Parsing error loading built-in advancement minecraft:recipes/building_blocks/jungle_planks
com.google.gson.JsonSyntaxException: Unknown recipe 'minecraft:jungle_planks'
	at net.minecraft.advancements.AdvancementRewards$Deserializer.deserialize(AdvancementRewards.java:204) ~[AdvancementRewards$Deserializer.class:?]
	at net.minecraft.advancements.AdvancementRewards$Deserializer.deserialize(AdvancementRewards.java:180) ~[AdvancementRewards$Deserializer.class:?]
	at com.google.gson.internal.bind.TreeTypeAdapter.read(TreeTypeAdapter.java:69) ~[TreeTypeAdapter.class:?]
	at com.google.gson.Gson.fromJson(Gson.java:887) ~[Gson.class:?]
	at com.google.gson.Gson.fromJson(Gson.java:952) ~[Gson.class:?]
	at com.google.gson.internal.bind.TreeTypeAdapter$GsonContextImpl.deserialize(TreeTypeAdapter.java:162) ~[TreeTypeAdapter$GsonContextImpl.class:?]
	at net.minecraft.util.JsonUtils.deserializeClass(JsonUtils.java:359) ~[JsonUtils.class:?]
	at net.minecraft.util.JsonUtils.deserializeClass(JsonUtils.java:381) ~[JsonUtils.class:?]
	at net.minecraft.advancements.Advancement$Builder.deserialize(Advancement.java:295) ~[Advancement$Builder.class:?]
	at net.minecraft.advancements.AdvancementManager$1.deserialize(AdvancementManager.java:50) ~[AdvancementManager$1.class:?]
	at net.minecraft.advancements.AdvancementManager$1.deserialize(AdvancementManager.java:46) ~[AdvancementManager$1.class:?]
	at com.google.gson.internal.bind.TreeTypeAdapter.read(TreeTypeAdapter.java:69) ~[TreeTypeAdapter.class:?]
	at net.minecraft.util.JsonUtils.gsonDeserialize(JsonUtils.java:435) ~[JsonUtils.class:?]
	at net.minecraft.util.JsonUtils.fromJson(JsonUtils.java:485) ~[JsonUtils.class:?]
	at net.minecraft.advancements.AdvancementManager.loadBuiltInAdvancements(AdvancementManager.java:185) [AdvancementManager.class:?]
	at net.minecraft.advancements.AdvancementManager.reload(AdvancementManager.java:69) [AdvancementManager.class:?]
	at net.minecraft.advancements.AdvancementManager.<init>(AdvancementManager.java:61) [AdvancementManager.class:?]
	at net.minecraft.world.WorldServer.init(WorldServer.java:162) [WorldServer.class:?]
	at net.minecraft.server.MinecraftServer.loadAllWorlds(MinecraftServer.java:337) [MinecraftServer.class:?]
	at net.minecraft.server.dedicated.DedicatedServer.init(DedicatedServer.java:273) [DedicatedServer.class:?]
	at net.minecraft.server.MinecraftServer.run(MinecraftServer.java:550) [MinecraftServer.class:?]
	at java.lang.Thread.run(Thread.java:748) [?:1.8.0_161]
[18:05:05] [Server thread/ERROR]: Parsing error loading built-in advancement minecraft:recipes/building_blocks/dark_oak_planks
com.google.gson.JsonSyntaxException: Unknown recipe 'minecraft:dark_oak_planks'
	at net.minecraft.advancements.AdvancementRewards$Deserializer.deserialize(AdvancementRewards.java:204) ~[AdvancementRewards$Deserializer.class:?]
	at net.minecraft.advancements.AdvancementRewards$Deserializer.deserialize(AdvancementRewards.java:180) ~[AdvancementRewards$Deserializer.class:?]
	at com.google.gson.internal.bind.TreeTypeAdapter.read(TreeTypeAdapter.java:69) ~[TreeTypeAdapter.class:?]
	at com.google.gson.Gson.fromJson(Gson.java:887) ~[Gson.class:?]
	at com.google.gson.Gson.fromJson(Gson.java:952) ~[Gson.class:?]
	at com.google.gson.internal.bind.TreeTypeAdapter$GsonContextImpl.deserialize(TreeTypeAdapter.java:162) ~[TreeTypeAdapter$GsonContextImpl.class:?]
	at net.minecraft.util.JsonUtils.deserializeClass(JsonUtils.java:359) ~[JsonUtils.class:?]
	at net.minecraft.util.JsonUtils.deserializeClass(JsonUtils.java:381) ~[JsonUtils.class:?]
	at net.minecraft.advancements.Advancement$Builder.deserialize(Advancement.java:295) ~[Advancement$Builder.class:?]
	at net.minecraft.advancements.AdvancementManager$1.deserialize(AdvancementManager.java:50) ~[AdvancementManager$1.class:?]
	at net.minecraft.advancements.AdvancementManager$1.deserialize(AdvancementManager.java:46) ~[AdvancementManager$1.class:?]
	at com.google.gson.internal.bind.TreeTypeAdapter.read(TreeTypeAdapter.java:69) ~[TreeTypeAdapter.class:?]
	at net.minecraft.util.JsonUtils.gsonDeserialize(JsonUtils.java:435) ~[JsonUtils.class:?]
	at net.minecraft.util.JsonUtils.fromJson(JsonUtils.java:485) ~[JsonUtils.class:?]
	at net.minecraft.advancements.AdvancementManager.loadBuiltInAdvancements(AdvancementManager.java:185) [AdvancementManager.class:?]
	at net.minecraft.advancements.AdvancementManager.reload(AdvancementManager.java:69) [AdvancementManager.class:?]
	at net.minecraft.advancements.AdvancementManager.<init>(AdvancementManager.java:61) [AdvancementManager.class:?]
	at net.minecraft.world.WorldServer.init(WorldServer.java:162) [WorldServer.class:?]
	at net.minecraft.server.MinecraftServer.loadAllWorlds(MinecraftServer.java:337) [MinecraftServer.class:?]
	at net.minecraft.server.dedicated.DedicatedServer.init(DedicatedServer.java:273) [DedicatedServer.class:?]
	at net.minecraft.server.MinecraftServer.run(MinecraftServer.java:550) [MinecraftServer.class:?]
	at java.lang.Thread.run(Thread.java:748) [?:1.8.0_161]
[18:05:05] [Server thread/ERROR]: Parsing error loading built-in advancement minecraft:recipes/building_blocks/birch_planks
com.google.gson.JsonSyntaxException: Unknown recipe 'minecraft:birch_planks'
	at net.minecraft.advancements.AdvancementRewards$Deserializer.deserialize(AdvancementRewards.java:204) ~[AdvancementRewards$Deserializer.class:?]
	at net.minecraft.advancements.AdvancementRewards$Deserializer.deserialize(AdvancementRewards.java:180) ~[AdvancementRewards$Deserializer.class:?]
	at com.google.gson.internal.bind.TreeTypeAdapter.read(TreeTypeAdapter.java:69) ~[TreeTypeAdapter.class:?]
	at com.google.gson.Gson.fromJson(Gson.java:887) ~[Gson.class:?]
	at com.google.gson.Gson.fromJson(Gson.java:952) ~[Gson.class:?]
	at com.google.gson.internal.bind.TreeTypeAdapter$GsonContextImpl.deserialize(TreeTypeAdapter.java:162) ~[TreeTypeAdapter$GsonContextImpl.class:?]
	at net.minecraft.util.JsonUtils.deserializeClass(JsonUtils.java:359) ~[JsonUtils.class:?]
	at net.minecraft.util.JsonUtils.deserializeClass(JsonUtils.java:381) ~[JsonUtils.class:?]
	at net.minecraft.advancements.Advancement$Builder.deserialize(Advancement.java:295) ~[Advancement$Builder.class:?]
	at net.minecraft.advancements.AdvancementManager$1.deserialize(AdvancementManager.java:50) ~[AdvancementManager$1.class:?]
	at net.minecraft.advancements.AdvancementManager$1.deserialize(AdvancementManager.java:46) ~[AdvancementManager$1.class:?]
	at com.google.gson.internal.bind.TreeTypeAdapter.read(TreeTypeAdapter.java:69) ~[TreeTypeAdapter.class:?]
	at net.minecraft.util.JsonUtils.gsonDeserialize(JsonUtils.java:435) ~[JsonUtils.class:?]
	at net.minecraft.util.JsonUtils.fromJson(JsonUtils.java:485) ~[JsonUtils.class:?]
	at net.minecraft.advancements.AdvancementManager.loadBuiltInAdvancements(AdvancementManager.java:185) [AdvancementManager.class:?]
	at net.minecraft.advancements.AdvancementManager.reload(AdvancementManager.java:69) [AdvancementManager.class:?]
	at net.minecraft.advancements.AdvancementManager.<init>(AdvancementManager.java:61) [AdvancementManager.class:?]
	at net.minecraft.world.WorldServer.init(WorldServer.java:162) [WorldServer.class:?]
	at net.minecraft.server.MinecraftServer.loadAllWorlds(MinecraftServer.java:337) [MinecraftServer.class:?]
	at net.minecraft.server.dedicated.DedicatedServer.init(DedicatedServer.java:273) [DedicatedServer.class:?]
	at net.minecraft.server.MinecraftServer.run(MinecraftServer.java:550) [MinecraftServer.class:?]
	at java.lang.Thread.run(Thread.java:748) [?:1.8.0_161]
[18:05:05] [Server thread/ERROR]: Parsing error loading built-in advancement minecraft:recipes/building_blocks/acacia_planks
com.google.gson.JsonSyntaxException: Unknown recipe 'minecraft:acacia_planks'
	at net.minecraft.advancements.AdvancementRewards$Deserializer.deserialize(AdvancementRewards.java:204) ~[AdvancementRewards$Deserializer.class:?]
	at net.minecraft.advancements.AdvancementRewards$Deserializer.deserialize(AdvancementRewards.java:180) ~[AdvancementRewards$Deserializer.class:?]
	at com.google.gson.internal.bind.TreeTypeAdapter.read(TreeTypeAdapter.java:69) ~[TreeTypeAdapter.class:?]
	at com.google.gson.Gson.fromJson(Gson.java:887) ~[Gson.class:?]
	at com.google.gson.Gson.fromJson(Gson.java:952) ~[Gson.class:?]
	at com.google.gson.internal.bind.TreeTypeAdapter$GsonContextImpl.deserialize(TreeTypeAdapter.java:162) ~[TreeTypeAdapter$GsonContextImpl.class:?]
	at net.minecraft.util.JsonUtils.deserializeClass(JsonUtils.java:359) ~[JsonUtils.class:?]
	at net.minecraft.util.JsonUtils.deserializeClass(JsonUtils.java:381) ~[JsonUtils.class:?]
	at net.minecraft.advancements.Advancement$Builder.deserialize(Advancement.java:295) ~[Advancement$Builder.class:?]
	at net.minecraft.advancements.AdvancementManager$1.deserialize(AdvancementManager.java:50) ~[AdvancementManager$1.class:?]
	at net.minecraft.advancements.AdvancementManager$1.deserialize(AdvancementManager.java:46) ~[AdvancementManager$1.class:?]
	at com.google.gson.internal.bind.TreeTypeAdapter.read(TreeTypeAdapter.java:69) ~[TreeTypeAdapter.class:?]
	at net.minecraft.util.JsonUtils.gsonDeserialize(JsonUtils.java:435) ~[JsonUtils.class:?]
	at net.minecraft.util.JsonUtils.fromJson(JsonUtils.java:485) ~[JsonUtils.class:?]
	at net.minecraft.advancements.AdvancementManager.loadBuiltInAdvancements(AdvancementManager.java:185) [AdvancementManager.class:?]
	at net.minecraft.advancements.AdvancementManager.reload(AdvancementManager.java:69) [AdvancementManager.class:?]
	at net.minecraft.advancements.AdvancementManager.<init>(AdvancementManager.java:61) [AdvancementManager.class:?]
	at net.minecraft.world.WorldServer.init(WorldServer.java:162) [WorldServer.class:?]
	at net.minecraft.server.MinecraftServer.loadAllWorlds(MinecraftServer.java:337) [MinecraftServer.class:?]
	at net.minecraft.server.dedicated.DedicatedServer.init(DedicatedServer.java:273) [DedicatedServer.class:?]
	at net.minecraft.server.MinecraftServer.run(MinecraftServer.java:550) [MinecraftServer.class:?]
	at java.lang.Thread.run(Thread.java:748) [?:1.8.0_161]
[18:05:05] [Server thread/ERROR]: Parsing error loading built-in advancement minecraft:recipes/brewing/golden_carrot
com.google.gson.JsonSyntaxException: Unknown recipe 'minecraft:golden_carrot'
	at net.minecraft.advancements.AdvancementRewards$Deserializer.deserialize(AdvancementRewards.java:204) ~[AdvancementRewards$Deserializer.class:?]
	at net.minecraft.advancements.AdvancementRewards$Deserializer.deserialize(AdvancementRewards.java:180) ~[AdvancementRewards$Deserializer.class:?]
	at com.google.gson.internal.bind.TreeTypeAdapter.read(TreeTypeAdapter.java:69) ~[TreeTypeAdapter.class:?]
	at com.google.gson.Gson.fromJson(Gson.java:887) ~[Gson.class:?]
	at com.google.gson.Gson.fromJson(Gson.java:952) ~[Gson.class:?]
	at com.google.gson.internal.bind.TreeTypeAdapter$GsonContextImpl.deserialize(TreeTypeAdapter.java:162) ~[TreeTypeAdapter$GsonContextImpl.class:?]
	at net.minecraft.util.JsonUtils.deserializeClass(JsonUtils.java:359) ~[JsonUtils.class:?]
	at net.minecraft.util.JsonUtils.deserializeClass(JsonUtils.java:381) ~[JsonUtils.class:?]
	at net.minecraft.advancements.Advancement$Builder.deserialize(Advancement.java:295) ~[Advancement$Builder.class:?]
	at net.minecraft.advancements.AdvancementManager$1.deserialize(AdvancementManager.java:50) ~[AdvancementManager$1.class:?]
	at net.minecraft.advancements.AdvancementManager$1.deserialize(AdvancementManager.java:46) ~[AdvancementManager$1.class:?]
	at com.google.gson.internal.bind.TreeTypeAdapter.read(TreeTypeAdapter.java:69) ~[TreeTypeAdapter.class:?]
	at net.minecraft.util.JsonUtils.gsonDeserialize(JsonUtils.java:435) ~[JsonUtils.class:?]
	at net.minecraft.util.JsonUtils.fromJson(JsonUtils.java:485) ~[JsonUtils.class:?]
	at net.minecraft.advancements.AdvancementManager.loadBuiltInAdvancements(AdvancementManager.java:185) [AdvancementManager.class:?]
	at net.minecraft.advancements.AdvancementManager.reload(AdvancementManager.java:69) [AdvancementManager.class:?]
	at net.minecraft.advancements.AdvancementManager.<init>(AdvancementManager.java:61) [AdvancementManager.class:?]
	at net.minecraft.world.WorldServer.init(WorldServer.java:162) [WorldServer.class:?]
	at net.minecraft.server.MinecraftServer.loadAllWorlds(MinecraftServer.java:337) [MinecraftServer.class:?]
	at net.minecraft.server.dedicated.DedicatedServer.init(DedicatedServer.java:273) [DedicatedServer.class:?]
	at net.minecraft.server.MinecraftServer.run(MinecraftServer.java:550) [MinecraftServer.class:?]
	at java.lang.Thread.run(Thread.java:748) [?:1.8.0_161]
[18:05:05] [Server thread/INFO]: Loaded 467 advancements
[18:05:07] [Server thread/INFO]: Preparing start region for level 0
[18:05:08] [Server thread/INFO]: Preparing spawn area: 4%
[18:05:09] [Server thread/INFO]: Preparing spawn area: 7%
[18:05:10] [Server thread/INFO]: Preparing spawn area: 12%
[18:05:11] [Server thread/INFO]: Preparing spawn area: 17%
[18:05:12] [Server thread/INFO]: Preparing spawn area: 27%
[18:05:13] [Server thread/INFO]: Preparing spawn area: 34%
[18:05:14] [Server thread/INFO]: Preparing spawn area: 42%
[18:05:15] [Server thread/INFO]: Preparing spawn area: 52%
[18:05:16] [Server thread/INFO]: Preparing spawn area: 61%
[18:05:17] [Server thread/INFO]: Preparing spawn area: 71%
[18:05:18] [Server thread/INFO]: Preparing spawn area: 77%
[18:05:19] [Server thread/INFO]: Preparing spawn area: 84%
[18:05:20] [Server thread/INFO]: Preparing spawn area: 93%
[18:05:21] [Server thread/INFO]: Done (18.549s)! For help, type "help" or "?"
