[12:26:08] [main/INFO]: Setting user: Player576
[12:26:12] [main/WARN]: Skipping bad option: lastServer:
[12:26:12] [main/INFO]: LWJGL Version: 2.9.4
[12:26:20] [main/INFO]: Reloading ResourceManager: Default, FMLFileResourcePack:Forge Mod Loader, FMLFileResourcePack:Minecraft Forge, FMLFileResourcePack:Mythria
[12:26:31] [Sound Library Loader/INFO]: Starting up SoundSystem...
[12:26:32] [Thread-5/INFO]: Initializing LWJGL OpenAL
[12:26:32] [Thread-5/INFO]: (The LWJGL binding of OpenAL.  For more information, see http://www.lwjgl.org)
[12:26:32] [Thread-5/INFO]: OpenAL initialized.
[12:26:32] [Sound Library Loader/INFO]: Sound engine started
[12:26:40] [main/INFO]: Created: 512x512 textures-atlas
[12:26:43] [main/WARN]: Skipping bad option: lastServer:
[12:26:43] [main/INFO]: Narrator library for x64 successfully loaded
[12:26:44] [Realms Notification Availability checker #1/INFO]: Could not authorize you against Realms server: Invalid session id
[12:26:59] [Server thread/INFO]: Starting integrated minecraft server version 1.12.2
[12:26:59] [Server thread/INFO]: Generating keypair
[12:27:00] [Server thread/ERROR]: Parsing error loading built-in advancement minecraft:recipes/tools/wooden_shovel
com.google.gson.JsonSyntaxException: Unknown recipe 'minecraft:wooden_shovel'
	at net.minecraft.advancements.AdvancementRewards$Deserializer.deserialize(AdvancementRewards.java:204) ~[AdvancementRewards$Deserializer.class:?]
	at net.minecraft.advancements.AdvancementRewards$Deserializer.deserialize(AdvancementRewards.java:180) ~[AdvancementRewards$Deserializer.class:?]
	at com.google.gson.internal.bind.TreeTypeAdapter.read(TreeTypeAdapter.java:69) ~[TreeTypeAdapter.class:?]
	at com.google.gson.Gson.fromJson(Gson.java:887) ~[Gson.class:?]
	at com.google.gson.Gson.fromJson(Gson.java:952) ~[Gson.class:?]
	at com.google.gson.internal.bind.TreeTypeAdapter$GsonContextImpl.deserialize(TreeTypeAdapter.java:162) ~[TreeTypeAdapter$GsonContextImpl.class:?]
	at net.minecraft.util.JsonUtils.deserializeClass(JsonUtils.java:359) ~[JsonUtils.class:?]
	at net.minecraft.util.JsonUtils.deserializeClass(JsonUtils.java:381) ~[JsonUtils.class:?]
	at net.minecraft.advancements.Advancement$Builder.deserialize(Advancement.java:295) ~[Advancement$Builder.class:?]
	at net.minecraft.advancements.AdvancementManager$1.deserialize(AdvancementManager.java:50) ~[AdvancementManager$1.class:?]
	at net.minecraft.advancements.AdvancementManager$1.deserialize(AdvancementManager.java:46) ~[AdvancementManager$1.class:?]
	at com.google.gson.internal.bind.TreeTypeAdapter.read(TreeTypeAdapter.java:69) ~[TreeTypeAdapter.class:?]
	at net.minecraft.util.JsonUtils.gsonDeserialize(JsonUtils.java:435) ~[JsonUtils.class:?]
	at net.minecraft.util.JsonUtils.fromJson(JsonUtils.java:485) ~[JsonUtils.class:?]
	at net.minecraft.advancements.AdvancementManager.loadBuiltInAdvancements(AdvancementManager.java:185) [AdvancementManager.class:?]
	at net.minecraft.advancements.AdvancementManager.reload(AdvancementManager.java:69) [AdvancementManager.class:?]
	at net.minecraft.advancements.AdvancementManager.<init>(AdvancementManager.java:61) [AdvancementManager.class:?]
	at net.minecraft.world.WorldServer.init(WorldServer.java:162) [WorldServer.class:?]
	at net.minecraft.server.integrated.IntegratedServer.loadAllWorlds(IntegratedServer.java:123) [IntegratedServer.class:?]
	at net.minecraft.server.integrated.IntegratedServer.init(IntegratedServer.java:160) [IntegratedServer.class:?]
	at net.minecraft.server.MinecraftServer.run(MinecraftServer.java:550) [MinecraftServer.class:?]
	at java.lang.Thread.run(Thread.java:748) [?:1.8.0_161]
[12:27:00] [Server thread/ERROR]: Parsing error loading built-in advancement minecraft:recipes/tools/wooden_pickaxe
com.google.gson.JsonSyntaxException: Unknown recipe 'minecraft:wooden_pickaxe'
	at net.minecraft.advancements.AdvancementRewards$Deserializer.deserialize(AdvancementRewards.java:204) ~[AdvancementRewards$Deserializer.class:?]
	at net.minecraft.advancements.AdvancementRewards$Deserializer.deserialize(AdvancementRewards.java:180) ~[AdvancementRewards$Deserializer.class:?]
	at com.google.gson.internal.bind.TreeTypeAdapter.read(TreeTypeAdapter.java:69) ~[TreeTypeAdapter.class:?]
	at com.google.gson.Gson.fromJson(Gson.java:887) ~[Gson.class:?]
	at com.google.gson.Gson.fromJson(Gson.java:952) ~[Gson.class:?]
	at com.google.gson.internal.bind.TreeTypeAdapter$GsonContextImpl.deserialize(TreeTypeAdapter.java:162) ~[TreeTypeAdapter$GsonContextImpl.class:?]
	at net.minecraft.util.JsonUtils.deserializeClass(JsonUtils.java:359) ~[JsonUtils.class:?]
	at net.minecraft.util.JsonUtils.deserializeClass(JsonUtils.java:381) ~[JsonUtils.class:?]
	at net.minecraft.advancements.Advancement$Builder.deserialize(Advancement.java:295) ~[Advancement$Builder.class:?]
	at net.minecraft.advancements.AdvancementManager$1.deserialize(AdvancementManager.java:50) ~[AdvancementManager$1.class:?]
	at net.minecraft.advancements.AdvancementManager$1.deserialize(AdvancementManager.java:46) ~[AdvancementManager$1.class:?]
	at com.google.gson.internal.bind.TreeTypeAdapter.read(TreeTypeAdapter.java:69) ~[TreeTypeAdapter.class:?]
	at net.minecraft.util.JsonUtils.gsonDeserialize(JsonUtils.java:435) ~[JsonUtils.class:?]
	at net.minecraft.util.JsonUtils.fromJson(JsonUtils.java:485) ~[JsonUtils.class:?]
	at net.minecraft.advancements.AdvancementManager.loadBuiltInAdvancements(AdvancementManager.java:185) [AdvancementManager.class:?]
	at net.minecraft.advancements.AdvancementManager.reload(AdvancementManager.java:69) [AdvancementManager.class:?]
	at net.minecraft.advancements.AdvancementManager.<init>(AdvancementManager.java:61) [AdvancementManager.class:?]
	at net.minecraft.world.WorldServer.init(WorldServer.java:162) [WorldServer.class:?]
	at net.minecraft.server.integrated.IntegratedServer.loadAllWorlds(IntegratedServer.java:123) [IntegratedServer.class:?]
	at net.minecraft.server.integrated.IntegratedServer.init(IntegratedServer.java:160) [IntegratedServer.class:?]
	at net.minecraft.server.MinecraftServer.run(MinecraftServer.java:550) [MinecraftServer.class:?]
	at java.lang.Thread.run(Thread.java:748) [?:1.8.0_161]
[12:27:00] [Server thread/ERROR]: Parsing error loading built-in advancement minecraft:recipes/tools/wooden_hoe
com.google.gson.JsonSyntaxException: Unknown recipe 'minecraft:wooden_hoe'
	at net.minecraft.advancements.AdvancementRewards$Deserializer.deserialize(AdvancementRewards.java:204) ~[AdvancementRewards$Deserializer.class:?]
	at net.minecraft.advancements.AdvancementRewards$Deserializer.deserialize(AdvancementRewards.java:180) ~[AdvancementRewards$Deserializer.class:?]
	at com.google.gson.internal.bind.TreeTypeAdapter.read(TreeTypeAdapter.java:69) ~[TreeTypeAdapter.class:?]
	at com.google.gson.Gson.fromJson(Gson.java:887) ~[Gson.class:?]
	at com.google.gson.Gson.fromJson(Gson.java:952) ~[Gson.class:?]
	at com.google.gson.internal.bind.TreeTypeAdapter$GsonContextImpl.deserialize(TreeTypeAdapter.java:162) ~[TreeTypeAdapter$GsonContextImpl.class:?]
	at net.minecraft.util.JsonUtils.deserializeClass(JsonUtils.java:359) ~[JsonUtils.class:?]
	at net.minecraft.util.JsonUtils.deserializeClass(JsonUtils.java:381) ~[JsonUtils.class:?]
	at net.minecraft.advancements.Advancement$Builder.deserialize(Advancement.java:295) ~[Advancement$Builder.class:?]
	at net.minecraft.advancements.AdvancementManager$1.deserialize(AdvancementManager.java:50) ~[AdvancementManager$1.class:?]
	at net.minecraft.advancements.AdvancementManager$1.deserialize(AdvancementManager.java:46) ~[AdvancementManager$1.class:?]
	at com.google.gson.internal.bind.TreeTypeAdapter.read(TreeTypeAdapter.java:69) ~[TreeTypeAdapter.class:?]
	at net.minecraft.util.JsonUtils.gsonDeserialize(JsonUtils.java:435) ~[JsonUtils.class:?]
	at net.minecraft.util.JsonUtils.fromJson(JsonUtils.java:485) ~[JsonUtils.class:?]
	at net.minecraft.advancements.AdvancementManager.loadBuiltInAdvancements(AdvancementManager.java:185) [AdvancementManager.class:?]
	at net.minecraft.advancements.AdvancementManager.reload(AdvancementManager.java:69) [AdvancementManager.class:?]
	at net.minecraft.advancements.AdvancementManager.<init>(AdvancementManager.java:61) [AdvancementManager.class:?]
	at net.minecraft.world.WorldServer.init(WorldServer.java:162) [WorldServer.class:?]
	at net.minecraft.server.integrated.IntegratedServer.loadAllWorlds(IntegratedServer.java:123) [IntegratedServer.class:?]
	at net.minecraft.server.integrated.IntegratedServer.init(IntegratedServer.java:160) [IntegratedServer.class:?]
	at net.minecraft.server.MinecraftServer.run(MinecraftServer.java:550) [MinecraftServer.class:?]
	at java.lang.Thread.run(Thread.java:748) [?:1.8.0_161]
[12:27:00] [Server thread/ERROR]: Parsing error loading built-in advancement minecraft:recipes/tools/wooden_axe
com.google.gson.JsonSyntaxException: Unknown recipe 'minecraft:wooden_axe'
	at net.minecraft.advancements.AdvancementRewards$Deserializer.deserialize(AdvancementRewards.java:204) ~[AdvancementRewards$Deserializer.class:?]
	at net.minecraft.advancements.AdvancementRewards$Deserializer.deserialize(AdvancementRewards.java:180) ~[AdvancementRewards$Deserializer.class:?]
	at com.google.gson.internal.bind.TreeTypeAdapter.read(TreeTypeAdapter.java:69) ~[TreeTypeAdapter.class:?]
	at com.google.gson.Gson.fromJson(Gson.java:887) ~[Gson.class:?]
	at com.google.gson.Gson.fromJson(Gson.java:952) ~[Gson.class:?]
	at com.google.gson.internal.bind.TreeTypeAdapter$GsonContextImpl.deserialize(TreeTypeAdapter.java:162) ~[TreeTypeAdapter$GsonContextImpl.class:?]
	at net.minecraft.util.JsonUtils.deserializeClass(JsonUtils.java:359) ~[JsonUtils.class:?]
	at net.minecraft.util.JsonUtils.deserializeClass(JsonUtils.java:381) ~[JsonUtils.class:?]
	at net.minecraft.advancements.Advancement$Builder.deserialize(Advancement.java:295) ~[Advancement$Builder.class:?]
	at net.minecraft.advancements.AdvancementManager$1.deserialize(AdvancementManager.java:50) ~[AdvancementManager$1.class:?]
	at net.minecraft.advancements.AdvancementManager$1.deserialize(AdvancementManager.java:46) ~[AdvancementManager$1.class:?]
	at com.google.gson.internal.bind.TreeTypeAdapter.read(TreeTypeAdapter.java:69) ~[TreeTypeAdapter.class:?]
	at net.minecraft.util.JsonUtils.gsonDeserialize(JsonUtils.java:435) ~[JsonUtils.class:?]
	at net.minecraft.util.JsonUtils.fromJson(JsonUtils.java:485) ~[JsonUtils.class:?]
	at net.minecraft.advancements.AdvancementManager.loadBuiltInAdvancements(AdvancementManager.java:185) [AdvancementManager.class:?]
	at net.minecraft.advancements.AdvancementManager.reload(AdvancementManager.java:69) [AdvancementManager.class:?]
	at net.minecraft.advancements.AdvancementManager.<init>(AdvancementManager.java:61) [AdvancementManager.class:?]
	at net.minecraft.world.WorldServer.init(WorldServer.java:162) [WorldServer.class:?]
	at net.minecraft.server.integrated.IntegratedServer.loadAllWorlds(IntegratedServer.java:123) [IntegratedServer.class:?]
	at net.minecraft.server.integrated.IntegratedServer.init(IntegratedServer.java:160) [IntegratedServer.class:?]
	at net.minecraft.server.MinecraftServer.run(MinecraftServer.java:550) [MinecraftServer.class:?]
	at java.lang.Thread.run(Thread.java:748) [?:1.8.0_161]
[12:27:00] [Server thread/ERROR]: Parsing error loading built-in advancement minecraft:recipes/food/rabbit_stew_from_red_mushroom
com.google.gson.JsonSyntaxException: Unknown recipe 'minecraft:rabbit_stew_from_red_mushroom'
	at net.minecraft.advancements.AdvancementRewards$Deserializer.deserialize(AdvancementRewards.java:204) ~[AdvancementRewards$Deserializer.class:?]
	at net.minecraft.advancements.AdvancementRewards$Deserializer.deserialize(AdvancementRewards.java:180) ~[AdvancementRewards$Deserializer.class:?]
	at com.google.gson.internal.bind.TreeTypeAdapter.read(TreeTypeAdapter.java:69) ~[TreeTypeAdapter.class:?]
	at com.google.gson.Gson.fromJson(Gson.java:887) ~[Gson.class:?]
	at com.google.gson.Gson.fromJson(Gson.java:952) ~[Gson.class:?]
	at com.google.gson.internal.bind.TreeTypeAdapter$GsonContextImpl.deserialize(TreeTypeAdapter.java:162) ~[TreeTypeAdapter$GsonContextImpl.class:?]
	at net.minecraft.util.JsonUtils.deserializeClass(JsonUtils.java:359) ~[JsonUtils.class:?]
	at net.minecraft.util.JsonUtils.deserializeClass(JsonUtils.java:381) ~[JsonUtils.class:?]
	at net.minecraft.advancements.Advancement$Builder.deserialize(Advancement.java:295) ~[Advancement$Builder.class:?]
	at net.minecraft.advancements.AdvancementManager$1.deserialize(AdvancementManager.java:50) ~[AdvancementManager$1.class:?]
	at net.minecraft.advancements.AdvancementManager$1.deserialize(AdvancementManager.java:46) ~[AdvancementManager$1.class:?]
	at com.google.gson.internal.bind.TreeTypeAdapter.read(TreeTypeAdapter.java:69) ~[TreeTypeAdapter.class:?]
	at net.minecraft.util.JsonUtils.gsonDeserialize(JsonUtils.java:435) ~[JsonUtils.class:?]
	at net.minecraft.util.JsonUtils.fromJson(JsonUtils.java:485) ~[JsonUtils.class:?]
	at net.minecraft.advancements.AdvancementManager.loadBuiltInAdvancements(AdvancementManager.java:185) [AdvancementManager.class:?]
	at net.minecraft.advancements.AdvancementManager.reload(AdvancementManager.java:69) [AdvancementManager.class:?]
	at net.minecraft.advancements.AdvancementManager.<init>(AdvancementManager.java:61) [AdvancementManager.class:?]
	at net.minecraft.world.WorldServer.init(WorldServer.java:162) [WorldServer.class:?]
	at net.minecraft.server.integrated.IntegratedServer.loadAllWorlds(IntegratedServer.java:123) [IntegratedServer.class:?]
	at net.minecraft.server.integrated.IntegratedServer.init(IntegratedServer.java:160) [IntegratedServer.class:?]
	at net.minecraft.server.MinecraftServer.run(MinecraftServer.java:550) [MinecraftServer.class:?]
	at java.lang.Thread.run(Thread.java:748) [?:1.8.0_161]
[12:27:00] [Server thread/ERROR]: Parsing error loading built-in advancement minecraft:recipes/food/rabbit_stew_from_brown_mushroom
com.google.gson.JsonSyntaxException: Unknown recipe 'minecraft:rabbit_stew_from_brown_mushroom'
	at net.minecraft.advancements.AdvancementRewards$Deserializer.deserialize(AdvancementRewards.java:204) ~[AdvancementRewards$Deserializer.class:?]
	at net.minecraft.advancements.AdvancementRewards$Deserializer.deserialize(AdvancementRewards.java:180) ~[AdvancementRewards$Deserializer.class:?]
	at com.google.gson.internal.bind.TreeTypeAdapter.read(TreeTypeAdapter.java:69) ~[TreeTypeAdapter.class:?]
	at com.google.gson.Gson.fromJson(Gson.java:887) ~[Gson.class:?]
	at com.google.gson.Gson.fromJson(Gson.java:952) ~[Gson.class:?]
	at com.google.gson.internal.bind.TreeTypeAdapter$GsonContextImpl.deserialize(TreeTypeAdapter.java:162) ~[TreeTypeAdapter$GsonContextImpl.class:?]
	at net.minecraft.util.JsonUtils.deserializeClass(JsonUtils.java:359) ~[JsonUtils.class:?]
	at net.minecraft.util.JsonUtils.deserializeClass(JsonUtils.java:381) ~[JsonUtils.class:?]
	at net.minecraft.advancements.Advancement$Builder.deserialize(Advancement.java:295) ~[Advancement$Builder.class:?]
	at net.minecraft.advancements.AdvancementManager$1.deserialize(AdvancementManager.java:50) ~[AdvancementManager$1.class:?]
	at net.minecraft.advancements.AdvancementManager$1.deserialize(AdvancementManager.java:46) ~[AdvancementManager$1.class:?]
	at com.google.gson.internal.bind.TreeTypeAdapter.read(TreeTypeAdapter.java:69) ~[TreeTypeAdapter.class:?]
	at net.minecraft.util.JsonUtils.gsonDeserialize(JsonUtils.java:435) ~[JsonUtils.class:?]
	at net.minecraft.util.JsonUtils.fromJson(JsonUtils.java:485) ~[JsonUtils.class:?]
	at net.minecraft.advancements.AdvancementManager.loadBuiltInAdvancements(AdvancementManager.java:185) [AdvancementManager.class:?]
	at net.minecraft.advancements.AdvancementManager.reload(AdvancementManager.java:69) [AdvancementManager.class:?]
	at net.minecraft.advancements.AdvancementManager.<init>(AdvancementManager.java:61) [AdvancementManager.class:?]
	at net.minecraft.world.WorldServer.init(WorldServer.java:162) [WorldServer.class:?]
	at net.minecraft.server.integrated.IntegratedServer.loadAllWorlds(IntegratedServer.java:123) [IntegratedServer.class:?]
	at net.minecraft.server.integrated.IntegratedServer.init(IntegratedServer.java:160) [IntegratedServer.class:?]
	at net.minecraft.server.MinecraftServer.run(MinecraftServer.java:550) [MinecraftServer.class:?]
	at java.lang.Thread.run(Thread.java:748) [?:1.8.0_161]
[12:27:00] [Server thread/ERROR]: Parsing error loading built-in advancement minecraft:recipes/food/pumpkin_pie
com.google.gson.JsonSyntaxException: Unknown recipe 'minecraft:pumpkin_pie'
	at net.minecraft.advancements.AdvancementRewards$Deserializer.deserialize(AdvancementRewards.java:204) ~[AdvancementRewards$Deserializer.class:?]
	at net.minecraft.advancements.AdvancementRewards$Deserializer.deserialize(AdvancementRewards.java:180) ~[AdvancementRewards$Deserializer.class:?]
	at com.google.gson.internal.bind.TreeTypeAdapter.read(TreeTypeAdapter.java:69) ~[TreeTypeAdapter.class:?]
	at com.google.gson.Gson.fromJson(Gson.java:887) ~[Gson.class:?]
	at com.google.gson.Gson.fromJson(Gson.java:952) ~[Gson.class:?]
	at com.google.gson.internal.bind.TreeTypeAdapter$GsonContextImpl.deserialize(TreeTypeAdapter.java:162) ~[TreeTypeAdapter$GsonContextImpl.class:?]
	at net.minecraft.util.JsonUtils.deserializeClass(JsonUtils.java:359) ~[JsonUtils.class:?]
	at net.minecraft.util.JsonUtils.deserializeClass(JsonUtils.java:381) ~[JsonUtils.class:?]
	at net.minecraft.advancements.Advancement$Builder.deserialize(Advancement.java:295) ~[Advancement$Builder.class:?]
	at net.minecraft.advancements.AdvancementManager$1.deserialize(AdvancementManager.java:50) ~[AdvancementManager$1.class:?]
	at net.minecraft.advancements.AdvancementManager$1.deserialize(AdvancementManager.java:46) ~[AdvancementManager$1.class:?]
	at com.google.gson.internal.bind.TreeTypeAdapter.read(TreeTypeAdapter.java:69) ~[TreeTypeAdapter.class:?]
	at net.minecraft.util.JsonUtils.gsonDeserialize(JsonUtils.java:435) ~[JsonUtils.class:?]
	at net.minecraft.util.JsonUtils.fromJson(JsonUtils.java:485) ~[JsonUtils.class:?]
	at net.minecraft.advancements.AdvancementManager.loadBuiltInAdvancements(AdvancementManager.java:185) [AdvancementManager.class:?]
	at net.minecraft.advancements.AdvancementManager.reload(AdvancementManager.java:69) [AdvancementManager.class:?]
	at net.minecraft.advancements.AdvancementManager.<init>(AdvancementManager.java:61) [AdvancementManager.class:?]
	at net.minecraft.world.WorldServer.init(WorldServer.java:162) [WorldServer.class:?]
	at net.minecraft.server.integrated.IntegratedServer.loadAllWorlds(IntegratedServer.java:123) [IntegratedServer.class:?]
	at net.minecraft.server.integrated.IntegratedServer.init(IntegratedServer.java:160) [IntegratedServer.class:?]
	at net.minecraft.server.MinecraftServer.run(MinecraftServer.java:550) [MinecraftServer.class:?]
	at java.lang.Thread.run(Thread.java:748) [?:1.8.0_161]
[12:27:00] [Server thread/ERROR]: Parsing error loading built-in advancement minecraft:recipes/food/mushroom_stew
com.google.gson.JsonSyntaxException: Unknown recipe 'minecraft:mushroom_stew'
	at net.minecraft.advancements.AdvancementRewards$Deserializer.deserialize(AdvancementRewards.java:204) ~[AdvancementRewards$Deserializer.class:?]
	at net.minecraft.advancements.AdvancementRewards$Deserializer.deserialize(AdvancementRewards.java:180) ~[AdvancementRewards$Deserializer.class:?]
	at com.google.gson.internal.bind.TreeTypeAdapter.read(TreeTypeAdapter.java:69) ~[TreeTypeAdapter.class:?]
	at com.google.gson.Gson.fromJson(Gson.java:887) ~[Gson.class:?]
	at com.google.gson.Gson.fromJson(Gson.java:952) ~[Gson.class:?]
	at com.google.gson.internal.bind.TreeTypeAdapter$GsonContextImpl.deserialize(TreeTypeAdapter.java:162) ~[TreeTypeAdapter$GsonContextImpl.class:?]
	at net.minecraft.util.JsonUtils.deserializeClass(JsonUtils.java:359) ~[JsonUtils.class:?]
	at net.minecraft.util.JsonUtils.deserializeClass(JsonUtils.java:381) ~[JsonUtils.class:?]
	at net.minecraft.advancements.Advancement$Builder.deserialize(Advancement.java:295) ~[Advancement$Builder.class:?]
	at net.minecraft.advancements.AdvancementManager$1.deserialize(AdvancementManager.java:50) ~[AdvancementManager$1.class:?]
	at net.minecraft.advancements.AdvancementManager$1.deserialize(AdvancementManager.java:46) ~[AdvancementManager$1.class:?]
	at com.google.gson.internal.bind.TreeTypeAdapter.read(TreeTypeAdapter.java:69) ~[TreeTypeAdapter.class:?]
	at net.minecraft.util.JsonUtils.gsonDeserialize(JsonUtils.java:435) ~[JsonUtils.class:?]
	at net.minecraft.util.JsonUtils.fromJson(JsonUtils.java:485) ~[JsonUtils.class:?]
	at net.minecraft.advancements.AdvancementManager.loadBuiltInAdvancements(AdvancementManager.java:185) [AdvancementManager.class:?]
	at net.minecraft.advancements.AdvancementManager.reload(AdvancementManager.java:69) [AdvancementManager.class:?]
	at net.minecraft.advancements.AdvancementManager.<init>(AdvancementManager.java:61) [AdvancementManager.class:?]
	at net.minecraft.world.WorldServer.init(WorldServer.java:162) [WorldServer.class:?]
	at net.minecraft.server.integrated.IntegratedServer.loadAllWorlds(IntegratedServer.java:123) [IntegratedServer.class:?]
	at net.minecraft.server.integrated.IntegratedServer.init(IntegratedServer.java:160) [IntegratedServer.class:?]
	at net.minecraft.server.MinecraftServer.run(MinecraftServer.java:550) [MinecraftServer.class:?]
	at java.lang.Thread.run(Thread.java:748) [?:1.8.0_161]
[12:27:00] [Server thread/ERROR]: Parsing error loading built-in advancement minecraft:recipes/food/golden_apple
com.google.gson.JsonSyntaxException: Unknown recipe 'minecraft:golden_apple'
	at net.minecraft.advancements.AdvancementRewards$Deserializer.deserialize(AdvancementRewards.java:204) ~[AdvancementRewards$Deserializer.class:?]
	at net.minecraft.advancements.AdvancementRewards$Deserializer.deserialize(AdvancementRewards.java:180) ~[AdvancementRewards$Deserializer.class:?]
	at com.google.gson.internal.bind.TreeTypeAdapter.read(TreeTypeAdapter.java:69) ~[TreeTypeAdapter.class:?]
	at com.google.gson.Gson.fromJson(Gson.java:887) ~[Gson.class:?]
	at com.google.gson.Gson.fromJson(Gson.java:952) ~[Gson.class:?]
	at com.google.gson.internal.bind.TreeTypeAdapter$GsonContextImpl.deserialize(TreeTypeAdapter.java:162) ~[TreeTypeAdapter$GsonContextImpl.class:?]
	at net.minecraft.util.JsonUtils.deserializeClass(JsonUtils.java:359) ~[JsonUtils.class:?]
	at net.minecraft.util.JsonUtils.deserializeClass(JsonUtils.java:381) ~[JsonUtils.class:?]
	at net.minecraft.advancements.Advancement$Builder.deserialize(Advancement.java:295) ~[Advancement$Builder.class:?]
	at net.minecraft.advancements.AdvancementManager$1.deserialize(AdvancementManager.java:50) ~[AdvancementManager$1.class:?]
	at net.minecraft.advancements.AdvancementManager$1.deserialize(AdvancementManager.java:46) ~[AdvancementManager$1.class:?]
	at com.google.gson.internal.bind.TreeTypeAdapter.read(TreeTypeAdapter.java:69) ~[TreeTypeAdapter.class:?]
	at net.minecraft.util.JsonUtils.gsonDeserialize(JsonUtils.java:435) ~[JsonUtils.class:?]
	at net.minecraft.util.JsonUtils.fromJson(JsonUtils.java:485) ~[JsonUtils.class:?]
	at net.minecraft.advancements.AdvancementManager.loadBuiltInAdvancements(AdvancementManager.java:185) [AdvancementManager.class:?]
	at net.minecraft.advancements.AdvancementManager.reload(AdvancementManager.java:69) [AdvancementManager.class:?]
	at net.minecraft.advancements.AdvancementManager.<init>(AdvancementManager.java:61) [AdvancementManager.class:?]
	at net.minecraft.world.WorldServer.init(WorldServer.java:162) [WorldServer.class:?]
	at net.minecraft.server.integrated.IntegratedServer.loadAllWorlds(IntegratedServer.java:123) [IntegratedServer.class:?]
	at net.minecraft.server.integrated.IntegratedServer.init(IntegratedServer.java:160) [IntegratedServer.class:?]
	at net.minecraft.server.MinecraftServer.run(MinecraftServer.java:550) [MinecraftServer.class:?]
	at java.lang.Thread.run(Thread.java:748) [?:1.8.0_161]
[12:27:00] [Server thread/ERROR]: Parsing error loading built-in advancement minecraft:recipes/food/cookie
com.google.gson.JsonSyntaxException: Unknown recipe 'minecraft:cookie'
	at net.minecraft.advancements.AdvancementRewards$Deserializer.deserialize(AdvancementRewards.java:204) ~[AdvancementRewards$Deserializer.class:?]
	at net.minecraft.advancements.AdvancementRewards$Deserializer.deserialize(AdvancementRewards.java:180) ~[AdvancementRewards$Deserializer.class:?]
	at com.google.gson.internal.bind.TreeTypeAdapter.read(TreeTypeAdapter.java:69) ~[TreeTypeAdapter.class:?]
	at com.google.gson.Gson.fromJson(Gson.java:887) ~[Gson.class:?]
	at com.google.gson.Gson.fromJson(Gson.java:952) ~[Gson.class:?]
	at com.google.gson.internal.bind.TreeTypeAdapter$GsonContextImpl.deserialize(TreeTypeAdapter.java:162) ~[TreeTypeAdapter$GsonContextImpl.class:?]
	at net.minecraft.util.JsonUtils.deserializeClass(JsonUtils.java:359) ~[JsonUtils.class:?]
	at net.minecraft.util.JsonUtils.deserializeClass(JsonUtils.java:381) ~[JsonUtils.class:?]
	at net.minecraft.advancements.Advancement$Builder.deserialize(Advancement.java:295) ~[Advancement$Builder.class:?]
	at net.minecraft.advancements.AdvancementManager$1.deserialize(AdvancementManager.java:50) ~[AdvancementManager$1.class:?]
	at net.minecraft.advancements.AdvancementManager$1.deserialize(AdvancementManager.java:46) ~[AdvancementManager$1.class:?]
	at com.google.gson.internal.bind.TreeTypeAdapter.read(TreeTypeAdapter.java:69) ~[TreeTypeAdapter.class:?]
	at net.minecraft.util.JsonUtils.gsonDeserialize(JsonUtils.java:435) ~[JsonUtils.class:?]
	at net.minecraft.util.JsonUtils.fromJson(JsonUtils.java:485) ~[JsonUtils.class:?]
	at net.minecraft.advancements.AdvancementManager.loadBuiltInAdvancements(AdvancementManager.java:185) [AdvancementManager.class:?]
	at net.minecraft.advancements.AdvancementManager.reload(AdvancementManager.java:69) [AdvancementManager.class:?]
	at net.minecraft.advancements.AdvancementManager.<init>(AdvancementManager.java:61) [AdvancementManager.class:?]
	at net.minecraft.world.WorldServer.init(WorldServer.java:162) [WorldServer.class:?]
	at net.minecraft.server.integrated.IntegratedServer.loadAllWorlds(IntegratedServer.java:123) [IntegratedServer.class:?]
	at net.minecraft.server.integrated.IntegratedServer.init(IntegratedServer.java:160) [IntegratedServer.class:?]
	at net.minecraft.server.MinecraftServer.run(MinecraftServer.java:550) [MinecraftServer.class:?]
	at java.lang.Thread.run(Thread.java:748) [?:1.8.0_161]
[12:27:00] [Server thread/ERROR]: Parsing error loading built-in advancement minecraft:recipes/food/bread
com.google.gson.JsonSyntaxException: Unknown recipe 'minecraft:bread'
	at net.minecraft.advancements.AdvancementRewards$Deserializer.deserialize(AdvancementRewards.java:204) ~[AdvancementRewards$Deserializer.class:?]
	at net.minecraft.advancements.AdvancementRewards$Deserializer.deserialize(AdvancementRewards.java:180) ~[AdvancementRewards$Deserializer.class:?]
	at com.google.gson.internal.bind.TreeTypeAdapter.read(TreeTypeAdapter.java:69) ~[TreeTypeAdapter.class:?]
	at com.google.gson.Gson.fromJson(Gson.java:887) ~[Gson.class:?]
	at com.google.gson.Gson.fromJson(Gson.java:952) ~[Gson.class:?]
	at com.google.gson.internal.bind.TreeTypeAdapter$GsonContextImpl.deserialize(TreeTypeAdapter.java:162) ~[TreeTypeAdapter$GsonContextImpl.class:?]
	at net.minecraft.util.JsonUtils.deserializeClass(JsonUtils.java:359) ~[JsonUtils.class:?]
	at net.minecraft.util.JsonUtils.deserializeClass(JsonUtils.java:381) ~[JsonUtils.class:?]
	at net.minecraft.advancements.Advancement$Builder.deserialize(Advancement.java:295) ~[Advancement$Builder.class:?]
	at net.minecraft.advancements.AdvancementManager$1.deserialize(AdvancementManager.java:50) ~[AdvancementManager$1.class:?]
	at net.minecraft.advancements.AdvancementManager$1.deserialize(AdvancementManager.java:46) ~[AdvancementManager$1.class:?]
	at com.google.gson.internal.bind.TreeTypeAdapter.read(TreeTypeAdapter.java:69) ~[TreeTypeAdapter.class:?]
	at net.minecraft.util.JsonUtils.gsonDeserialize(JsonUtils.java:435) ~[JsonUtils.class:?]
	at net.minecraft.util.JsonUtils.fromJson(JsonUtils.java:485) ~[JsonUtils.class:?]
	at net.minecraft.advancements.AdvancementManager.loadBuiltInAdvancements(AdvancementManager.java:185) [AdvancementManager.class:?]
	at net.minecraft.advancements.AdvancementManager.reload(AdvancementManager.java:69) [AdvancementManager.class:?]
	at net.minecraft.advancements.AdvancementManager.<init>(AdvancementManager.java:61) [AdvancementManager.class:?]
	at net.minecraft.world.WorldServer.init(WorldServer.java:162) [WorldServer.class:?]
	at net.minecraft.server.integrated.IntegratedServer.loadAllWorlds(IntegratedServer.java:123) [IntegratedServer.class:?]
	at net.minecraft.server.integrated.IntegratedServer.init(IntegratedServer.java:160) [IntegratedServer.class:?]
	at net.minecraft.server.MinecraftServer.run(MinecraftServer.java:550) [MinecraftServer.class:?]
	at java.lang.Thread.run(Thread.java:748) [?:1.8.0_161]
[12:27:00] [Server thread/ERROR]: Parsing error loading built-in advancement minecraft:recipes/food/beetroot_soup
com.google.gson.JsonSyntaxException: Unknown recipe 'minecraft:beetroot_soup'
	at net.minecraft.advancements.AdvancementRewards$Deserializer.deserialize(AdvancementRewards.java:204) ~[AdvancementRewards$Deserializer.class:?]
	at net.minecraft.advancements.AdvancementRewards$Deserializer.deserialize(AdvancementRewards.java:180) ~[AdvancementRewards$Deserializer.class:?]
	at com.google.gson.internal.bind.TreeTypeAdapter.read(TreeTypeAdapter.java:69) ~[TreeTypeAdapter.class:?]
	at com.google.gson.Gson.fromJson(Gson.java:887) ~[Gson.class:?]
	at com.google.gson.Gson.fromJson(Gson.java:952) ~[Gson.class:?]
	at com.google.gson.internal.bind.TreeTypeAdapter$GsonContextImpl.deserialize(TreeTypeAdapter.java:162) ~[TreeTypeAdapter$GsonContextImpl.class:?]
	at net.minecraft.util.JsonUtils.deserializeClass(JsonUtils.java:359) ~[JsonUtils.class:?]
	at net.minecraft.util.JsonUtils.deserializeClass(JsonUtils.java:381) ~[JsonUtils.class:?]
	at net.minecraft.advancements.Advancement$Builder.deserialize(Advancement.java:295) ~[Advancement$Builder.class:?]
	at net.minecraft.advancements.AdvancementManager$1.deserialize(AdvancementManager.java:50) ~[AdvancementManager$1.class:?]
	at net.minecraft.advancements.AdvancementManager$1.deserialize(AdvancementManager.java:46) ~[AdvancementManager$1.class:?]
	at com.google.gson.internal.bind.TreeTypeAdapter.read(TreeTypeAdapter.java:69) ~[TreeTypeAdapter.class:?]
	at net.minecraft.util.JsonUtils.gsonDeserialize(JsonUtils.java:435) ~[JsonUtils.class:?]
	at net.minecraft.util.JsonUtils.fromJson(JsonUtils.java:485) ~[JsonUtils.class:?]
	at net.minecraft.advancements.AdvancementManager.loadBuiltInAdvancements(AdvancementManager.java:185) [AdvancementManager.class:?]
	at net.minecraft.advancements.AdvancementManager.reload(AdvancementManager.java:69) [AdvancementManager.class:?]
	at net.minecraft.advancements.AdvancementManager.<init>(AdvancementManager.java:61) [AdvancementManager.class:?]
	at net.minecraft.world.WorldServer.init(WorldServer.java:162) [WorldServer.class:?]
	at net.minecraft.server.integrated.IntegratedServer.loadAllWorlds(IntegratedServer.java:123) [IntegratedServer.class:?]
	at net.minecraft.server.integrated.IntegratedServer.init(IntegratedServer.java:160) [IntegratedServer.class:?]
	at net.minecraft.server.MinecraftServer.run(MinecraftServer.java:550) [MinecraftServer.class:?]
	at java.lang.Thread.run(Thread.java:748) [?:1.8.0_161]
[12:27:00] [Server thread/ERROR]: Parsing error loading built-in advancement minecraft:recipes/decorations/furnace
com.google.gson.JsonSyntaxException: Unknown recipe 'minecraft:furnace'
	at net.minecraft.advancements.AdvancementRewards$Deserializer.deserialize(AdvancementRewards.java:204) ~[AdvancementRewards$Deserializer.class:?]
	at net.minecraft.advancements.AdvancementRewards$Deserializer.deserialize(AdvancementRewards.java:180) ~[AdvancementRewards$Deserializer.class:?]
	at com.google.gson.internal.bind.TreeTypeAdapter.read(TreeTypeAdapter.java:69) ~[TreeTypeAdapter.class:?]
	at com.google.gson.Gson.fromJson(Gson.java:887) ~[Gson.class:?]
	at com.google.gson.Gson.fromJson(Gson.java:952) ~[Gson.class:?]
	at com.google.gson.internal.bind.TreeTypeAdapter$GsonContextImpl.deserialize(TreeTypeAdapter.java:162) ~[TreeTypeAdapter$GsonContextImpl.class:?]
	at net.minecraft.util.JsonUtils.deserializeClass(JsonUtils.java:359) ~[JsonUtils.class:?]
	at net.minecraft.util.JsonUtils.deserializeClass(JsonUtils.java:381) ~[JsonUtils.class:?]
	at net.minecraft.advancements.Advancement$Builder.deserialize(Advancement.java:295) ~[Advancement$Builder.class:?]
	at net.minecraft.advancements.AdvancementManager$1.deserialize(AdvancementManager.java:50) ~[AdvancementManager$1.class:?]
	at net.minecraft.advancements.AdvancementManager$1.deserialize(AdvancementManager.java:46) ~[AdvancementManager$1.class:?]
	at com.google.gson.internal.bind.TreeTypeAdapter.read(TreeTypeAdapter.java:69) ~[TreeTypeAdapter.class:?]
	at net.minecraft.util.JsonUtils.gsonDeserialize(JsonUtils.java:435) ~[JsonUtils.class:?]
	at net.minecraft.util.JsonUtils.fromJson(JsonUtils.java:485) ~[JsonUtils.class:?]
	at net.minecraft.advancements.AdvancementManager.loadBuiltInAdvancements(AdvancementManager.java:185) [AdvancementManager.class:?]
	at net.minecraft.advancements.AdvancementManager.reload(AdvancementManager.java:69) [AdvancementManager.class:?]
	at net.minecraft.advancements.AdvancementManager.<init>(AdvancementManager.java:61) [AdvancementManager.class:?]
	at net.minecraft.world.WorldServer.init(WorldServer.java:162) [WorldServer.class:?]
	at net.minecraft.server.integrated.IntegratedServer.loadAllWorlds(IntegratedServer.java:123) [IntegratedServer.class:?]
	at net.minecraft.server.integrated.IntegratedServer.init(IntegratedServer.java:160) [IntegratedServer.class:?]
	at net.minecraft.server.MinecraftServer.run(MinecraftServer.java:550) [MinecraftServer.class:?]
	at java.lang.Thread.run(Thread.java:748) [?:1.8.0_161]
[12:27:00] [Server thread/ERROR]: Parsing error loading built-in advancement minecraft:recipes/combat/wooden_sword
com.google.gson.JsonSyntaxException: Unknown recipe 'minecraft:wooden_sword'
	at net.minecraft.advancements.AdvancementRewards$Deserializer.deserialize(AdvancementRewards.java:204) ~[AdvancementRewards$Deserializer.class:?]
	at net.minecraft.advancements.AdvancementRewards$Deserializer.deserialize(AdvancementRewards.java:180) ~[AdvancementRewards$Deserializer.class:?]
	at com.google.gson.internal.bind.TreeTypeAdapter.read(TreeTypeAdapter.java:69) ~[TreeTypeAdapter.class:?]
	at com.google.gson.Gson.fromJson(Gson.java:887) ~[Gson.class:?]
	at com.google.gson.Gson.fromJson(Gson.java:952) ~[Gson.class:?]
	at com.google.gson.internal.bind.TreeTypeAdapter$GsonContextImpl.deserialize(TreeTypeAdapter.java:162) ~[TreeTypeAdapter$GsonContextImpl.class:?]
	at net.minecraft.util.JsonUtils.deserializeClass(JsonUtils.java:359) ~[JsonUtils.class:?]
	at net.minecraft.util.JsonUtils.deserializeClass(JsonUtils.java:381) ~[JsonUtils.class:?]
	at net.minecraft.advancements.Advancement$Builder.deserialize(Advancement.java:295) ~[Advancement$Builder.class:?]
	at net.minecraft.advancements.AdvancementManager$1.deserialize(AdvancementManager.java:50) ~[AdvancementManager$1.class:?]
	at net.minecraft.advancements.AdvancementManager$1.deserialize(AdvancementManager.java:46) ~[AdvancementManager$1.class:?]
	at com.google.gson.internal.bind.TreeTypeAdapter.read(TreeTypeAdapter.java:69) ~[TreeTypeAdapter.class:?]
	at net.minecraft.util.JsonUtils.gsonDeserialize(JsonUtils.java:435) ~[JsonUtils.class:?]
	at net.minecraft.util.JsonUtils.fromJson(JsonUtils.java:485) ~[JsonUtils.class:?]
	at net.minecraft.advancements.AdvancementManager.loadBuiltInAdvancements(AdvancementManager.java:185) [AdvancementManager.class:?]
	at net.minecraft.advancements.AdvancementManager.reload(AdvancementManager.java:69) [AdvancementManager.class:?]
	at net.minecraft.advancements.AdvancementManager.<init>(AdvancementManager.java:61) [AdvancementManager.class:?]
	at net.minecraft.world.WorldServer.init(WorldServer.java:162) [WorldServer.class:?]
	at net.minecraft.server.integrated.IntegratedServer.loadAllWorlds(IntegratedServer.java:123) [IntegratedServer.class:?]
	at net.minecraft.server.integrated.IntegratedServer.init(IntegratedServer.java:160) [IntegratedServer.class:?]
	at net.minecraft.server.MinecraftServer.run(MinecraftServer.java:550) [MinecraftServer.class:?]
	at java.lang.Thread.run(Thread.java:748) [?:1.8.0_161]
[12:27:00] [Server thread/ERROR]: Parsing error loading built-in advancement minecraft:recipes/building_blocks/spruce_planks
com.google.gson.JsonSyntaxException: Unknown recipe 'minecraft:spruce_planks'
	at net.minecraft.advancements.AdvancementRewards$Deserializer.deserialize(AdvancementRewards.java:204) ~[AdvancementRewards$Deserializer.class:?]
	at net.minecraft.advancements.AdvancementRewards$Deserializer.deserialize(AdvancementRewards.java:180) ~[AdvancementRewards$Deserializer.class:?]
	at com.google.gson.internal.bind.TreeTypeAdapter.read(TreeTypeAdapter.java:69) ~[TreeTypeAdapter.class:?]
	at com.google.gson.Gson.fromJson(Gson.java:887) ~[Gson.class:?]
	at com.google.gson.Gson.fromJson(Gson.java:952) ~[Gson.class:?]
	at com.google.gson.internal.bind.TreeTypeAdapter$GsonContextImpl.deserialize(TreeTypeAdapter.java:162) ~[TreeTypeAdapter$GsonContextImpl.class:?]
	at net.minecraft.util.JsonUtils.deserializeClass(JsonUtils.java:359) ~[JsonUtils.class:?]
	at net.minecraft.util.JsonUtils.deserializeClass(JsonUtils.java:381) ~[JsonUtils.class:?]
	at net.minecraft.advancements.Advancement$Builder.deserialize(Advancement.java:295) ~[Advancement$Builder.class:?]
	at net.minecraft.advancements.AdvancementManager$1.deserialize(AdvancementManager.java:50) ~[AdvancementManager$1.class:?]
	at net.minecraft.advancements.AdvancementManager$1.deserialize(AdvancementManager.java:46) ~[AdvancementManager$1.class:?]
	at com.google.gson.internal.bind.TreeTypeAdapter.read(TreeTypeAdapter.java:69) ~[TreeTypeAdapter.class:?]
	at net.minecraft.util.JsonUtils.gsonDeserialize(JsonUtils.java:435) ~[JsonUtils.class:?]
	at net.minecraft.util.JsonUtils.fromJson(JsonUtils.java:485) ~[JsonUtils.class:?]
	at net.minecraft.advancements.AdvancementManager.loadBuiltInAdvancements(AdvancementManager.java:185) [AdvancementManager.class:?]
	at net.minecraft.advancements.AdvancementManager.reload(AdvancementManager.java:69) [AdvancementManager.class:?]
	at net.minecraft.advancements.AdvancementManager.<init>(AdvancementManager.java:61) [AdvancementManager.class:?]
	at net.minecraft.world.WorldServer.init(WorldServer.java:162) [WorldServer.class:?]
	at net.minecraft.server.integrated.IntegratedServer.loadAllWorlds(IntegratedServer.java:123) [IntegratedServer.class:?]
	at net.minecraft.server.integrated.IntegratedServer.init(IntegratedServer.java:160) [IntegratedServer.class:?]
	at net.minecraft.server.MinecraftServer.run(MinecraftServer.java:550) [MinecraftServer.class:?]
	at java.lang.Thread.run(Thread.java:748) [?:1.8.0_161]
[12:27:00] [Server thread/ERROR]: Parsing error loading built-in advancement minecraft:recipes/building_blocks/oak_planks
com.google.gson.JsonSyntaxException: Unknown recipe 'minecraft:oak_planks'
	at net.minecraft.advancements.AdvancementRewards$Deserializer.deserialize(AdvancementRewards.java:204) ~[AdvancementRewards$Deserializer.class:?]
	at net.minecraft.advancements.AdvancementRewards$Deserializer.deserialize(AdvancementRewards.java:180) ~[AdvancementRewards$Deserializer.class:?]
	at com.google.gson.internal.bind.TreeTypeAdapter.read(TreeTypeAdapter.java:69) ~[TreeTypeAdapter.class:?]
	at com.google.gson.Gson.fromJson(Gson.java:887) ~[Gson.class:?]
	at com.google.gson.Gson.fromJson(Gson.java:952) ~[Gson.class:?]
	at com.google.gson.internal.bind.TreeTypeAdapter$GsonContextImpl.deserialize(TreeTypeAdapter.java:162) ~[TreeTypeAdapter$GsonContextImpl.class:?]
	at net.minecraft.util.JsonUtils.deserializeClass(JsonUtils.java:359) ~[JsonUtils.class:?]
	at net.minecraft.util.JsonUtils.deserializeClass(JsonUtils.java:381) ~[JsonUtils.class:?]
	at net.minecraft.advancements.Advancement$Builder.deserialize(Advancement.java:295) ~[Advancement$Builder.class:?]
	at net.minecraft.advancements.AdvancementManager$1.deserialize(AdvancementManager.java:50) ~[AdvancementManager$1.class:?]
	at net.minecraft.advancements.AdvancementManager$1.deserialize(AdvancementManager.java:46) ~[AdvancementManager$1.class:?]
	at com.google.gson.internal.bind.TreeTypeAdapter.read(TreeTypeAdapter.java:69) ~[TreeTypeAdapter.class:?]
	at net.minecraft.util.JsonUtils.gsonDeserialize(JsonUtils.java:435) ~[JsonUtils.class:?]
	at net.minecraft.util.JsonUtils.fromJson(JsonUtils.java:485) ~[JsonUtils.class:?]
	at net.minecraft.advancements.AdvancementManager.loadBuiltInAdvancements(AdvancementManager.java:185) [AdvancementManager.class:?]
	at net.minecraft.advancements.AdvancementManager.reload(AdvancementManager.java:69) [AdvancementManager.class:?]
	at net.minecraft.advancements.AdvancementManager.<init>(AdvancementManager.java:61) [AdvancementManager.class:?]
	at net.minecraft.world.WorldServer.init(WorldServer.java:162) [WorldServer.class:?]
	at net.minecraft.server.integrated.IntegratedServer.loadAllWorlds(IntegratedServer.java:123) [IntegratedServer.class:?]
	at net.minecraft.server.integrated.IntegratedServer.init(IntegratedServer.java:160) [IntegratedServer.class:?]
	at net.minecraft.server.MinecraftServer.run(MinecraftServer.java:550) [MinecraftServer.class:?]
	at java.lang.Thread.run(Thread.java:748) [?:1.8.0_161]
[12:27:00] [Server thread/ERROR]: Parsing error loading built-in advancement minecraft:recipes/building_blocks/jungle_planks
com.google.gson.JsonSyntaxException: Unknown recipe 'minecraft:jungle_planks'
	at net.minecraft.advancements.AdvancementRewards$Deserializer.deserialize(AdvancementRewards.java:204) ~[AdvancementRewards$Deserializer.class:?]
	at net.minecraft.advancements.AdvancementRewards$Deserializer.deserialize(AdvancementRewards.java:180) ~[AdvancementRewards$Deserializer.class:?]
	at com.google.gson.internal.bind.TreeTypeAdapter.read(TreeTypeAdapter.java:69) ~[TreeTypeAdapter.class:?]
	at com.google.gson.Gson.fromJson(Gson.java:887) ~[Gson.class:?]
	at com.google.gson.Gson.fromJson(Gson.java:952) ~[Gson.class:?]
	at com.google.gson.internal.bind.TreeTypeAdapter$GsonContextImpl.deserialize(TreeTypeAdapter.java:162) ~[TreeTypeAdapter$GsonContextImpl.class:?]
	at net.minecraft.util.JsonUtils.deserializeClass(JsonUtils.java:359) ~[JsonUtils.class:?]
	at net.minecraft.util.JsonUtils.deserializeClass(JsonUtils.java:381) ~[JsonUtils.class:?]
	at net.minecraft.advancements.Advancement$Builder.deserialize(Advancement.java:295) ~[Advancement$Builder.class:?]
	at net.minecraft.advancements.AdvancementManager$1.deserialize(AdvancementManager.java:50) ~[AdvancementManager$1.class:?]
	at net.minecraft.advancements.AdvancementManager$1.deserialize(AdvancementManager.java:46) ~[AdvancementManager$1.class:?]
	at com.google.gson.internal.bind.TreeTypeAdapter.read(TreeTypeAdapter.java:69) ~[TreeTypeAdapter.class:?]
	at net.minecraft.util.JsonUtils.gsonDeserialize(JsonUtils.java:435) ~[JsonUtils.class:?]
	at net.minecraft.util.JsonUtils.fromJson(JsonUtils.java:485) ~[JsonUtils.class:?]
	at net.minecraft.advancements.AdvancementManager.loadBuiltInAdvancements(AdvancementManager.java:185) [AdvancementManager.class:?]
	at net.minecraft.advancements.AdvancementManager.reload(AdvancementManager.java:69) [AdvancementManager.class:?]
	at net.minecraft.advancements.AdvancementManager.<init>(AdvancementManager.java:61) [AdvancementManager.class:?]
	at net.minecraft.world.WorldServer.init(WorldServer.java:162) [WorldServer.class:?]
	at net.minecraft.server.integrated.IntegratedServer.loadAllWorlds(IntegratedServer.java:123) [IntegratedServer.class:?]
	at net.minecraft.server.integrated.IntegratedServer.init(IntegratedServer.java:160) [IntegratedServer.class:?]
	at net.minecraft.server.MinecraftServer.run(MinecraftServer.java:550) [MinecraftServer.class:?]
	at java.lang.Thread.run(Thread.java:748) [?:1.8.0_161]
[12:27:00] [Server thread/ERROR]: Parsing error loading built-in advancement minecraft:recipes/building_blocks/dark_oak_planks
com.google.gson.JsonSyntaxException: Unknown recipe 'minecraft:dark_oak_planks'
	at net.minecraft.advancements.AdvancementRewards$Deserializer.deserialize(AdvancementRewards.java:204) ~[AdvancementRewards$Deserializer.class:?]
	at net.minecraft.advancements.AdvancementRewards$Deserializer.deserialize(AdvancementRewards.java:180) ~[AdvancementRewards$Deserializer.class:?]
	at com.google.gson.internal.bind.TreeTypeAdapter.read(TreeTypeAdapter.java:69) ~[TreeTypeAdapter.class:?]
	at com.google.gson.Gson.fromJson(Gson.java:887) ~[Gson.class:?]
	at com.google.gson.Gson.fromJson(Gson.java:952) ~[Gson.class:?]
	at com.google.gson.internal.bind.TreeTypeAdapter$GsonContextImpl.deserialize(TreeTypeAdapter.java:162) ~[TreeTypeAdapter$GsonContextImpl.class:?]
	at net.minecraft.util.JsonUtils.deserializeClass(JsonUtils.java:359) ~[JsonUtils.class:?]
	at net.minecraft.util.JsonUtils.deserializeClass(JsonUtils.java:381) ~[JsonUtils.class:?]
	at net.minecraft.advancements.Advancement$Builder.deserialize(Advancement.java:295) ~[Advancement$Builder.class:?]
	at net.minecraft.advancements.AdvancementManager$1.deserialize(AdvancementManager.java:50) ~[AdvancementManager$1.class:?]
	at net.minecraft.advancements.AdvancementManager$1.deserialize(AdvancementManager.java:46) ~[AdvancementManager$1.class:?]
	at com.google.gson.internal.bind.TreeTypeAdapter.read(TreeTypeAdapter.java:69) ~[TreeTypeAdapter.class:?]
	at net.minecraft.util.JsonUtils.gsonDeserialize(JsonUtils.java:435) ~[JsonUtils.class:?]
	at net.minecraft.util.JsonUtils.fromJson(JsonUtils.java:485) ~[JsonUtils.class:?]
	at net.minecraft.advancements.AdvancementManager.loadBuiltInAdvancements(AdvancementManager.java:185) [AdvancementManager.class:?]
	at net.minecraft.advancements.AdvancementManager.reload(AdvancementManager.java:69) [AdvancementManager.class:?]
	at net.minecraft.advancements.AdvancementManager.<init>(AdvancementManager.java:61) [AdvancementManager.class:?]
	at net.minecraft.world.WorldServer.init(WorldServer.java:162) [WorldServer.class:?]
	at net.minecraft.server.integrated.IntegratedServer.loadAllWorlds(IntegratedServer.java:123) [IntegratedServer.class:?]
	at net.minecraft.server.integrated.IntegratedServer.init(IntegratedServer.java:160) [IntegratedServer.class:?]
	at net.minecraft.server.MinecraftServer.run(MinecraftServer.java:550) [MinecraftServer.class:?]
	at java.lang.Thread.run(Thread.java:748) [?:1.8.0_161]
[12:27:00] [Server thread/ERROR]: Parsing error loading built-in advancement minecraft:recipes/building_blocks/birch_planks
com.google.gson.JsonSyntaxException: Unknown recipe 'minecraft:birch_planks'
	at net.minecraft.advancements.AdvancementRewards$Deserializer.deserialize(AdvancementRewards.java:204) ~[AdvancementRewards$Deserializer.class:?]
	at net.minecraft.advancements.AdvancementRewards$Deserializer.deserialize(AdvancementRewards.java:180) ~[AdvancementRewards$Deserializer.class:?]
	at com.google.gson.internal.bind.TreeTypeAdapter.read(TreeTypeAdapter.java:69) ~[TreeTypeAdapter.class:?]
	at com.google.gson.Gson.fromJson(Gson.java:887) ~[Gson.class:?]
	at com.google.gson.Gson.fromJson(Gson.java:952) ~[Gson.class:?]
	at com.google.gson.internal.bind.TreeTypeAdapter$GsonContextImpl.deserialize(TreeTypeAdapter.java:162) ~[TreeTypeAdapter$GsonContextImpl.class:?]
	at net.minecraft.util.JsonUtils.deserializeClass(JsonUtils.java:359) ~[JsonUtils.class:?]
	at net.minecraft.util.JsonUtils.deserializeClass(JsonUtils.java:381) ~[JsonUtils.class:?]
	at net.minecraft.advancements.Advancement$Builder.deserialize(Advancement.java:295) ~[Advancement$Builder.class:?]
	at net.minecraft.advancements.AdvancementManager$1.deserialize(AdvancementManager.java:50) ~[AdvancementManager$1.class:?]
	at net.minecraft.advancements.AdvancementManager$1.deserialize(AdvancementManager.java:46) ~[AdvancementManager$1.class:?]
	at com.google.gson.internal.bind.TreeTypeAdapter.read(TreeTypeAdapter.java:69) ~[TreeTypeAdapter.class:?]
	at net.minecraft.util.JsonUtils.gsonDeserialize(JsonUtils.java:435) ~[JsonUtils.class:?]
	at net.minecraft.util.JsonUtils.fromJson(JsonUtils.java:485) ~[JsonUtils.class:?]
	at net.minecraft.advancements.AdvancementManager.loadBuiltInAdvancements(AdvancementManager.java:185) [AdvancementManager.class:?]
	at net.minecraft.advancements.AdvancementManager.reload(AdvancementManager.java:69) [AdvancementManager.class:?]
	at net.minecraft.advancements.AdvancementManager.<init>(AdvancementManager.java:61) [AdvancementManager.class:?]
	at net.minecraft.world.WorldServer.init(WorldServer.java:162) [WorldServer.class:?]
	at net.minecraft.server.integrated.IntegratedServer.loadAllWorlds(IntegratedServer.java:123) [IntegratedServer.class:?]
	at net.minecraft.server.integrated.IntegratedServer.init(IntegratedServer.java:160) [IntegratedServer.class:?]
	at net.minecraft.server.MinecraftServer.run(MinecraftServer.java:550) [MinecraftServer.class:?]
	at java.lang.Thread.run(Thread.java:748) [?:1.8.0_161]
[12:27:00] [Server thread/ERROR]: Parsing error loading built-in advancement minecraft:recipes/building_blocks/acacia_planks
com.google.gson.JsonSyntaxException: Unknown recipe 'minecraft:acacia_planks'
	at net.minecraft.advancements.AdvancementRewards$Deserializer.deserialize(AdvancementRewards.java:204) ~[AdvancementRewards$Deserializer.class:?]
	at net.minecraft.advancements.AdvancementRewards$Deserializer.deserialize(AdvancementRewards.java:180) ~[AdvancementRewards$Deserializer.class:?]
	at com.google.gson.internal.bind.TreeTypeAdapter.read(TreeTypeAdapter.java:69) ~[TreeTypeAdapter.class:?]
	at com.google.gson.Gson.fromJson(Gson.java:887) ~[Gson.class:?]
	at com.google.gson.Gson.fromJson(Gson.java:952) ~[Gson.class:?]
	at com.google.gson.internal.bind.TreeTypeAdapter$GsonContextImpl.deserialize(TreeTypeAdapter.java:162) ~[TreeTypeAdapter$GsonContextImpl.class:?]
	at net.minecraft.util.JsonUtils.deserializeClass(JsonUtils.java:359) ~[JsonUtils.class:?]
	at net.minecraft.util.JsonUtils.deserializeClass(JsonUtils.java:381) ~[JsonUtils.class:?]
	at net.minecraft.advancements.Advancement$Builder.deserialize(Advancement.java:295) ~[Advancement$Builder.class:?]
	at net.minecraft.advancements.AdvancementManager$1.deserialize(AdvancementManager.java:50) ~[AdvancementManager$1.class:?]
	at net.minecraft.advancements.AdvancementManager$1.deserialize(AdvancementManager.java:46) ~[AdvancementManager$1.class:?]
	at com.google.gson.internal.bind.TreeTypeAdapter.read(TreeTypeAdapter.java:69) ~[TreeTypeAdapter.class:?]
	at net.minecraft.util.JsonUtils.gsonDeserialize(JsonUtils.java:435) ~[JsonUtils.class:?]
	at net.minecraft.util.JsonUtils.fromJson(JsonUtils.java:485) ~[JsonUtils.class:?]
	at net.minecraft.advancements.AdvancementManager.loadBuiltInAdvancements(AdvancementManager.java:185) [AdvancementManager.class:?]
	at net.minecraft.advancements.AdvancementManager.reload(AdvancementManager.java:69) [AdvancementManager.class:?]
	at net.minecraft.advancements.AdvancementManager.<init>(AdvancementManager.java:61) [AdvancementManager.class:?]
	at net.minecraft.world.WorldServer.init(WorldServer.java:162) [WorldServer.class:?]
	at net.minecraft.server.integrated.IntegratedServer.loadAllWorlds(IntegratedServer.java:123) [IntegratedServer.class:?]
	at net.minecraft.server.integrated.IntegratedServer.init(IntegratedServer.java:160) [IntegratedServer.class:?]
	at net.minecraft.server.MinecraftServer.run(MinecraftServer.java:550) [MinecraftServer.class:?]
	at java.lang.Thread.run(Thread.java:748) [?:1.8.0_161]
[12:27:00] [Server thread/ERROR]: Parsing error loading built-in advancement minecraft:recipes/brewing/golden_carrot
com.google.gson.JsonSyntaxException: Unknown recipe 'minecraft:golden_carrot'
	at net.minecraft.advancements.AdvancementRewards$Deserializer.deserialize(AdvancementRewards.java:204) ~[AdvancementRewards$Deserializer.class:?]
	at net.minecraft.advancements.AdvancementRewards$Deserializer.deserialize(AdvancementRewards.java:180) ~[AdvancementRewards$Deserializer.class:?]
	at com.google.gson.internal.bind.TreeTypeAdapter.read(TreeTypeAdapter.java:69) ~[TreeTypeAdapter.class:?]
	at com.google.gson.Gson.fromJson(Gson.java:887) ~[Gson.class:?]
	at com.google.gson.Gson.fromJson(Gson.java:952) ~[Gson.class:?]
	at com.google.gson.internal.bind.TreeTypeAdapter$GsonContextImpl.deserialize(TreeTypeAdapter.java:162) ~[TreeTypeAdapter$GsonContextImpl.class:?]
	at net.minecraft.util.JsonUtils.deserializeClass(JsonUtils.java:359) ~[JsonUtils.class:?]
	at net.minecraft.util.JsonUtils.deserializeClass(JsonUtils.java:381) ~[JsonUtils.class:?]
	at net.minecraft.advancements.Advancement$Builder.deserialize(Advancement.java:295) ~[Advancement$Builder.class:?]
	at net.minecraft.advancements.AdvancementManager$1.deserialize(AdvancementManager.java:50) ~[AdvancementManager$1.class:?]
	at net.minecraft.advancements.AdvancementManager$1.deserialize(AdvancementManager.java:46) ~[AdvancementManager$1.class:?]
	at com.google.gson.internal.bind.TreeTypeAdapter.read(TreeTypeAdapter.java:69) ~[TreeTypeAdapter.class:?]
	at net.minecraft.util.JsonUtils.gsonDeserialize(JsonUtils.java:435) ~[JsonUtils.class:?]
	at net.minecraft.util.JsonUtils.fromJson(JsonUtils.java:485) ~[JsonUtils.class:?]
	at net.minecraft.advancements.AdvancementManager.loadBuiltInAdvancements(AdvancementManager.java:185) [AdvancementManager.class:?]
	at net.minecraft.advancements.AdvancementManager.reload(AdvancementManager.java:69) [AdvancementManager.class:?]
	at net.minecraft.advancements.AdvancementManager.<init>(AdvancementManager.java:61) [AdvancementManager.class:?]
	at net.minecraft.world.WorldServer.init(WorldServer.java:162) [WorldServer.class:?]
	at net.minecraft.server.integrated.IntegratedServer.loadAllWorlds(IntegratedServer.java:123) [IntegratedServer.class:?]
	at net.minecraft.server.integrated.IntegratedServer.init(IntegratedServer.java:160) [IntegratedServer.class:?]
	at net.minecraft.server.MinecraftServer.run(MinecraftServer.java:550) [MinecraftServer.class:?]
	at java.lang.Thread.run(Thread.java:748) [?:1.8.0_161]
[12:27:00] [Server thread/INFO]: Loaded 467 advancements
[12:27:00] [Server thread/INFO]: Preparing start region for level 0
[12:27:01] [Server thread/INFO]: Preparing spawn area: 46%
[12:27:02] [Server thread/INFO]: Changing view distance to 12, from 10
[12:27:03] [Server thread/INFO]: Player576[local:E:c3970f7e] logged in with entity id 177 at (-159.30000001192093, 100.0, -47.41843860864267)
[12:27:03] [Server thread/INFO]: Player576 joined the game
[12:27:05] [Server thread/INFO]: Saving and pausing game...
[12:27:05] [Server thread/INFO]: Saving chunks for level 'New World'/overworld
[12:27:05] [Server thread/INFO]: Saving chunks for level 'New World'/the_nether
[12:27:05] [Server thread/INFO]: Saving chunks for level 'New World'/the_end
[12:27:05] [pool-2-thread-1/WARN]: Couldn't look up profile properties for com.mojang.authlib.GameProfile@57d0b76b[id=c6c946a7-7334-3c2c-8670-50d9130a2dd5,name=Player576,properties={},legacy=false]
com.mojang.authlib.exceptions.AuthenticationException: The client has sent too many requests within a certain amount of time
	at com.mojang.authlib.yggdrasil.YggdrasilAuthenticationService.makeRequest(YggdrasilAuthenticationService.java:79) ~[YggdrasilAuthenticationService.class:?]
	at com.mojang.authlib.yggdrasil.YggdrasilMinecraftSessionService.fillGameProfile(YggdrasilMinecraftSessionService.java:180) [YggdrasilMinecraftSessionService.class:?]
	at com.mojang.authlib.yggdrasil.YggdrasilMinecraftSessionService$1.load(YggdrasilMinecraftSessionService.java:60) [YggdrasilMinecraftSessionService$1.class:?]
	at com.mojang.authlib.yggdrasil.YggdrasilMinecraftSessionService$1.load(YggdrasilMinecraftSessionService.java:57) [YggdrasilMinecraftSessionService$1.class:?]
	at com.google.common.cache.LocalCache$LoadingValueReference.loadFuture(LocalCache.java:3716) [guava-21.0.jar:?]
	at com.google.common.cache.LocalCache$Segment.loadSync(LocalCache.java:2424) [guava-21.0.jar:?]
	at com.google.common.cache.LocalCache$Segment.lockedGetOrLoad(LocalCache.java:2298) [guava-21.0.jar:?]
	at com.google.common.cache.LocalCache$Segment.get(LocalCache.java:2211) [guava-21.0.jar:?]
	at com.google.common.cache.LocalCache.get(LocalCache.java:4154) [guava-21.0.jar:?]
	at com.google.common.cache.LocalCache.getOrLoad(LocalCache.java:4158) [guava-21.0.jar:?]
	at com.google.common.cache.LocalCache$LocalLoadingCache.get(LocalCache.java:5147) [guava-21.0.jar:?]
	at com.google.common.cache.LocalCache$LocalLoadingCache.getUnchecked(LocalCache.java:5153) [guava-21.0.jar:?]
	at com.mojang.authlib.yggdrasil.YggdrasilMinecraftSessionService.fillProfileProperties(YggdrasilMinecraftSessionService.java:170) [YggdrasilMinecraftSessionService.class:?]
	at net.minecraft.client.Minecraft.getProfileProperties(Minecraft.java:3190) [Minecraft.class:?]
	at net.minecraft.client.resources.SkinManager$3.run(SkinManager.java:138) [SkinManager$3.class:?]
	at java.util.concurrent.Executors$RunnableAdapter.call(Executors.java:511) [?:1.8.0_161]
	at java.util.concurrent.FutureTask.run$$$capture(FutureTask.java:266) [?:1.8.0_161]
	at java.util.concurrent.FutureTask.run(FutureTask.java) [?:1.8.0_161]
	at java.util.concurrent.ThreadPoolExecutor.runWorker(ThreadPoolExecutor.java:1149) [?:1.8.0_161]
	at java.util.concurrent.ThreadPoolExecutor$Worker.run(ThreadPoolExecutor.java:624) [?:1.8.0_161]
	at java.lang.Thread.run(Thread.java:748) [?:1.8.0_161]
[12:27:05] [main/INFO]: [CHAT] This server is in BETA, please report any issues and suggestions on the discord.
[12:27:17] [Server thread/INFO]: [Player576: Object successfully summoned]
[12:27:17] [main/INFO]: [CHAT] Object successfully summoned
[12:27:32] [Server thread/INFO]: [Player576: Killed entity.EntityTornado.name]
[12:27:32] [main/INFO]: [CHAT] Killed entity.EntityTornado.name
[12:27:38] [Server thread/INFO]: [Player576: Object successfully summoned]
[12:27:38] [main/INFO]: [CHAT] Object successfully summoned
[12:27:42] [Server thread/INFO]: Saving and pausing game...
[12:27:42] [Server thread/INFO]: Saving chunks for level 'New World'/overworld
[12:27:42] [Server thread/INFO]: Saving chunks for level 'New World'/the_nether
[12:27:42] [Server thread/INFO]: Saving chunks for level 'New World'/the_end
[12:28:00] [Server thread/WARN]: Can't keep up! Did the system time change, or is the server overloaded? Running 4711ms behind, skipping 94 tick(s)
[12:28:23] [Server thread/WARN]: Can't keep up! Did the system time change, or is the server overloaded? Running 12070ms behind, skipping 241 tick(s)
[12:28:36] [Server thread/WARN]: Can't keep up! Did the system time change, or is the server overloaded? Running 6918ms behind, skipping 138 tick(s)
