[02:56:48] [main/INFO]: Setting user: Player107
[02:56:54] [main/WARN]: Skipping bad option: lastServer:
[02:56:54] [main/INFO]: LWJGL Version: 2.9.4
[02:56:59] [main/INFO]: Reloading ResourceManager: Default, FMLFileResourcePack:Forge Mod Loader, FMLFileResourcePack:Minecraft Forge, FMLFileResourcePack:Mythria
[02:57:04] [Sound Library Loader/INFO]: Starting up SoundSystem...
[02:57:04] [Thread-5/INFO]: Initializing LWJGL OpenAL
[02:57:04] [Thread-5/INFO]: (The LWJGL binding of OpenAL.  For more information, see http://www.lwjgl.org)
[02:57:04] [Thread-5/INFO]: OpenAL initialized.
[02:57:04] [Sound Library Loader/INFO]: Sound engine started
[02:57:11] [main/INFO]: Created: 512x512 textures-atlas
[02:57:13] [main/WARN]: Skipping bad option: lastServer:
[02:57:14] [main/INFO]: Narrator library for x64 successfully loaded
[02:57:14] [Realms Notification Availability checker #1/INFO]: Could not authorize you against Realms server: Invalid session id
[02:57:21] [Server thread/INFO]: Starting integrated minecraft server version 1.12.2
[02:57:21] [Server thread/INFO]: Generating keypair
[02:57:23] [Server thread/ERROR]: Parsing error loading built-in advancement minecraft:recipes/tools/wooden_shovel
com.google.gson.JsonSyntaxException: Unknown recipe 'minecraft:wooden_shovel'
	at net.minecraft.advancements.AdvancementRewards$Deserializer.deserialize(AdvancementRewards.java:204) ~[AdvancementRewards$Deserializer.class:?]
	at net.minecraft.advancements.AdvancementRewards$Deserializer.deserialize(AdvancementRewards.java:180) ~[AdvancementRewards$Deserializer.class:?]
	at com.google.gson.internal.bind.TreeTypeAdapter.read(TreeTypeAdapter.java:69) ~[TreeTypeAdapter.class:?]
	at com.google.gson.Gson.fromJson(Gson.java:887) ~[Gson.class:?]
	at com.google.gson.Gson.fromJson(Gson.java:952) ~[Gson.class:?]
	at com.google.gson.internal.bind.TreeTypeAdapter$GsonContextImpl.deserialize(TreeTypeAdapter.java:162) ~[TreeTypeAdapter$GsonContextImpl.class:?]
	at net.minecraft.util.JsonUtils.deserializeClass(JsonUtils.java:359) ~[JsonUtils.class:?]
	at net.minecraft.util.JsonUtils.deserializeClass(JsonUtils.java:381) ~[JsonUtils.class:?]
	at net.minecraft.advancements.Advancement$Builder.deserialize(Advancement.java:295) ~[Advancement$Builder.class:?]
	at net.minecraft.advancements.AdvancementManager$1.deserialize(AdvancementManager.java:50) ~[AdvancementManager$1.class:?]
	at net.minecraft.advancements.AdvancementManager$1.deserialize(AdvancementManager.java:46) ~[AdvancementManager$1.class:?]
	at com.google.gson.internal.bind.TreeTypeAdapter.read(TreeTypeAdapter.java:69) ~[TreeTypeAdapter.class:?]
	at net.minecraft.util.JsonUtils.gsonDeserialize(JsonUtils.java:435) ~[JsonUtils.class:?]
	at net.minecraft.util.JsonUtils.fromJson(JsonUtils.java:485) ~[JsonUtils.class:?]
	at net.minecraft.advancements.AdvancementManager.loadBuiltInAdvancements(AdvancementManager.java:185) [AdvancementManager.class:?]
	at net.minecraft.advancements.AdvancementManager.reload(AdvancementManager.java:69) [AdvancementManager.class:?]
	at net.minecraft.advancements.AdvancementManager.<init>(AdvancementManager.java:61) [AdvancementManager.class:?]
	at net.minecraft.world.WorldServer.init(WorldServer.java:162) [WorldServer.class:?]
	at net.minecraft.server.integrated.IntegratedServer.loadAllWorlds(IntegratedServer.java:123) [IntegratedServer.class:?]
	at net.minecraft.server.integrated.IntegratedServer.init(IntegratedServer.java:160) [IntegratedServer.class:?]
	at net.minecraft.server.MinecraftServer.run(MinecraftServer.java:550) [MinecraftServer.class:?]
	at java.lang.Thread.run(Thread.java:748) [?:1.8.0_161]
[02:57:23] [Server thread/ERROR]: Parsing error loading built-in advancement minecraft:recipes/tools/wooden_pickaxe
com.google.gson.JsonSyntaxException: Unknown recipe 'minecraft:wooden_pickaxe'
	at net.minecraft.advancements.AdvancementRewards$Deserializer.deserialize(AdvancementRewards.java:204) ~[AdvancementRewards$Deserializer.class:?]
	at net.minecraft.advancements.AdvancementRewards$Deserializer.deserialize(AdvancementRewards.java:180) ~[AdvancementRewards$Deserializer.class:?]
	at com.google.gson.internal.bind.TreeTypeAdapter.read(TreeTypeAdapter.java:69) ~[TreeTypeAdapter.class:?]
	at com.google.gson.Gson.fromJson(Gson.java:887) ~[Gson.class:?]
	at com.google.gson.Gson.fromJson(Gson.java:952) ~[Gson.class:?]
	at com.google.gson.internal.bind.TreeTypeAdapter$GsonContextImpl.deserialize(TreeTypeAdapter.java:162) ~[TreeTypeAdapter$GsonContextImpl.class:?]
	at net.minecraft.util.JsonUtils.deserializeClass(JsonUtils.java:359) ~[JsonUtils.class:?]
	at net.minecraft.util.JsonUtils.deserializeClass(JsonUtils.java:381) ~[JsonUtils.class:?]
	at net.minecraft.advancements.Advancement$Builder.deserialize(Advancement.java:295) ~[Advancement$Builder.class:?]
	at net.minecraft.advancements.AdvancementManager$1.deserialize(AdvancementManager.java:50) ~[AdvancementManager$1.class:?]
	at net.minecraft.advancements.AdvancementManager$1.deserialize(AdvancementManager.java:46) ~[AdvancementManager$1.class:?]
	at com.google.gson.internal.bind.TreeTypeAdapter.read(TreeTypeAdapter.java:69) ~[TreeTypeAdapter.class:?]
	at net.minecraft.util.JsonUtils.gsonDeserialize(JsonUtils.java:435) ~[JsonUtils.class:?]
	at net.minecraft.util.JsonUtils.fromJson(JsonUtils.java:485) ~[JsonUtils.class:?]
	at net.minecraft.advancements.AdvancementManager.loadBuiltInAdvancements(AdvancementManager.java:185) [AdvancementManager.class:?]
	at net.minecraft.advancements.AdvancementManager.reload(AdvancementManager.java:69) [AdvancementManager.class:?]
	at net.minecraft.advancements.AdvancementManager.<init>(AdvancementManager.java:61) [AdvancementManager.class:?]
	at net.minecraft.world.WorldServer.init(WorldServer.java:162) [WorldServer.class:?]
	at net.minecraft.server.integrated.IntegratedServer.loadAllWorlds(IntegratedServer.java:123) [IntegratedServer.class:?]
	at net.minecraft.server.integrated.IntegratedServer.init(IntegratedServer.java:160) [IntegratedServer.class:?]
	at net.minecraft.server.MinecraftServer.run(MinecraftServer.java:550) [MinecraftServer.class:?]
	at java.lang.Thread.run(Thread.java:748) [?:1.8.0_161]
[02:57:23] [Server thread/ERROR]: Parsing error loading built-in advancement minecraft:recipes/tools/wooden_hoe
com.google.gson.JsonSyntaxException: Unknown recipe 'minecraft:wooden_hoe'
	at net.minecraft.advancements.AdvancementRewards$Deserializer.deserialize(AdvancementRewards.java:204) ~[AdvancementRewards$Deserializer.class:?]
	at net.minecraft.advancements.AdvancementRewards$Deserializer.deserialize(AdvancementRewards.java:180) ~[AdvancementRewards$Deserializer.class:?]
	at com.google.gson.internal.bind.TreeTypeAdapter.read(TreeTypeAdapter.java:69) ~[TreeTypeAdapter.class:?]
	at com.google.gson.Gson.fromJson(Gson.java:887) ~[Gson.class:?]
	at com.google.gson.Gson.fromJson(Gson.java:952) ~[Gson.class:?]
	at com.google.gson.internal.bind.TreeTypeAdapter$GsonContextImpl.deserialize(TreeTypeAdapter.java:162) ~[TreeTypeAdapter$GsonContextImpl.class:?]
	at net.minecraft.util.JsonUtils.deserializeClass(JsonUtils.java:359) ~[JsonUtils.class:?]
	at net.minecraft.util.JsonUtils.deserializeClass(JsonUtils.java:381) ~[JsonUtils.class:?]
	at net.minecraft.advancements.Advancement$Builder.deserialize(Advancement.java:295) ~[Advancement$Builder.class:?]
	at net.minecraft.advancements.AdvancementManager$1.deserialize(AdvancementManager.java:50) ~[AdvancementManager$1.class:?]
	at net.minecraft.advancements.AdvancementManager$1.deserialize(AdvancementManager.java:46) ~[AdvancementManager$1.class:?]
	at com.google.gson.internal.bind.TreeTypeAdapter.read(TreeTypeAdapter.java:69) ~[TreeTypeAdapter.class:?]
	at net.minecraft.util.JsonUtils.gsonDeserialize(JsonUtils.java:435) ~[JsonUtils.class:?]
	at net.minecraft.util.JsonUtils.fromJson(JsonUtils.java:485) ~[JsonUtils.class:?]
	at net.minecraft.advancements.AdvancementManager.loadBuiltInAdvancements(AdvancementManager.java:185) [AdvancementManager.class:?]
	at net.minecraft.advancements.AdvancementManager.reload(AdvancementManager.java:69) [AdvancementManager.class:?]
	at net.minecraft.advancements.AdvancementManager.<init>(AdvancementManager.java:61) [AdvancementManager.class:?]
	at net.minecraft.world.WorldServer.init(WorldServer.java:162) [WorldServer.class:?]
	at net.minecraft.server.integrated.IntegratedServer.loadAllWorlds(IntegratedServer.java:123) [IntegratedServer.class:?]
	at net.minecraft.server.integrated.IntegratedServer.init(IntegratedServer.java:160) [IntegratedServer.class:?]
	at net.minecraft.server.MinecraftServer.run(MinecraftServer.java:550) [MinecraftServer.class:?]
	at java.lang.Thread.run(Thread.java:748) [?:1.8.0_161]
[02:57:23] [Server thread/ERROR]: Parsing error loading built-in advancement minecraft:recipes/tools/wooden_axe
com.google.gson.JsonSyntaxException: Unknown recipe 'minecraft:wooden_axe'
	at net.minecraft.advancements.AdvancementRewards$Deserializer.deserialize(AdvancementRewards.java:204) ~[AdvancementRewards$Deserializer.class:?]
	at net.minecraft.advancements.AdvancementRewards$Deserializer.deserialize(AdvancementRewards.java:180) ~[AdvancementRewards$Deserializer.class:?]
	at com.google.gson.internal.bind.TreeTypeAdapter.read(TreeTypeAdapter.java:69) ~[TreeTypeAdapter.class:?]
	at com.google.gson.Gson.fromJson(Gson.java:887) ~[Gson.class:?]
	at com.google.gson.Gson.fromJson(Gson.java:952) ~[Gson.class:?]
	at com.google.gson.internal.bind.TreeTypeAdapter$GsonContextImpl.deserialize(TreeTypeAdapter.java:162) ~[TreeTypeAdapter$GsonContextImpl.class:?]
	at net.minecraft.util.JsonUtils.deserializeClass(JsonUtils.java:359) ~[JsonUtils.class:?]
	at net.minecraft.util.JsonUtils.deserializeClass(JsonUtils.java:381) ~[JsonUtils.class:?]
	at net.minecraft.advancements.Advancement$Builder.deserialize(Advancement.java:295) ~[Advancement$Builder.class:?]
	at net.minecraft.advancements.AdvancementManager$1.deserialize(AdvancementManager.java:50) ~[AdvancementManager$1.class:?]
	at net.minecraft.advancements.AdvancementManager$1.deserialize(AdvancementManager.java:46) ~[AdvancementManager$1.class:?]
	at com.google.gson.internal.bind.TreeTypeAdapter.read(TreeTypeAdapter.java:69) ~[TreeTypeAdapter.class:?]
	at net.minecraft.util.JsonUtils.gsonDeserialize(JsonUtils.java:435) ~[JsonUtils.class:?]
	at net.minecraft.util.JsonUtils.fromJson(JsonUtils.java:485) ~[JsonUtils.class:?]
	at net.minecraft.advancements.AdvancementManager.loadBuiltInAdvancements(AdvancementManager.java:185) [AdvancementManager.class:?]
	at net.minecraft.advancements.AdvancementManager.reload(AdvancementManager.java:69) [AdvancementManager.class:?]
	at net.minecraft.advancements.AdvancementManager.<init>(AdvancementManager.java:61) [AdvancementManager.class:?]
	at net.minecraft.world.WorldServer.init(WorldServer.java:162) [WorldServer.class:?]
	at net.minecraft.server.integrated.IntegratedServer.loadAllWorlds(IntegratedServer.java:123) [IntegratedServer.class:?]
	at net.minecraft.server.integrated.IntegratedServer.init(IntegratedServer.java:160) [IntegratedServer.class:?]
	at net.minecraft.server.MinecraftServer.run(MinecraftServer.java:550) [MinecraftServer.class:?]
	at java.lang.Thread.run(Thread.java:748) [?:1.8.0_161]
[02:57:23] [Server thread/ERROR]: Parsing error loading built-in advancement minecraft:recipes/food/rabbit_stew_from_red_mushroom
com.google.gson.JsonSyntaxException: Unknown recipe 'minecraft:rabbit_stew_from_red_mushroom'
	at net.minecraft.advancements.AdvancementRewards$Deserializer.deserialize(AdvancementRewards.java:204) ~[AdvancementRewards$Deserializer.class:?]
	at net.minecraft.advancements.AdvancementRewards$Deserializer.deserialize(AdvancementRewards.java:180) ~[AdvancementRewards$Deserializer.class:?]
	at com.google.gson.internal.bind.TreeTypeAdapter.read(TreeTypeAdapter.java:69) ~[TreeTypeAdapter.class:?]
	at com.google.gson.Gson.fromJson(Gson.java:887) ~[Gson.class:?]
	at com.google.gson.Gson.fromJson(Gson.java:952) ~[Gson.class:?]
	at com.google.gson.internal.bind.TreeTypeAdapter$GsonContextImpl.deserialize(TreeTypeAdapter.java:162) ~[TreeTypeAdapter$GsonContextImpl.class:?]
	at net.minecraft.util.JsonUtils.deserializeClass(JsonUtils.java:359) ~[JsonUtils.class:?]
	at net.minecraft.util.JsonUtils.deserializeClass(JsonUtils.java:381) ~[JsonUtils.class:?]
	at net.minecraft.advancements.Advancement$Builder.deserialize(Advancement.java:295) ~[Advancement$Builder.class:?]
	at net.minecraft.advancements.AdvancementManager$1.deserialize(AdvancementManager.java:50) ~[AdvancementManager$1.class:?]
	at net.minecraft.advancements.AdvancementManager$1.deserialize(AdvancementManager.java:46) ~[AdvancementManager$1.class:?]
	at com.google.gson.internal.bind.TreeTypeAdapter.read(TreeTypeAdapter.java:69) ~[TreeTypeAdapter.class:?]
	at net.minecraft.util.JsonUtils.gsonDeserialize(JsonUtils.java:435) ~[JsonUtils.class:?]
	at net.minecraft.util.JsonUtils.fromJson(JsonUtils.java:485) ~[JsonUtils.class:?]
	at net.minecraft.advancements.AdvancementManager.loadBuiltInAdvancements(AdvancementManager.java:185) [AdvancementManager.class:?]
	at net.minecraft.advancements.AdvancementManager.reload(AdvancementManager.java:69) [AdvancementManager.class:?]
	at net.minecraft.advancements.AdvancementManager.<init>(AdvancementManager.java:61) [AdvancementManager.class:?]
	at net.minecraft.world.WorldServer.init(WorldServer.java:162) [WorldServer.class:?]
	at net.minecraft.server.integrated.IntegratedServer.loadAllWorlds(IntegratedServer.java:123) [IntegratedServer.class:?]
	at net.minecraft.server.integrated.IntegratedServer.init(IntegratedServer.java:160) [IntegratedServer.class:?]
	at net.minecraft.server.MinecraftServer.run(MinecraftServer.java:550) [MinecraftServer.class:?]
	at java.lang.Thread.run(Thread.java:748) [?:1.8.0_161]
[02:57:23] [Server thread/ERROR]: Parsing error loading built-in advancement minecraft:recipes/food/rabbit_stew_from_brown_mushroom
com.google.gson.JsonSyntaxException: Unknown recipe 'minecraft:rabbit_stew_from_brown_mushroom'
	at net.minecraft.advancements.AdvancementRewards$Deserializer.deserialize(AdvancementRewards.java:204) ~[AdvancementRewards$Deserializer.class:?]
	at net.minecraft.advancements.AdvancementRewards$Deserializer.deserialize(AdvancementRewards.java:180) ~[AdvancementRewards$Deserializer.class:?]
	at com.google.gson.internal.bind.TreeTypeAdapter.read(TreeTypeAdapter.java:69) ~[TreeTypeAdapter.class:?]
	at com.google.gson.Gson.fromJson(Gson.java:887) ~[Gson.class:?]
	at com.google.gson.Gson.fromJson(Gson.java:952) ~[Gson.class:?]
	at com.google.gson.internal.bind.TreeTypeAdapter$GsonContextImpl.deserialize(TreeTypeAdapter.java:162) ~[TreeTypeAdapter$GsonContextImpl.class:?]
	at net.minecraft.util.JsonUtils.deserializeClass(JsonUtils.java:359) ~[JsonUtils.class:?]
	at net.minecraft.util.JsonUtils.deserializeClass(JsonUtils.java:381) ~[JsonUtils.class:?]
	at net.minecraft.advancements.Advancement$Builder.deserialize(Advancement.java:295) ~[Advancement$Builder.class:?]
	at net.minecraft.advancements.AdvancementManager$1.deserialize(AdvancementManager.java:50) ~[AdvancementManager$1.class:?]
	at net.minecraft.advancements.AdvancementManager$1.deserialize(AdvancementManager.java:46) ~[AdvancementManager$1.class:?]
	at com.google.gson.internal.bind.TreeTypeAdapter.read(TreeTypeAdapter.java:69) ~[TreeTypeAdapter.class:?]
	at net.minecraft.util.JsonUtils.gsonDeserialize(JsonUtils.java:435) ~[JsonUtils.class:?]
	at net.minecraft.util.JsonUtils.fromJson(JsonUtils.java:485) ~[JsonUtils.class:?]
	at net.minecraft.advancements.AdvancementManager.loadBuiltInAdvancements(AdvancementManager.java:185) [AdvancementManager.class:?]
	at net.minecraft.advancements.AdvancementManager.reload(AdvancementManager.java:69) [AdvancementManager.class:?]
	at net.minecraft.advancements.AdvancementManager.<init>(AdvancementManager.java:61) [AdvancementManager.class:?]
	at net.minecraft.world.WorldServer.init(WorldServer.java:162) [WorldServer.class:?]
	at net.minecraft.server.integrated.IntegratedServer.loadAllWorlds(IntegratedServer.java:123) [IntegratedServer.class:?]
	at net.minecraft.server.integrated.IntegratedServer.init(IntegratedServer.java:160) [IntegratedServer.class:?]
	at net.minecraft.server.MinecraftServer.run(MinecraftServer.java:550) [MinecraftServer.class:?]
	at java.lang.Thread.run(Thread.java:748) [?:1.8.0_161]
[02:57:23] [Server thread/ERROR]: Parsing error loading built-in advancement minecraft:recipes/food/pumpkin_pie
com.google.gson.JsonSyntaxException: Unknown recipe 'minecraft:pumpkin_pie'
	at net.minecraft.advancements.AdvancementRewards$Deserializer.deserialize(AdvancementRewards.java:204) ~[AdvancementRewards$Deserializer.class:?]
	at net.minecraft.advancements.AdvancementRewards$Deserializer.deserialize(AdvancementRewards.java:180) ~[AdvancementRewards$Deserializer.class:?]
	at com.google.gson.internal.bind.TreeTypeAdapter.read(TreeTypeAdapter.java:69) ~[TreeTypeAdapter.class:?]
	at com.google.gson.Gson.fromJson(Gson.java:887) ~[Gson.class:?]
	at com.google.gson.Gson.fromJson(Gson.java:952) ~[Gson.class:?]
	at com.google.gson.internal.bind.TreeTypeAdapter$GsonContextImpl.deserialize(TreeTypeAdapter.java:162) ~[TreeTypeAdapter$GsonContextImpl.class:?]
	at net.minecraft.util.JsonUtils.deserializeClass(JsonUtils.java:359) ~[JsonUtils.class:?]
	at net.minecraft.util.JsonUtils.deserializeClass(JsonUtils.java:381) ~[JsonUtils.class:?]
	at net.minecraft.advancements.Advancement$Builder.deserialize(Advancement.java:295) ~[Advancement$Builder.class:?]
	at net.minecraft.advancements.AdvancementManager$1.deserialize(AdvancementManager.java:50) ~[AdvancementManager$1.class:?]
	at net.minecraft.advancements.AdvancementManager$1.deserialize(AdvancementManager.java:46) ~[AdvancementManager$1.class:?]
	at com.google.gson.internal.bind.TreeTypeAdapter.read(TreeTypeAdapter.java:69) ~[TreeTypeAdapter.class:?]
	at net.minecraft.util.JsonUtils.gsonDeserialize(JsonUtils.java:435) ~[JsonUtils.class:?]
	at net.minecraft.util.JsonUtils.fromJson(JsonUtils.java:485) ~[JsonUtils.class:?]
	at net.minecraft.advancements.AdvancementManager.loadBuiltInAdvancements(AdvancementManager.java:185) [AdvancementManager.class:?]
	at net.minecraft.advancements.AdvancementManager.reload(AdvancementManager.java:69) [AdvancementManager.class:?]
	at net.minecraft.advancements.AdvancementManager.<init>(AdvancementManager.java:61) [AdvancementManager.class:?]
	at net.minecraft.world.WorldServer.init(WorldServer.java:162) [WorldServer.class:?]
	at net.minecraft.server.integrated.IntegratedServer.loadAllWorlds(IntegratedServer.java:123) [IntegratedServer.class:?]
	at net.minecraft.server.integrated.IntegratedServer.init(IntegratedServer.java:160) [IntegratedServer.class:?]
	at net.minecraft.server.MinecraftServer.run(MinecraftServer.java:550) [MinecraftServer.class:?]
	at java.lang.Thread.run(Thread.java:748) [?:1.8.0_161]
[02:57:23] [Server thread/ERROR]: Parsing error loading built-in advancement minecraft:recipes/food/mushroom_stew
com.google.gson.JsonSyntaxException: Unknown recipe 'minecraft:mushroom_stew'
	at net.minecraft.advancements.AdvancementRewards$Deserializer.deserialize(AdvancementRewards.java:204) ~[AdvancementRewards$Deserializer.class:?]
	at net.minecraft.advancements.AdvancementRewards$Deserializer.deserialize(AdvancementRewards.java:180) ~[AdvancementRewards$Deserializer.class:?]
	at com.google.gson.internal.bind.TreeTypeAdapter.read(TreeTypeAdapter.java:69) ~[TreeTypeAdapter.class:?]
	at com.google.gson.Gson.fromJson(Gson.java:887) ~[Gson.class:?]
	at com.google.gson.Gson.fromJson(Gson.java:952) ~[Gson.class:?]
	at com.google.gson.internal.bind.TreeTypeAdapter$GsonContextImpl.deserialize(TreeTypeAdapter.java:162) ~[TreeTypeAdapter$GsonContextImpl.class:?]
	at net.minecraft.util.JsonUtils.deserializeClass(JsonUtils.java:359) ~[JsonUtils.class:?]
	at net.minecraft.util.JsonUtils.deserializeClass(JsonUtils.java:381) ~[JsonUtils.class:?]
	at net.minecraft.advancements.Advancement$Builder.deserialize(Advancement.java:295) ~[Advancement$Builder.class:?]
	at net.minecraft.advancements.AdvancementManager$1.deserialize(AdvancementManager.java:50) ~[AdvancementManager$1.class:?]
	at net.minecraft.advancements.AdvancementManager$1.deserialize(AdvancementManager.java:46) ~[AdvancementManager$1.class:?]
	at com.google.gson.internal.bind.TreeTypeAdapter.read(TreeTypeAdapter.java:69) ~[TreeTypeAdapter.class:?]
	at net.minecraft.util.JsonUtils.gsonDeserialize(JsonUtils.java:435) ~[JsonUtils.class:?]
	at net.minecraft.util.JsonUtils.fromJson(JsonUtils.java:485) ~[JsonUtils.class:?]
	at net.minecraft.advancements.AdvancementManager.loadBuiltInAdvancements(AdvancementManager.java:185) [AdvancementManager.class:?]
	at net.minecraft.advancements.AdvancementManager.reload(AdvancementManager.java:69) [AdvancementManager.class:?]
	at net.minecraft.advancements.AdvancementManager.<init>(AdvancementManager.java:61) [AdvancementManager.class:?]
	at net.minecraft.world.WorldServer.init(WorldServer.java:162) [WorldServer.class:?]
	at net.minecraft.server.integrated.IntegratedServer.loadAllWorlds(IntegratedServer.java:123) [IntegratedServer.class:?]
	at net.minecraft.server.integrated.IntegratedServer.init(IntegratedServer.java:160) [IntegratedServer.class:?]
	at net.minecraft.server.MinecraftServer.run(MinecraftServer.java:550) [MinecraftServer.class:?]
	at java.lang.Thread.run(Thread.java:748) [?:1.8.0_161]
[02:57:23] [Server thread/ERROR]: Parsing error loading built-in advancement minecraft:recipes/food/golden_apple
com.google.gson.JsonSyntaxException: Unknown recipe 'minecraft:golden_apple'
	at net.minecraft.advancements.AdvancementRewards$Deserializer.deserialize(AdvancementRewards.java:204) ~[AdvancementRewards$Deserializer.class:?]
	at net.minecraft.advancements.AdvancementRewards$Deserializer.deserialize(AdvancementRewards.java:180) ~[AdvancementRewards$Deserializer.class:?]
	at com.google.gson.internal.bind.TreeTypeAdapter.read(TreeTypeAdapter.java:69) ~[TreeTypeAdapter.class:?]
	at com.google.gson.Gson.fromJson(Gson.java:887) ~[Gson.class:?]
	at com.google.gson.Gson.fromJson(Gson.java:952) ~[Gson.class:?]
	at com.google.gson.internal.bind.TreeTypeAdapter$GsonContextImpl.deserialize(TreeTypeAdapter.java:162) ~[TreeTypeAdapter$GsonContextImpl.class:?]
	at net.minecraft.util.JsonUtils.deserializeClass(JsonUtils.java:359) ~[JsonUtils.class:?]
	at net.minecraft.util.JsonUtils.deserializeClass(JsonUtils.java:381) ~[JsonUtils.class:?]
	at net.minecraft.advancements.Advancement$Builder.deserialize(Advancement.java:295) ~[Advancement$Builder.class:?]
	at net.minecraft.advancements.AdvancementManager$1.deserialize(AdvancementManager.java:50) ~[AdvancementManager$1.class:?]
	at net.minecraft.advancements.AdvancementManager$1.deserialize(AdvancementManager.java:46) ~[AdvancementManager$1.class:?]
	at com.google.gson.internal.bind.TreeTypeAdapter.read(TreeTypeAdapter.java:69) ~[TreeTypeAdapter.class:?]
	at net.minecraft.util.JsonUtils.gsonDeserialize(JsonUtils.java:435) ~[JsonUtils.class:?]
	at net.minecraft.util.JsonUtils.fromJson(JsonUtils.java:485) ~[JsonUtils.class:?]
	at net.minecraft.advancements.AdvancementManager.loadBuiltInAdvancements(AdvancementManager.java:185) [AdvancementManager.class:?]
	at net.minecraft.advancements.AdvancementManager.reload(AdvancementManager.java:69) [AdvancementManager.class:?]
	at net.minecraft.advancements.AdvancementManager.<init>(AdvancementManager.java:61) [AdvancementManager.class:?]
	at net.minecraft.world.WorldServer.init(WorldServer.java:162) [WorldServer.class:?]
	at net.minecraft.server.integrated.IntegratedServer.loadAllWorlds(IntegratedServer.java:123) [IntegratedServer.class:?]
	at net.minecraft.server.integrated.IntegratedServer.init(IntegratedServer.java:160) [IntegratedServer.class:?]
	at net.minecraft.server.MinecraftServer.run(MinecraftServer.java:550) [MinecraftServer.class:?]
	at java.lang.Thread.run(Thread.java:748) [?:1.8.0_161]
[02:57:23] [Server thread/ERROR]: Parsing error loading built-in advancement minecraft:recipes/food/cookie
com.google.gson.JsonSyntaxException: Unknown recipe 'minecraft:cookie'
	at net.minecraft.advancements.AdvancementRewards$Deserializer.deserialize(AdvancementRewards.java:204) ~[AdvancementRewards$Deserializer.class:?]
	at net.minecraft.advancements.AdvancementRewards$Deserializer.deserialize(AdvancementRewards.java:180) ~[AdvancementRewards$Deserializer.class:?]
	at com.google.gson.internal.bind.TreeTypeAdapter.read(TreeTypeAdapter.java:69) ~[TreeTypeAdapter.class:?]
	at com.google.gson.Gson.fromJson(Gson.java:887) ~[Gson.class:?]
	at com.google.gson.Gson.fromJson(Gson.java:952) ~[Gson.class:?]
	at com.google.gson.internal.bind.TreeTypeAdapter$GsonContextImpl.deserialize(TreeTypeAdapter.java:162) ~[TreeTypeAdapter$GsonContextImpl.class:?]
	at net.minecraft.util.JsonUtils.deserializeClass(JsonUtils.java:359) ~[JsonUtils.class:?]
	at net.minecraft.util.JsonUtils.deserializeClass(JsonUtils.java:381) ~[JsonUtils.class:?]
	at net.minecraft.advancements.Advancement$Builder.deserialize(Advancement.java:295) ~[Advancement$Builder.class:?]
	at net.minecraft.advancements.AdvancementManager$1.deserialize(AdvancementManager.java:50) ~[AdvancementManager$1.class:?]
	at net.minecraft.advancements.AdvancementManager$1.deserialize(AdvancementManager.java:46) ~[AdvancementManager$1.class:?]
	at com.google.gson.internal.bind.TreeTypeAdapter.read(TreeTypeAdapter.java:69) ~[TreeTypeAdapter.class:?]
	at net.minecraft.util.JsonUtils.gsonDeserialize(JsonUtils.java:435) ~[JsonUtils.class:?]
	at net.minecraft.util.JsonUtils.fromJson(JsonUtils.java:485) ~[JsonUtils.class:?]
	at net.minecraft.advancements.AdvancementManager.loadBuiltInAdvancements(AdvancementManager.java:185) [AdvancementManager.class:?]
	at net.minecraft.advancements.AdvancementManager.reload(AdvancementManager.java:69) [AdvancementManager.class:?]
	at net.minecraft.advancements.AdvancementManager.<init>(AdvancementManager.java:61) [AdvancementManager.class:?]
	at net.minecraft.world.WorldServer.init(WorldServer.java:162) [WorldServer.class:?]
	at net.minecraft.server.integrated.IntegratedServer.loadAllWorlds(IntegratedServer.java:123) [IntegratedServer.class:?]
	at net.minecraft.server.integrated.IntegratedServer.init(IntegratedServer.java:160) [IntegratedServer.class:?]
	at net.minecraft.server.MinecraftServer.run(MinecraftServer.java:550) [MinecraftServer.class:?]
	at java.lang.Thread.run(Thread.java:748) [?:1.8.0_161]
[02:57:23] [Server thread/ERROR]: Parsing error loading built-in advancement minecraft:recipes/food/bread
com.google.gson.JsonSyntaxException: Unknown recipe 'minecraft:bread'
	at net.minecraft.advancements.AdvancementRewards$Deserializer.deserialize(AdvancementRewards.java:204) ~[AdvancementRewards$Deserializer.class:?]
	at net.minecraft.advancements.AdvancementRewards$Deserializer.deserialize(AdvancementRewards.java:180) ~[AdvancementRewards$Deserializer.class:?]
	at com.google.gson.internal.bind.TreeTypeAdapter.read(TreeTypeAdapter.java:69) ~[TreeTypeAdapter.class:?]
	at com.google.gson.Gson.fromJson(Gson.java:887) ~[Gson.class:?]
	at com.google.gson.Gson.fromJson(Gson.java:952) ~[Gson.class:?]
	at com.google.gson.internal.bind.TreeTypeAdapter$GsonContextImpl.deserialize(TreeTypeAdapter.java:162) ~[TreeTypeAdapter$GsonContextImpl.class:?]
	at net.minecraft.util.JsonUtils.deserializeClass(JsonUtils.java:359) ~[JsonUtils.class:?]
	at net.minecraft.util.JsonUtils.deserializeClass(JsonUtils.java:381) ~[JsonUtils.class:?]
	at net.minecraft.advancements.Advancement$Builder.deserialize(Advancement.java:295) ~[Advancement$Builder.class:?]
	at net.minecraft.advancements.AdvancementManager$1.deserialize(AdvancementManager.java:50) ~[AdvancementManager$1.class:?]
	at net.minecraft.advancements.AdvancementManager$1.deserialize(AdvancementManager.java:46) ~[AdvancementManager$1.class:?]
	at com.google.gson.internal.bind.TreeTypeAdapter.read(TreeTypeAdapter.java:69) ~[TreeTypeAdapter.class:?]
	at net.minecraft.util.JsonUtils.gsonDeserialize(JsonUtils.java:435) ~[JsonUtils.class:?]
	at net.minecraft.util.JsonUtils.fromJson(JsonUtils.java:485) ~[JsonUtils.class:?]
	at net.minecraft.advancements.AdvancementManager.loadBuiltInAdvancements(AdvancementManager.java:185) [AdvancementManager.class:?]
	at net.minecraft.advancements.AdvancementManager.reload(AdvancementManager.java:69) [AdvancementManager.class:?]
	at net.minecraft.advancements.AdvancementManager.<init>(AdvancementManager.java:61) [AdvancementManager.class:?]
	at net.minecraft.world.WorldServer.init(WorldServer.java:162) [WorldServer.class:?]
	at net.minecraft.server.integrated.IntegratedServer.loadAllWorlds(IntegratedServer.java:123) [IntegratedServer.class:?]
	at net.minecraft.server.integrated.IntegratedServer.init(IntegratedServer.java:160) [IntegratedServer.class:?]
	at net.minecraft.server.MinecraftServer.run(MinecraftServer.java:550) [MinecraftServer.class:?]
	at java.lang.Thread.run(Thread.java:748) [?:1.8.0_161]
[02:57:23] [Server thread/ERROR]: Parsing error loading built-in advancement minecraft:recipes/food/beetroot_soup
com.google.gson.JsonSyntaxException: Unknown recipe 'minecraft:beetroot_soup'
	at net.minecraft.advancements.AdvancementRewards$Deserializer.deserialize(AdvancementRewards.java:204) ~[AdvancementRewards$Deserializer.class:?]
	at net.minecraft.advancements.AdvancementRewards$Deserializer.deserialize(AdvancementRewards.java:180) ~[AdvancementRewards$Deserializer.class:?]
	at com.google.gson.internal.bind.TreeTypeAdapter.read(TreeTypeAdapter.java:69) ~[TreeTypeAdapter.class:?]
	at com.google.gson.Gson.fromJson(Gson.java:887) ~[Gson.class:?]
	at com.google.gson.Gson.fromJson(Gson.java:952) ~[Gson.class:?]
	at com.google.gson.internal.bind.TreeTypeAdapter$GsonContextImpl.deserialize(TreeTypeAdapter.java:162) ~[TreeTypeAdapter$GsonContextImpl.class:?]
	at net.minecraft.util.JsonUtils.deserializeClass(JsonUtils.java:359) ~[JsonUtils.class:?]
	at net.minecraft.util.JsonUtils.deserializeClass(JsonUtils.java:381) ~[JsonUtils.class:?]
	at net.minecraft.advancements.Advancement$Builder.deserialize(Advancement.java:295) ~[Advancement$Builder.class:?]
	at net.minecraft.advancements.AdvancementManager$1.deserialize(AdvancementManager.java:50) ~[AdvancementManager$1.class:?]
	at net.minecraft.advancements.AdvancementManager$1.deserialize(AdvancementManager.java:46) ~[AdvancementManager$1.class:?]
	at com.google.gson.internal.bind.TreeTypeAdapter.read(TreeTypeAdapter.java:69) ~[TreeTypeAdapter.class:?]
	at net.minecraft.util.JsonUtils.gsonDeserialize(JsonUtils.java:435) ~[JsonUtils.class:?]
	at net.minecraft.util.JsonUtils.fromJson(JsonUtils.java:485) ~[JsonUtils.class:?]
	at net.minecraft.advancements.AdvancementManager.loadBuiltInAdvancements(AdvancementManager.java:185) [AdvancementManager.class:?]
	at net.minecraft.advancements.AdvancementManager.reload(AdvancementManager.java:69) [AdvancementManager.class:?]
	at net.minecraft.advancements.AdvancementManager.<init>(AdvancementManager.java:61) [AdvancementManager.class:?]
	at net.minecraft.world.WorldServer.init(WorldServer.java:162) [WorldServer.class:?]
	at net.minecraft.server.integrated.IntegratedServer.loadAllWorlds(IntegratedServer.java:123) [IntegratedServer.class:?]
	at net.minecraft.server.integrated.IntegratedServer.init(IntegratedServer.java:160) [IntegratedServer.class:?]
	at net.minecraft.server.MinecraftServer.run(MinecraftServer.java:550) [MinecraftServer.class:?]
	at java.lang.Thread.run(Thread.java:748) [?:1.8.0_161]
[02:57:23] [Server thread/ERROR]: Parsing error loading built-in advancement minecraft:recipes/decorations/furnace
com.google.gson.JsonSyntaxException: Unknown recipe 'minecraft:furnace'
	at net.minecraft.advancements.AdvancementRewards$Deserializer.deserialize(AdvancementRewards.java:204) ~[AdvancementRewards$Deserializer.class:?]
	at net.minecraft.advancements.AdvancementRewards$Deserializer.deserialize(AdvancementRewards.java:180) ~[AdvancementRewards$Deserializer.class:?]
	at com.google.gson.internal.bind.TreeTypeAdapter.read(TreeTypeAdapter.java:69) ~[TreeTypeAdapter.class:?]
	at com.google.gson.Gson.fromJson(Gson.java:887) ~[Gson.class:?]
	at com.google.gson.Gson.fromJson(Gson.java:952) ~[Gson.class:?]
	at com.google.gson.internal.bind.TreeTypeAdapter$GsonContextImpl.deserialize(TreeTypeAdapter.java:162) ~[TreeTypeAdapter$GsonContextImpl.class:?]
	at net.minecraft.util.JsonUtils.deserializeClass(JsonUtils.java:359) ~[JsonUtils.class:?]
	at net.minecraft.util.JsonUtils.deserializeClass(JsonUtils.java:381) ~[JsonUtils.class:?]
	at net.minecraft.advancements.Advancement$Builder.deserialize(Advancement.java:295) ~[Advancement$Builder.class:?]
	at net.minecraft.advancements.AdvancementManager$1.deserialize(AdvancementManager.java:50) ~[AdvancementManager$1.class:?]
	at net.minecraft.advancements.AdvancementManager$1.deserialize(AdvancementManager.java:46) ~[AdvancementManager$1.class:?]
	at com.google.gson.internal.bind.TreeTypeAdapter.read(TreeTypeAdapter.java:69) ~[TreeTypeAdapter.class:?]
	at net.minecraft.util.JsonUtils.gsonDeserialize(JsonUtils.java:435) ~[JsonUtils.class:?]
	at net.minecraft.util.JsonUtils.fromJson(JsonUtils.java:485) ~[JsonUtils.class:?]
	at net.minecraft.advancements.AdvancementManager.loadBuiltInAdvancements(AdvancementManager.java:185) [AdvancementManager.class:?]
	at net.minecraft.advancements.AdvancementManager.reload(AdvancementManager.java:69) [AdvancementManager.class:?]
	at net.minecraft.advancements.AdvancementManager.<init>(AdvancementManager.java:61) [AdvancementManager.class:?]
	at net.minecraft.world.WorldServer.init(WorldServer.java:162) [WorldServer.class:?]
	at net.minecraft.server.integrated.IntegratedServer.loadAllWorlds(IntegratedServer.java:123) [IntegratedServer.class:?]
	at net.minecraft.server.integrated.IntegratedServer.init(IntegratedServer.java:160) [IntegratedServer.class:?]
	at net.minecraft.server.MinecraftServer.run(MinecraftServer.java:550) [MinecraftServer.class:?]
	at java.lang.Thread.run(Thread.java:748) [?:1.8.0_161]
[02:57:23] [Server thread/ERROR]: Parsing error loading built-in advancement minecraft:recipes/combat/wooden_sword
com.google.gson.JsonSyntaxException: Unknown recipe 'minecraft:wooden_sword'
	at net.minecraft.advancements.AdvancementRewards$Deserializer.deserialize(AdvancementRewards.java:204) ~[AdvancementRewards$Deserializer.class:?]
	at net.minecraft.advancements.AdvancementRewards$Deserializer.deserialize(AdvancementRewards.java:180) ~[AdvancementRewards$Deserializer.class:?]
	at com.google.gson.internal.bind.TreeTypeAdapter.read(TreeTypeAdapter.java:69) ~[TreeTypeAdapter.class:?]
	at com.google.gson.Gson.fromJson(Gson.java:887) ~[Gson.class:?]
	at com.google.gson.Gson.fromJson(Gson.java:952) ~[Gson.class:?]
	at com.google.gson.internal.bind.TreeTypeAdapter$GsonContextImpl.deserialize(TreeTypeAdapter.java:162) ~[TreeTypeAdapter$GsonContextImpl.class:?]
	at net.minecraft.util.JsonUtils.deserializeClass(JsonUtils.java:359) ~[JsonUtils.class:?]
	at net.minecraft.util.JsonUtils.deserializeClass(JsonUtils.java:381) ~[JsonUtils.class:?]
	at net.minecraft.advancements.Advancement$Builder.deserialize(Advancement.java:295) ~[Advancement$Builder.class:?]
	at net.minecraft.advancements.AdvancementManager$1.deserialize(AdvancementManager.java:50) ~[AdvancementManager$1.class:?]
	at net.minecraft.advancements.AdvancementManager$1.deserialize(AdvancementManager.java:46) ~[AdvancementManager$1.class:?]
	at com.google.gson.internal.bind.TreeTypeAdapter.read(TreeTypeAdapter.java:69) ~[TreeTypeAdapter.class:?]
	at net.minecraft.util.JsonUtils.gsonDeserialize(JsonUtils.java:435) ~[JsonUtils.class:?]
	at net.minecraft.util.JsonUtils.fromJson(JsonUtils.java:485) ~[JsonUtils.class:?]
	at net.minecraft.advancements.AdvancementManager.loadBuiltInAdvancements(AdvancementManager.java:185) [AdvancementManager.class:?]
	at net.minecraft.advancements.AdvancementManager.reload(AdvancementManager.java:69) [AdvancementManager.class:?]
	at net.minecraft.advancements.AdvancementManager.<init>(AdvancementManager.java:61) [AdvancementManager.class:?]
	at net.minecraft.world.WorldServer.init(WorldServer.java:162) [WorldServer.class:?]
	at net.minecraft.server.integrated.IntegratedServer.loadAllWorlds(IntegratedServer.java:123) [IntegratedServer.class:?]
	at net.minecraft.server.integrated.IntegratedServer.init(IntegratedServer.java:160) [IntegratedServer.class:?]
	at net.minecraft.server.MinecraftServer.run(MinecraftServer.java:550) [MinecraftServer.class:?]
	at java.lang.Thread.run(Thread.java:748) [?:1.8.0_161]
[02:57:23] [Server thread/ERROR]: Parsing error loading built-in advancement minecraft:recipes/building_blocks/spruce_planks
com.google.gson.JsonSyntaxException: Unknown recipe 'minecraft:spruce_planks'
	at net.minecraft.advancements.AdvancementRewards$Deserializer.deserialize(AdvancementRewards.java:204) ~[AdvancementRewards$Deserializer.class:?]
	at net.minecraft.advancements.AdvancementRewards$Deserializer.deserialize(AdvancementRewards.java:180) ~[AdvancementRewards$Deserializer.class:?]
	at com.google.gson.internal.bind.TreeTypeAdapter.read(TreeTypeAdapter.java:69) ~[TreeTypeAdapter.class:?]
	at com.google.gson.Gson.fromJson(Gson.java:887) ~[Gson.class:?]
	at com.google.gson.Gson.fromJson(Gson.java:952) ~[Gson.class:?]
	at com.google.gson.internal.bind.TreeTypeAdapter$GsonContextImpl.deserialize(TreeTypeAdapter.java:162) ~[TreeTypeAdapter$GsonContextImpl.class:?]
	at net.minecraft.util.JsonUtils.deserializeClass(JsonUtils.java:359) ~[JsonUtils.class:?]
	at net.minecraft.util.JsonUtils.deserializeClass(JsonUtils.java:381) ~[JsonUtils.class:?]
	at net.minecraft.advancements.Advancement$Builder.deserialize(Advancement.java:295) ~[Advancement$Builder.class:?]
	at net.minecraft.advancements.AdvancementManager$1.deserialize(AdvancementManager.java:50) ~[AdvancementManager$1.class:?]
	at net.minecraft.advancements.AdvancementManager$1.deserialize(AdvancementManager.java:46) ~[AdvancementManager$1.class:?]
	at com.google.gson.internal.bind.TreeTypeAdapter.read(TreeTypeAdapter.java:69) ~[TreeTypeAdapter.class:?]
	at net.minecraft.util.JsonUtils.gsonDeserialize(JsonUtils.java:435) ~[JsonUtils.class:?]
	at net.minecraft.util.JsonUtils.fromJson(JsonUtils.java:485) ~[JsonUtils.class:?]
	at net.minecraft.advancements.AdvancementManager.loadBuiltInAdvancements(AdvancementManager.java:185) [AdvancementManager.class:?]
	at net.minecraft.advancements.AdvancementManager.reload(AdvancementManager.java:69) [AdvancementManager.class:?]
	at net.minecraft.advancements.AdvancementManager.<init>(AdvancementManager.java:61) [AdvancementManager.class:?]
	at net.minecraft.world.WorldServer.init(WorldServer.java:162) [WorldServer.class:?]
	at net.minecraft.server.integrated.IntegratedServer.loadAllWorlds(IntegratedServer.java:123) [IntegratedServer.class:?]
	at net.minecraft.server.integrated.IntegratedServer.init(IntegratedServer.java:160) [IntegratedServer.class:?]
	at net.minecraft.server.MinecraftServer.run(MinecraftServer.java:550) [MinecraftServer.class:?]
	at java.lang.Thread.run(Thread.java:748) [?:1.8.0_161]
[02:57:23] [Server thread/ERROR]: Parsing error loading built-in advancement minecraft:recipes/building_blocks/oak_planks
com.google.gson.JsonSyntaxException: Unknown recipe 'minecraft:oak_planks'
	at net.minecraft.advancements.AdvancementRewards$Deserializer.deserialize(AdvancementRewards.java:204) ~[AdvancementRewards$Deserializer.class:?]
	at net.minecraft.advancements.AdvancementRewards$Deserializer.deserialize(AdvancementRewards.java:180) ~[AdvancementRewards$Deserializer.class:?]
	at com.google.gson.internal.bind.TreeTypeAdapter.read(TreeTypeAdapter.java:69) ~[TreeTypeAdapter.class:?]
	at com.google.gson.Gson.fromJson(Gson.java:887) ~[Gson.class:?]
	at com.google.gson.Gson.fromJson(Gson.java:952) ~[Gson.class:?]
	at com.google.gson.internal.bind.TreeTypeAdapter$GsonContextImpl.deserialize(TreeTypeAdapter.java:162) ~[TreeTypeAdapter$GsonContextImpl.class:?]
	at net.minecraft.util.JsonUtils.deserializeClass(JsonUtils.java:359) ~[JsonUtils.class:?]
	at net.minecraft.util.JsonUtils.deserializeClass(JsonUtils.java:381) ~[JsonUtils.class:?]
	at net.minecraft.advancements.Advancement$Builder.deserialize(Advancement.java:295) ~[Advancement$Builder.class:?]
	at net.minecraft.advancements.AdvancementManager$1.deserialize(AdvancementManager.java:50) ~[AdvancementManager$1.class:?]
	at net.minecraft.advancements.AdvancementManager$1.deserialize(AdvancementManager.java:46) ~[AdvancementManager$1.class:?]
	at com.google.gson.internal.bind.TreeTypeAdapter.read(TreeTypeAdapter.java:69) ~[TreeTypeAdapter.class:?]
	at net.minecraft.util.JsonUtils.gsonDeserialize(JsonUtils.java:435) ~[JsonUtils.class:?]
	at net.minecraft.util.JsonUtils.fromJson(JsonUtils.java:485) ~[JsonUtils.class:?]
	at net.minecraft.advancements.AdvancementManager.loadBuiltInAdvancements(AdvancementManager.java:185) [AdvancementManager.class:?]
	at net.minecraft.advancements.AdvancementManager.reload(AdvancementManager.java:69) [AdvancementManager.class:?]
	at net.minecraft.advancements.AdvancementManager.<init>(AdvancementManager.java:61) [AdvancementManager.class:?]
	at net.minecraft.world.WorldServer.init(WorldServer.java:162) [WorldServer.class:?]
	at net.minecraft.server.integrated.IntegratedServer.loadAllWorlds(IntegratedServer.java:123) [IntegratedServer.class:?]
	at net.minecraft.server.integrated.IntegratedServer.init(IntegratedServer.java:160) [IntegratedServer.class:?]
	at net.minecraft.server.MinecraftServer.run(MinecraftServer.java:550) [MinecraftServer.class:?]
	at java.lang.Thread.run(Thread.java:748) [?:1.8.0_161]
[02:57:23] [Server thread/ERROR]: Parsing error loading built-in advancement minecraft:recipes/building_blocks/jungle_planks
com.google.gson.JsonSyntaxException: Unknown recipe 'minecraft:jungle_planks'
	at net.minecraft.advancements.AdvancementRewards$Deserializer.deserialize(AdvancementRewards.java:204) ~[AdvancementRewards$Deserializer.class:?]
	at net.minecraft.advancements.AdvancementRewards$Deserializer.deserialize(AdvancementRewards.java:180) ~[AdvancementRewards$Deserializer.class:?]
	at com.google.gson.internal.bind.TreeTypeAdapter.read(TreeTypeAdapter.java:69) ~[TreeTypeAdapter.class:?]
	at com.google.gson.Gson.fromJson(Gson.java:887) ~[Gson.class:?]
	at com.google.gson.Gson.fromJson(Gson.java:952) ~[Gson.class:?]
	at com.google.gson.internal.bind.TreeTypeAdapter$GsonContextImpl.deserialize(TreeTypeAdapter.java:162) ~[TreeTypeAdapter$GsonContextImpl.class:?]
	at net.minecraft.util.JsonUtils.deserializeClass(JsonUtils.java:359) ~[JsonUtils.class:?]
	at net.minecraft.util.JsonUtils.deserializeClass(JsonUtils.java:381) ~[JsonUtils.class:?]
	at net.minecraft.advancements.Advancement$Builder.deserialize(Advancement.java:295) ~[Advancement$Builder.class:?]
	at net.minecraft.advancements.AdvancementManager$1.deserialize(AdvancementManager.java:50) ~[AdvancementManager$1.class:?]
	at net.minecraft.advancements.AdvancementManager$1.deserialize(AdvancementManager.java:46) ~[AdvancementManager$1.class:?]
	at com.google.gson.internal.bind.TreeTypeAdapter.read(TreeTypeAdapter.java:69) ~[TreeTypeAdapter.class:?]
	at net.minecraft.util.JsonUtils.gsonDeserialize(JsonUtils.java:435) ~[JsonUtils.class:?]
	at net.minecraft.util.JsonUtils.fromJson(JsonUtils.java:485) ~[JsonUtils.class:?]
	at net.minecraft.advancements.AdvancementManager.loadBuiltInAdvancements(AdvancementManager.java:185) [AdvancementManager.class:?]
	at net.minecraft.advancements.AdvancementManager.reload(AdvancementManager.java:69) [AdvancementManager.class:?]
	at net.minecraft.advancements.AdvancementManager.<init>(AdvancementManager.java:61) [AdvancementManager.class:?]
	at net.minecraft.world.WorldServer.init(WorldServer.java:162) [WorldServer.class:?]
	at net.minecraft.server.integrated.IntegratedServer.loadAllWorlds(IntegratedServer.java:123) [IntegratedServer.class:?]
	at net.minecraft.server.integrated.IntegratedServer.init(IntegratedServer.java:160) [IntegratedServer.class:?]
	at net.minecraft.server.MinecraftServer.run(MinecraftServer.java:550) [MinecraftServer.class:?]
	at java.lang.Thread.run(Thread.java:748) [?:1.8.0_161]
[02:57:23] [Server thread/ERROR]: Parsing error loading built-in advancement minecraft:recipes/building_blocks/dark_oak_planks
com.google.gson.JsonSyntaxException: Unknown recipe 'minecraft:dark_oak_planks'
	at net.minecraft.advancements.AdvancementRewards$Deserializer.deserialize(AdvancementRewards.java:204) ~[AdvancementRewards$Deserializer.class:?]
	at net.minecraft.advancements.AdvancementRewards$Deserializer.deserialize(AdvancementRewards.java:180) ~[AdvancementRewards$Deserializer.class:?]
	at com.google.gson.internal.bind.TreeTypeAdapter.read(TreeTypeAdapter.java:69) ~[TreeTypeAdapter.class:?]
	at com.google.gson.Gson.fromJson(Gson.java:887) ~[Gson.class:?]
	at com.google.gson.Gson.fromJson(Gson.java:952) ~[Gson.class:?]
	at com.google.gson.internal.bind.TreeTypeAdapter$GsonContextImpl.deserialize(TreeTypeAdapter.java:162) ~[TreeTypeAdapter$GsonContextImpl.class:?]
	at net.minecraft.util.JsonUtils.deserializeClass(JsonUtils.java:359) ~[JsonUtils.class:?]
	at net.minecraft.util.JsonUtils.deserializeClass(JsonUtils.java:381) ~[JsonUtils.class:?]
	at net.minecraft.advancements.Advancement$Builder.deserialize(Advancement.java:295) ~[Advancement$Builder.class:?]
	at net.minecraft.advancements.AdvancementManager$1.deserialize(AdvancementManager.java:50) ~[AdvancementManager$1.class:?]
	at net.minecraft.advancements.AdvancementManager$1.deserialize(AdvancementManager.java:46) ~[AdvancementManager$1.class:?]
	at com.google.gson.internal.bind.TreeTypeAdapter.read(TreeTypeAdapter.java:69) ~[TreeTypeAdapter.class:?]
	at net.minecraft.util.JsonUtils.gsonDeserialize(JsonUtils.java:435) ~[JsonUtils.class:?]
	at net.minecraft.util.JsonUtils.fromJson(JsonUtils.java:485) ~[JsonUtils.class:?]
	at net.minecraft.advancements.AdvancementManager.loadBuiltInAdvancements(AdvancementManager.java:185) [AdvancementManager.class:?]
	at net.minecraft.advancements.AdvancementManager.reload(AdvancementManager.java:69) [AdvancementManager.class:?]
	at net.minecraft.advancements.AdvancementManager.<init>(AdvancementManager.java:61) [AdvancementManager.class:?]
	at net.minecraft.world.WorldServer.init(WorldServer.java:162) [WorldServer.class:?]
	at net.minecraft.server.integrated.IntegratedServer.loadAllWorlds(IntegratedServer.java:123) [IntegratedServer.class:?]
	at net.minecraft.server.integrated.IntegratedServer.init(IntegratedServer.java:160) [IntegratedServer.class:?]
	at net.minecraft.server.MinecraftServer.run(MinecraftServer.java:550) [MinecraftServer.class:?]
	at java.lang.Thread.run(Thread.java:748) [?:1.8.0_161]
[02:57:23] [Server thread/ERROR]: Parsing error loading built-in advancement minecraft:recipes/building_blocks/birch_planks
com.google.gson.JsonSyntaxException: Unknown recipe 'minecraft:birch_planks'
	at net.minecraft.advancements.AdvancementRewards$Deserializer.deserialize(AdvancementRewards.java:204) ~[AdvancementRewards$Deserializer.class:?]
	at net.minecraft.advancements.AdvancementRewards$Deserializer.deserialize(AdvancementRewards.java:180) ~[AdvancementRewards$Deserializer.class:?]
	at com.google.gson.internal.bind.TreeTypeAdapter.read(TreeTypeAdapter.java:69) ~[TreeTypeAdapter.class:?]
	at com.google.gson.Gson.fromJson(Gson.java:887) ~[Gson.class:?]
	at com.google.gson.Gson.fromJson(Gson.java:952) ~[Gson.class:?]
	at com.google.gson.internal.bind.TreeTypeAdapter$GsonContextImpl.deserialize(TreeTypeAdapter.java:162) ~[TreeTypeAdapter$GsonContextImpl.class:?]
	at net.minecraft.util.JsonUtils.deserializeClass(JsonUtils.java:359) ~[JsonUtils.class:?]
	at net.minecraft.util.JsonUtils.deserializeClass(JsonUtils.java:381) ~[JsonUtils.class:?]
	at net.minecraft.advancements.Advancement$Builder.deserialize(Advancement.java:295) ~[Advancement$Builder.class:?]
	at net.minecraft.advancements.AdvancementManager$1.deserialize(AdvancementManager.java:50) ~[AdvancementManager$1.class:?]
	at net.minecraft.advancements.AdvancementManager$1.deserialize(AdvancementManager.java:46) ~[AdvancementManager$1.class:?]
	at com.google.gson.internal.bind.TreeTypeAdapter.read(TreeTypeAdapter.java:69) ~[TreeTypeAdapter.class:?]
	at net.minecraft.util.JsonUtils.gsonDeserialize(JsonUtils.java:435) ~[JsonUtils.class:?]
	at net.minecraft.util.JsonUtils.fromJson(JsonUtils.java:485) ~[JsonUtils.class:?]
	at net.minecraft.advancements.AdvancementManager.loadBuiltInAdvancements(AdvancementManager.java:185) [AdvancementManager.class:?]
	at net.minecraft.advancements.AdvancementManager.reload(AdvancementManager.java:69) [AdvancementManager.class:?]
	at net.minecraft.advancements.AdvancementManager.<init>(AdvancementManager.java:61) [AdvancementManager.class:?]
	at net.minecraft.world.WorldServer.init(WorldServer.java:162) [WorldServer.class:?]
	at net.minecraft.server.integrated.IntegratedServer.loadAllWorlds(IntegratedServer.java:123) [IntegratedServer.class:?]
	at net.minecraft.server.integrated.IntegratedServer.init(IntegratedServer.java:160) [IntegratedServer.class:?]
	at net.minecraft.server.MinecraftServer.run(MinecraftServer.java:550) [MinecraftServer.class:?]
	at java.lang.Thread.run(Thread.java:748) [?:1.8.0_161]
[02:57:23] [Server thread/ERROR]: Parsing error loading built-in advancement minecraft:recipes/building_blocks/acacia_planks
com.google.gson.JsonSyntaxException: Unknown recipe 'minecraft:acacia_planks'
	at net.minecraft.advancements.AdvancementRewards$Deserializer.deserialize(AdvancementRewards.java:204) ~[AdvancementRewards$Deserializer.class:?]
	at net.minecraft.advancements.AdvancementRewards$Deserializer.deserialize(AdvancementRewards.java:180) ~[AdvancementRewards$Deserializer.class:?]
	at com.google.gson.internal.bind.TreeTypeAdapter.read(TreeTypeAdapter.java:69) ~[TreeTypeAdapter.class:?]
	at com.google.gson.Gson.fromJson(Gson.java:887) ~[Gson.class:?]
	at com.google.gson.Gson.fromJson(Gson.java:952) ~[Gson.class:?]
	at com.google.gson.internal.bind.TreeTypeAdapter$GsonContextImpl.deserialize(TreeTypeAdapter.java:162) ~[TreeTypeAdapter$GsonContextImpl.class:?]
	at net.minecraft.util.JsonUtils.deserializeClass(JsonUtils.java:359) ~[JsonUtils.class:?]
	at net.minecraft.util.JsonUtils.deserializeClass(JsonUtils.java:381) ~[JsonUtils.class:?]
	at net.minecraft.advancements.Advancement$Builder.deserialize(Advancement.java:295) ~[Advancement$Builder.class:?]
	at net.minecraft.advancements.AdvancementManager$1.deserialize(AdvancementManager.java:50) ~[AdvancementManager$1.class:?]
	at net.minecraft.advancements.AdvancementManager$1.deserialize(AdvancementManager.java:46) ~[AdvancementManager$1.class:?]
	at com.google.gson.internal.bind.TreeTypeAdapter.read(TreeTypeAdapter.java:69) ~[TreeTypeAdapter.class:?]
	at net.minecraft.util.JsonUtils.gsonDeserialize(JsonUtils.java:435) ~[JsonUtils.class:?]
	at net.minecraft.util.JsonUtils.fromJson(JsonUtils.java:485) ~[JsonUtils.class:?]
	at net.minecraft.advancements.AdvancementManager.loadBuiltInAdvancements(AdvancementManager.java:185) [AdvancementManager.class:?]
	at net.minecraft.advancements.AdvancementManager.reload(AdvancementManager.java:69) [AdvancementManager.class:?]
	at net.minecraft.advancements.AdvancementManager.<init>(AdvancementManager.java:61) [AdvancementManager.class:?]
	at net.minecraft.world.WorldServer.init(WorldServer.java:162) [WorldServer.class:?]
	at net.minecraft.server.integrated.IntegratedServer.loadAllWorlds(IntegratedServer.java:123) [IntegratedServer.class:?]
	at net.minecraft.server.integrated.IntegratedServer.init(IntegratedServer.java:160) [IntegratedServer.class:?]
	at net.minecraft.server.MinecraftServer.run(MinecraftServer.java:550) [MinecraftServer.class:?]
	at java.lang.Thread.run(Thread.java:748) [?:1.8.0_161]
[02:57:23] [Server thread/ERROR]: Parsing error loading built-in advancement minecraft:recipes/brewing/golden_carrot
com.google.gson.JsonSyntaxException: Unknown recipe 'minecraft:golden_carrot'
	at net.minecraft.advancements.AdvancementRewards$Deserializer.deserialize(AdvancementRewards.java:204) ~[AdvancementRewards$Deserializer.class:?]
	at net.minecraft.advancements.AdvancementRewards$Deserializer.deserialize(AdvancementRewards.java:180) ~[AdvancementRewards$Deserializer.class:?]
	at com.google.gson.internal.bind.TreeTypeAdapter.read(TreeTypeAdapter.java:69) ~[TreeTypeAdapter.class:?]
	at com.google.gson.Gson.fromJson(Gson.java:887) ~[Gson.class:?]
	at com.google.gson.Gson.fromJson(Gson.java:952) ~[Gson.class:?]
	at com.google.gson.internal.bind.TreeTypeAdapter$GsonContextImpl.deserialize(TreeTypeAdapter.java:162) ~[TreeTypeAdapter$GsonContextImpl.class:?]
	at net.minecraft.util.JsonUtils.deserializeClass(JsonUtils.java:359) ~[JsonUtils.class:?]
	at net.minecraft.util.JsonUtils.deserializeClass(JsonUtils.java:381) ~[JsonUtils.class:?]
	at net.minecraft.advancements.Advancement$Builder.deserialize(Advancement.java:295) ~[Advancement$Builder.class:?]
	at net.minecraft.advancements.AdvancementManager$1.deserialize(AdvancementManager.java:50) ~[AdvancementManager$1.class:?]
	at net.minecraft.advancements.AdvancementManager$1.deserialize(AdvancementManager.java:46) ~[AdvancementManager$1.class:?]
	at com.google.gson.internal.bind.TreeTypeAdapter.read(TreeTypeAdapter.java:69) ~[TreeTypeAdapter.class:?]
	at net.minecraft.util.JsonUtils.gsonDeserialize(JsonUtils.java:435) ~[JsonUtils.class:?]
	at net.minecraft.util.JsonUtils.fromJson(JsonUtils.java:485) ~[JsonUtils.class:?]
	at net.minecraft.advancements.AdvancementManager.loadBuiltInAdvancements(AdvancementManager.java:185) [AdvancementManager.class:?]
	at net.minecraft.advancements.AdvancementManager.reload(AdvancementManager.java:69) [AdvancementManager.class:?]
	at net.minecraft.advancements.AdvancementManager.<init>(AdvancementManager.java:61) [AdvancementManager.class:?]
	at net.minecraft.world.WorldServer.init(WorldServer.java:162) [WorldServer.class:?]
	at net.minecraft.server.integrated.IntegratedServer.loadAllWorlds(IntegratedServer.java:123) [IntegratedServer.class:?]
	at net.minecraft.server.integrated.IntegratedServer.init(IntegratedServer.java:160) [IntegratedServer.class:?]
	at net.minecraft.server.MinecraftServer.run(MinecraftServer.java:550) [MinecraftServer.class:?]
	at java.lang.Thread.run(Thread.java:748) [?:1.8.0_161]
[02:57:23] [Server thread/INFO]: Loaded 467 advancements
[02:57:23] [Server thread/INFO]: Preparing start region for level 0
[02:57:24] [Server thread/INFO]: Preparing spawn area: 21%
[02:57:25] [Server thread/INFO]: Changing view distance to 13, from 10
[02:57:26] [Server thread/INFO]: Player107[local:E:799d6067] logged in with entity id 290 at (-121.05522471518188, 74.0, 46.45532698268092)
[02:57:26] [Server thread/INFO]: Player107 joined the game
[02:57:28] [Server thread/INFO]: Saving and pausing game...
[02:57:28] [Server thread/INFO]: Saving chunks for level 'New World'/overworld
[02:57:29] [pool-2-thread-1/WARN]: Couldn't look up profile properties for com.mojang.authlib.GameProfile@66a85a1[id=eed453d8-1b3a-3fa3-9fc5-1cf433d73521,name=Player107,properties={},legacy=false]
com.mojang.authlib.exceptions.AuthenticationException: The client has sent too many requests within a certain amount of time
	at com.mojang.authlib.yggdrasil.YggdrasilAuthenticationService.makeRequest(YggdrasilAuthenticationService.java:79) ~[YggdrasilAuthenticationService.class:?]
	at com.mojang.authlib.yggdrasil.YggdrasilMinecraftSessionService.fillGameProfile(YggdrasilMinecraftSessionService.java:180) [YggdrasilMinecraftSessionService.class:?]
	at com.mojang.authlib.yggdrasil.YggdrasilMinecraftSessionService$1.load(YggdrasilMinecraftSessionService.java:60) [YggdrasilMinecraftSessionService$1.class:?]
	at com.mojang.authlib.yggdrasil.YggdrasilMinecraftSessionService$1.load(YggdrasilMinecraftSessionService.java:57) [YggdrasilMinecraftSessionService$1.class:?]
	at com.google.common.cache.LocalCache$LoadingValueReference.loadFuture(LocalCache.java:3716) [guava-21.0.jar:?]
	at com.google.common.cache.LocalCache$Segment.loadSync(LocalCache.java:2424) [guava-21.0.jar:?]
	at com.google.common.cache.LocalCache$Segment.lockedGetOrLoad(LocalCache.java:2298) [guava-21.0.jar:?]
	at com.google.common.cache.LocalCache$Segment.get(LocalCache.java:2211) [guava-21.0.jar:?]
	at com.google.common.cache.LocalCache.get(LocalCache.java:4154) [guava-21.0.jar:?]
	at com.google.common.cache.LocalCache.getOrLoad(LocalCache.java:4158) [guava-21.0.jar:?]
	at com.google.common.cache.LocalCache$LocalLoadingCache.get(LocalCache.java:5147) [guava-21.0.jar:?]
	at com.google.common.cache.LocalCache$LocalLoadingCache.getUnchecked(LocalCache.java:5153) [guava-21.0.jar:?]
	at com.mojang.authlib.yggdrasil.YggdrasilMinecraftSessionService.fillProfileProperties(YggdrasilMinecraftSessionService.java:170) [YggdrasilMinecraftSessionService.class:?]
	at net.minecraft.client.Minecraft.getProfileProperties(Minecraft.java:3190) [Minecraft.class:?]
	at net.minecraft.client.resources.SkinManager$3.run(SkinManager.java:138) [SkinManager$3.class:?]
	at java.util.concurrent.Executors$RunnableAdapter.call(Executors.java:511) [?:1.8.0_161]
	at java.util.concurrent.FutureTask.run$$$capture(FutureTask.java:266) [?:1.8.0_161]
	at java.util.concurrent.FutureTask.run(FutureTask.java) [?:1.8.0_161]
	at java.util.concurrent.ThreadPoolExecutor.runWorker(ThreadPoolExecutor.java:1149) [?:1.8.0_161]
	at java.util.concurrent.ThreadPoolExecutor$Worker.run(ThreadPoolExecutor.java:624) [?:1.8.0_161]
	at java.lang.Thread.run(Thread.java:748) [?:1.8.0_161]
[02:57:29] [main/INFO]: [CHAT] This server is in BETA, please report any issues and suggestions on the discord.
[02:57:29] [Server thread/INFO]: Saving chunks for level 'New World'/the_nether
[02:57:29] [Server thread/INFO]: Saving chunks for level 'New World'/the_end
[02:57:29] [Server thread/WARN]: Can't keep up! Did the system time change, or is the server overloaded? Running 2082ms behind, skipping 41 tick(s)
[02:57:37] [main/INFO]: [CHAT] You are now MELINIAS
[02:57:44] [main/INFO]: Loaded 7 advancements
[02:57:59] [main/INFO]: [CHAT] There is no such item with name minecraft:cooked_steak
[02:58:00] [main/INFO]: [CHAT] There is no such item with name minecraft:cooked_steak
[02:58:03] [Server thread/INFO]: [Player107: Given [Steak] * 1 to Player107]
[02:58:03] [main/INFO]: [CHAT] Given [Steak] * 1 to Player107
[02:58:03] [Server thread/INFO]: [Player107: Given [Steak] * 1 to Player107]
[02:58:03] [main/INFO]: [CHAT] Given [Steak] * 1 to Player107
[02:58:04] [Server thread/INFO]: [Player107: Given [Steak] * 1 to Player107]
[02:58:04] [main/INFO]: [CHAT] Given [Steak] * 1 to Player107
[02:58:04] [Server thread/INFO]: [Player107: Given [Steak] * 1 to Player107]
[02:58:04] [main/INFO]: [CHAT] Given [Steak] * 1 to Player107
[02:58:06] [main/INFO]: Loaded 14 advancements
[02:59:00] [Server thread/INFO]: Saving and pausing game...
[02:59:00] [Server thread/INFO]: Saving chunks for level 'New World'/overworld
[02:59:00] [Server thread/INFO]: Saving chunks for level 'New World'/the_nether
[02:59:00] [Server thread/INFO]: Saving chunks for level 'New World'/the_end
[02:59:39] [Server thread/INFO]: Saving and pausing game...
[02:59:39] [Server thread/INFO]: Saving chunks for level 'New World'/overworld
[02:59:39] [Server thread/INFO]: Saving chunks for level 'New World'/the_nether
[02:59:39] [Server thread/INFO]: Saving chunks for level 'New World'/the_end
[02:59:43] [main/INFO]: [CHAT] You are now ASANA
[02:59:58] [Server thread/INFO]: [Player107: Object successfully summoned]
[02:59:58] [main/INFO]: [CHAT] Object successfully summoned
[02:59:58] [Server thread/INFO]: [Player107: Object successfully summoned]
[02:59:58] [main/INFO]: [CHAT] Object successfully summoned
[02:59:58] [Server thread/INFO]: [Player107: Object successfully summoned]
[02:59:58] [main/INFO]: [CHAT] Object successfully summoned
[02:59:59] [Server thread/INFO]: [Player107: Object successfully summoned]
[02:59:59] [main/INFO]: [CHAT] Object successfully summoned
[02:59:59] [Server thread/INFO]: [Player107: Object successfully summoned]
[02:59:59] [main/INFO]: [CHAT] Object successfully summoned
[02:59:59] [Server thread/INFO]: [Player107: Object successfully summoned]
[02:59:59] [main/INFO]: [CHAT] Object successfully summoned
[02:59:59] [Server thread/INFO]: [Player107: Object successfully summoned]
[02:59:59] [main/INFO]: [CHAT] Object successfully summoned
[03:00:00] [Server thread/INFO]: [Player107: Object successfully summoned]
[03:00:00] [main/INFO]: [CHAT] Object successfully summoned
[03:00:00] [Server thread/INFO]: [Player107: Object successfully summoned]
[03:00:00] [main/INFO]: [CHAT] Object successfully summoned
[03:00:00] [Server thread/INFO]: [Player107: Object successfully summoned]
[03:00:00] [main/INFO]: [CHAT] Object successfully summoned
[03:00:00] [Server thread/INFO]: [Player107: Object successfully summoned]
[03:00:00] [main/INFO]: [CHAT] Object successfully summoned
[03:00:01] [Server thread/INFO]: [Player107: Object successfully summoned]
[03:00:01] [main/INFO]: [CHAT] Object successfully summoned
[03:00:01] [Server thread/INFO]: [Player107: Object successfully summoned]
[03:00:01] [main/INFO]: [CHAT] Object successfully summoned
[03:00:01] [Server thread/INFO]: [Player107: Object successfully summoned]
[03:00:01] [main/INFO]: [CHAT] Object successfully summoned
[03:00:01] [Server thread/INFO]: [Player107: Object successfully summoned]
[03:00:01] [main/INFO]: [CHAT] Object successfully summoned
[03:00:02] [Server thread/INFO]: [Player107: Object successfully summoned]
[03:00:02] [main/INFO]: [CHAT] Object successfully summoned
[03:00:02] [Server thread/INFO]: [Player107: Object successfully summoned]
[03:00:02] [main/INFO]: [CHAT] Object successfully summoned
[03:00:02] [Server thread/INFO]: [Player107: Object successfully summoned]
[03:00:02] [main/INFO]: [CHAT] Object successfully summoned
[03:00:03] [Server thread/INFO]: [Player107: Object successfully summoned]
[03:00:03] [main/INFO]: [CHAT] Object successfully summoned
[03:00:26] [Server thread/INFO]: [Player107: You removed perk FelixiaIntimidation for Player107]
[03:00:26] [main/INFO]: [CHAT] You removed perk FelixiaIntimidation for Player107
[03:00:41] [Server thread/INFO]: [Player107: Object successfully summoned]
[03:00:41] [main/INFO]: [CHAT] Object successfully summoned
[03:00:42] [Server thread/INFO]: [Player107: Object successfully summoned]
[03:00:43] [main/INFO]: [CHAT] Object successfully summoned
[03:00:43] [Server thread/INFO]: [Player107: Object successfully summoned]
[03:00:43] [main/INFO]: [CHAT] Object successfully summoned
[03:00:43] [Server thread/INFO]: [Player107: Object successfully summoned]
[03:00:43] [main/INFO]: [CHAT] Object successfully summoned
[03:00:43] [Server thread/INFO]: [Player107: Object successfully summoned]
[03:00:43] [main/INFO]: [CHAT] Object successfully summoned
[03:00:44] [Server thread/INFO]: [Player107: Object successfully summoned]
[03:00:44] [main/INFO]: [CHAT] Object successfully summoned
[03:00:44] [Server thread/INFO]: [Player107: Object successfully summoned]
[03:00:44] [main/INFO]: [CHAT] Object successfully summoned
[03:00:44] [Server thread/INFO]: [Player107: Object successfully summoned]
[03:00:44] [main/INFO]: [CHAT] Object successfully summoned
[03:00:44] [Server thread/INFO]: [Player107: Object successfully summoned]
[03:00:44] [main/INFO]: [CHAT] Object successfully summoned
[03:00:45] [Server thread/INFO]: [Player107: Object successfully summoned]
[03:00:45] [main/INFO]: [CHAT] Object successfully summoned
[03:00:45] [Server thread/INFO]: [Player107: Object successfully summoned]
[03:00:45] [main/INFO]: [CHAT] Object successfully summoned
[03:00:45] [Server thread/INFO]: [Player107: Object successfully summoned]
[03:00:45] [main/INFO]: [CHAT] Object successfully summoned
[03:00:54] [main/INFO]: Loaded 15 advancements
[03:00:59] [main/INFO]: [CHAT] You are now FELIXIA
[03:01:05] [main/INFO]: [CHAT] You are now KASAI
[03:01:33] [Server thread/INFO]: [Player107: You removed perk LilasiaNoMobs for Player107]
[03:01:33] [main/INFO]: [CHAT] You removed perk LilasiaNoMobs for Player107
[03:01:46] [main/INFO]: [CHAT] You are now ASANA
[03:02:05] [main/INFO]: [CHAT] You are now ELIANA
[03:03:32] [main/INFO]: [CHAT] You are now ELIANA
[03:03:34] [Server thread/INFO]: Saving and pausing game...
[03:03:34] [Server thread/INFO]: Saving chunks for level 'New World'/overworld
[03:03:34] [Server thread/INFO]: Saving chunks for level 'New World'/the_nether
[03:03:34] [Server thread/INFO]: Saving chunks for level 'New World'/the_end
[03:03:36] [main/INFO]: [CHAT] You are now ELIANA
[03:03:47] [main/INFO]: Warning: Clientside chunk ticking took 1395 ms
[03:03:48] [Server thread/WARN]: Can't keep up! Did the system time change, or is the server overloaded? Running 12132ms behind, skipping 242 tick(s)
[03:03:49] [Server thread/INFO]: Saving and pausing game...
[03:03:49] [Server thread/INFO]: Saving chunks for level 'New World'/overworld
[03:03:49] [Server thread/INFO]: Saving chunks for level 'New World'/the_nether
[03:03:49] [Server thread/INFO]: Saving chunks for level 'New World'/the_end
[03:04:17] [main/INFO]: [CHAT] You are now ELIANA
[03:04:17] [Server thread/INFO]: Player107 has reached the goal [Sky's the Limit]
[03:04:17] [main/INFO]: [CHAT] Player107 has reached the goal [Sky's the Limit]
[03:04:17] [main/INFO]: Loaded 20 advancements
[03:04:26] [main/INFO]: [CHAT] You are now ELIANA
[03:04:34] [main/INFO]: [CHAT] You are now ELIANA
[03:04:51] [Server thread/INFO]: [Player107: Cleared the inventory of Player107, removing 1 items]
[03:04:51] [main/INFO]: [CHAT] Cleared the inventory of Player107, removing 1 items
[03:04:56] [main/INFO]: [CHAT] You are now ASANA
[03:05:00] [main/INFO]: [CHAT] You are now ELIANA
[03:05:14] [Server thread/WARN]: Can't keep up! Did the system time change, or is the server overloaded? Running 3004ms behind, skipping 60 tick(s)
[03:05:47] [Server thread/WARN]: Can't keep up! Did the system time change, or is the server overloaded? Running 3454ms behind, skipping 69 tick(s)
[03:06:44] [Server thread/WARN]: Can't keep up! Did the system time change, or is the server overloaded? Running 2005ms behind, skipping 40 tick(s)
[03:06:54] [main/INFO]: [CHAT] You are now RAIKA
[03:07:00] [Server thread/INFO]: [Player107: Cleared the inventory of Player107, removing 1 items]
[03:07:00] [main/INFO]: [CHAT] Cleared the inventory of Player107, removing 1 items
[03:07:01] [main/INFO]: [CHAT] You are now ELIANA
[03:07:04] [Server thread/INFO]: [Player107: Cleared the inventory of Player107, removing 1 items]
[03:07:04] [main/INFO]: [CHAT] Cleared the inventory of Player107, removing 1 items
[03:07:06] [main/INFO]: [CHAT] You are now RAIKA
[03:07:16] [main/INFO]: [CHAT] 5You have gained a level in UNARMED. (1->2)
[03:07:16] [Server thread/INFO]: Player107 has made the advancement [Monster Hunter]
[03:07:16] [main/INFO]: [CHAT] Player107 has made the advancement [Monster Hunter]
[03:07:16] [main/INFO]: Loaded 30 advancements
[03:07:26] [Server thread/INFO]: [Player107: Object successfully summoned]
[03:07:26] [main/INFO]: [CHAT] Object successfully summoned
[03:07:59] [Server thread/INFO]: Player107 was blown up by Creeper
[03:07:59] [main/INFO]: [CHAT] Player107 was blown up by Creeper
[03:08:04] [main/INFO]: [CHAT] You are now RAIKA
[03:08:17] [main/INFO]: [CHAT] You are now RAIKA
[03:08:19] [main/INFO]: [CHAT] 5You have gained a level in UNARMED. (0->1)
[03:08:20] [Server thread/INFO]: Saving and pausing game...
[03:08:20] [Server thread/INFO]: Saving chunks for level 'New World'/overworld
[03:08:20] [Server thread/INFO]: Saving chunks for level 'New World'/the_nether
[03:08:20] [Server thread/INFO]: Saving chunks for level 'New World'/the_end
[03:08:22] [Server thread/INFO]: Saving and pausing game...
[03:08:23] [Server thread/INFO]: Saving chunks for level 'New World'/overworld
[03:08:23] [Server thread/INFO]: Saving chunks for level 'New World'/the_nether
[03:08:23] [Server thread/INFO]: Saving chunks for level 'New World'/the_end
[03:08:26] [main/INFO]: Loaded 30 advancements
[03:08:44] [Server thread/INFO]: Player107 was blown up by Creeper
[03:08:44] [main/INFO]: [CHAT] Player107 was blown up by Creeper
[03:08:48] [Server thread/INFO]: Saving and pausing game...
[03:08:48] [Server thread/INFO]: Saving chunks for level 'New World'/overworld
[03:08:48] [Server thread/INFO]: Saving chunks for level 'New World'/the_nether
[03:08:48] [Server thread/INFO]: Saving chunks for level 'New World'/the_end
[03:08:49] [main/INFO]: Stopping!
[03:08:49] [Server thread/INFO]: Stopping server
[03:08:49] [Server thread/INFO]: Saving players
[03:08:49] [Server thread/INFO]: Saving worlds
[03:08:49] [Server thread/INFO]: Saving chunks for level 'New World'/overworld
[03:08:49] [Server thread/INFO]: Saving chunks for level 'New World'/the_nether
[03:08:49] [Server thread/INFO]: Saving chunks for level 'New World'/the_end
[03:08:49] [main/INFO]: SoundSystem shutting down...
[03:08:50] [main/WARN]: Author: Paul Lamb, www.paulscode.com
